[+] Containers:
 |- [+] Container: /Game/FirstPerson/Maps/FirstPersonMap
 |   |- [+] ActorDescs:
 |   |   |- Guid:2BD0D36E47EE378BAB5D65B0324E81DB BaseClass: NativeClass:/Script/Engine.PointLight Name:PointLight_UAID_2CF05D55C5C3BCAC01_1888529954 Label:PointLight2 SpatiallyLoaded:1 Bounds:IsValid=true, Min=(X=2953.580 Y=-2001.747 Z=-170.196), Max=(X=4250.295 Y=-705.032 Z=1126.519) RuntimeGrid:None EditorOnly:0 RuntimeOnly:0 HLODRelevant:0 FolderPath:Luces FolderGuid:E7AE34A940FA1042BCE2A0B5F73779B3
 |   |   |- Guid:320EFE8B4AA39F3C1659F39AFC8C7311 BaseClass: NativeClass:/Script/Engine.StaticMeshActor Name:StaticMeshActor_UAID_2CF05D55C5C3F1B201_1123543543 Label:mesa_TV SpatiallyLoaded:1 Bounds:IsValid=true, Min=(X=2080.079 Y=-963.970 Z=125.540), Max=(X=2302.815 Y=-785.189 Z=302.980) RuntimeGrid:None EditorOnly:0 RuntimeOnly:0 HLODRelevant:1 FolderPath:Modelos FolderGuid:8A1D634B4ACF00FA9994A9AA24CDB74F
 |   |   |- Guid:37D1F3704576350DB813FDAFA18BDD87 BaseClass: NativeClass:/Script/Engine.StaticMeshActor Name:StaticMeshActor_UAID_2CF05D55C5C353AC01_1091490577 Label:Sillas SpatiallyLoaded:1 Bounds:IsValid=true, Min=(X=1037.393 Y=-784.239 Z=-0.249), Max=(X=3334.189 Y=417.782 Z=288.480) RuntimeGrid:None EditorOnly:0 RuntimeOnly:0 HLODRelevant:1 FolderPath:Modelos FolderGuid:8A1D634B4ACF00FA9994A9AA24CDB74F
 |   |   |- Guid:38D8F019443A58058C0E2F848D05CEFA BaseClass: NativeClass:/Script/Engine.SpotLight Name:SpotLight_UAID_2CF05D55C5C3B7AC01_1763966099 Label:SpotLight2 SpatiallyLoaded:1 Bounds:IsValid=true, Min=(X=1492.748 Y=196.437 Z=-433.019), Max=(X=2862.398 Y=1566.087 Z=936.632) RuntimeGrid:None EditorOnly:0 RuntimeOnly:0 HLODRelevant:0 FolderPath:Luces FolderGuid:E7AE34A940FA1042BCE2A0B5F73779B3
 |   |   |- Guid:49D6B1044F06CDAB531424950D8215F4 BaseClass: NativeClass:/Script/Engine.StaticMeshActor Name:StaticMeshActor_UAID_2CF05D55C5C3B7AC01_1565806097 Label:LucesCompletas SpatiallyLoaded:1 Bounds:IsValid=true, Min=(X=1548.203 Y=481.088 Z=821.968), Max=(X=2622.345 Y=565.735 Z=963.106) RuntimeGrid:None EditorOnly:0 RuntimeOnly:0 HLODRelevant:1 FolderPath:Modelos FolderGuid:8A1D634B4ACF00FA9994A9AA24CDB74F
 |   |   |- Guid:4F7B03C44AFC27D01CB38EB99BBD7FED BaseClass: NativeClass:/Script/Engine.SpotLight Name:SpotLight_UAID_2CF05D55C5C3B7AC01_1836985103 Label:SpotLight6 SpatiallyLoaded:1 Bounds:IsValid=true, Min=(X=1688.405 Y=115.512 Z=-321.843), Max=(X=2891.405 Y=1318.513 Z=881.157) RuntimeGrid:None EditorOnly:0 RuntimeOnly:0 HLODRelevant:0 FolderPath:Luces FolderGuid:E7AE34A940FA1042BCE2A0B5F73779B3
 |   |   |- Guid:533438474C06DC60F397DC8BCE8665A2 BaseClass: NativeClass:/Script/Engine.StaticMeshActor Name:StaticMeshActor_UAID_2CF05D55C5C3B2AC01_1139939168 Label:Techo SpatiallyLoaded:1 Bounds:IsValid=true, Min=(X=503.611 Y=-1561.386 Z=843.066), Max=(X=3866.622 Y=1144.863 Z=1100.863) RuntimeGrid:None EditorOnly:0 RuntimeOnly:0 HLODRelevant:1 FolderPath:Modelos FolderGuid:8A1D634B4ACF00FA9994A9AA24CDB74F
 |   |   |- Guid:551424FA4BCE0F5721D1588E3439F65A BaseClass: NativeClass:/Script/Engine.StaticMeshActor Name:StaticMeshActor_UAID_2CF05D55C5C3B2AC01_1734620187 Label:CurvedLight SpatiallyLoaded:1 Bounds:IsValid=true, Min=(X=1736.984 Y=476.489 Z=847.229), Max=(X=1736.984 Y=476.489 Z=847.229) RuntimeGrid:None EditorOnly:0 RuntimeOnly:0 HLODRelevant:0 FolderPath:Modelos FolderGuid:8A1D634B4ACF00FA9994A9AA24CDB74F
 |   |   |- Guid:5FE7584649BB6F09265329A6C57CFD0D BaseClass: NativeClass:/Script/Engine.VolumetricCloud Name:VolumetricCloud_0 Label:VolumetricCloud SpatiallyLoaded:0 Bounds:IsValid=true, Min=(X=0.000 Y=0.000 Z=820.000), Max=(X=0.000 Y=0.000 Z=820.000) RuntimeGrid:None EditorOnly:0 RuntimeOnly:0 HLODRelevant:0 FolderPath:Lighting FolderGuid:0BA5F0A04EADB18E70D5B180D08FA34B
 |   |   |- Guid:61391D344900612A77DFC3BA3E354907 BaseClass: NativeClass:/Script/Engine.ExponentialHeightFog Name:ExponentialHeightFog_0 Label:ExponentialHeightFog SpatiallyLoaded:0 Bounds:IsValid=true, Min=(X=-5600.000 Y=-50.000 Z=-6850.000), Max=(X=-5600.000 Y=-50.000 Z=-6850.000) RuntimeGrid:None EditorOnly:0 RuntimeOnly:0 HLODRelevant:0 FolderPath:Lighting FolderGuid:0BA5F0A04EADB18E70D5B180D08FA34B
 |   |   |- Guid:637006DA41A8BEE567727F9523A84323 BaseClass: NativeClass:/Script/Engine.PostProcessVolume Name:PostProcessVolume_UAID_2CF05D55C5C3B0AF01_1834282936 Label:PostProcessVolumeRight2 SpatiallyLoaded:1 Bounds:IsValid=true, Min=(X=1066.854 Y=-921.969 Z=-15.112), Max=(X=3329.354 Y=403.031 Z=684.888) RuntimeGrid:None EditorOnly:0 RuntimeOnly:0 HLODRelevant:0 FolderPath:Lighting FolderGuid:0BA5F0A04EADB18E70D5B180D08FA34B
 |   |   |- Guid:6A6F60D44EF5208ABE064B9E1CB66C2E BaseClass: NativeClass:/Script/Engine.PostProcessVolume Name:PostProcessVolume_UAID_2CF05D55C5C3B0AF01_1720199935 Label:PostProcessVolumeRight2 SpatiallyLoaded:1 Bounds:IsValid=true, Min=(X=578.190 Y=-162.911 Z=-15.111), Max=(X=1228.190 Y=1124.589 Z=684.889) RuntimeGrid:None EditorOnly:0 RuntimeOnly:0 HLODRelevant:0 FolderPath:Lighting FolderGuid:0BA5F0A04EADB18E70D5B180D08FA34B
 |   |   |- Guid:6FEFB3BD4EB37B849EF0D4AC80F83855 BaseClass: NativeClass:/Script/Engine.WorldDataLayers Name:WorldDataLayers Label:WorldDataLayers SpatiallyLoaded:0 Bounds:IsValid=true, Min=(X=0.000 Y=0.000 Z=0.000), Max=(X=0.000 Y=0.000 Z=0.000) RuntimeGrid:None EditorOnly:0 RuntimeOnly:0 HLODRelevant:0
 |   |   |- Guid:7319960D41BC2D3D704600B46217CB1C BaseClass: NativeClass:/Script/Engine.PointLight Name:PointLight_UAID_2CF05D55C5C3BCAC01_1806735953 Label:PointLight SpatiallyLoaded:1 Bounds:IsValid=true, Min=(X=106.952 Y=-2079.698 Z=-170.196), Max=(X=1403.667 Y=-782.983 Z=1126.519) RuntimeGrid:None EditorOnly:0 RuntimeOnly:0 HLODRelevant:0 FolderPath:Luces FolderGuid:E7AE34A940FA1042BCE2A0B5F73779B3
 |   |   |- Guid:84FC10464ADE6B9507C9389982CD6624 BaseClass: NativeClass:/Script/Engine.StaticMeshActor Name:StaticMeshActor_UAID_2CF05D55C5C3B2AC01_1389943172 Label:TeatroCompleto SpatiallyLoaded:1 Bounds:IsValid=true, Min=(X=366.568 Y=-1551.703 Z=-29.914), Max=(X=3888.417 Y=1269.948 Z=1067.108) RuntimeGrid:None EditorOnly:0 RuntimeOnly:0 HLODRelevant:1 FolderPath:Modelos FolderGuid:8A1D634B4ACF00FA9994A9AA24CDB74F
 |   |   |- Guid:8D782E8B44352FA1EFA6FCA4CF6CBBAA BaseClass: NativeClass:/Script/Engine.StaticMeshActor Name:StaticMeshActor_UAID_2CF05D55C5C3F2B201_1075443729 Label:smarttv_smart-tv2 SpatiallyLoaded:1 Bounds:IsValid=true, Min=(X=2018.870 Y=-902.497 Z=301.494), Max=(X=2365.914 Y=-869.611 Z=496.510) RuntimeGrid:None EditorOnly:0 RuntimeOnly:0 HLODRelevant:1 FolderPath:Modelos FolderGuid:8A1D634B4ACF00FA9994A9AA24CDB74F
 |   |   |- Guid:9B81FBCC48C9FFFDEFED448E15E12662 BaseClass: NativeClass:/Script/Engine.StaticMeshActor Name:StaticMeshActor_UAID_2CF05D55C5C3AEAC01_1601018476 Label:Plastic_Water_Bottle_Full_Bottle SpatiallyLoaded:1 Bounds:IsValid=true, Min=(X=2274.454 Y=767.341 Z=248.886), Max=(X=2282.174 Y=775.053 Z=275.711) RuntimeGrid:None EditorOnly:0 RuntimeOnly:0 HLODRelevant:0 FolderPath:Modelos FolderGuid:8A1D634B4ACF00FA9994A9AA24CDB74F
 |   |   |- Guid:9BE5C2504B74657F3E11EF982DFB3E6C BaseClass: NativeClass:/Script/Engine.StaticMeshActor Name:StaticMeshActor_UAID_2CF05D55C5C3AEAC01_1189711473 Label:Mesa SpatiallyLoaded:1 Bounds:IsValid=true, Min=(X=2255.712 Y=740.103 Z=99.831), Max=(X=2311.350 Y=795.741 Z=258.625) RuntimeGrid:None EditorOnly:0 RuntimeOnly:0 HLODRelevant:1 FolderPath:Modelos FolderGuid:8A1D634B4ACF00FA9994A9AA24CDB74F
 |   |   |- Guid:A302308E48DE6247136AB6A727CAAC61 BaseClass: NativeClass:/Script/Engine.StaticMeshActor Name:StaticMeshActor_UAID_2CF05D55C5C3ADAC01_1695312294 Label:Cortinas SpatiallyLoaded:1 Bounds:IsValid=true, Min=(X=993.970 Y=485.826 Z=10.752), Max=(X=3381.937 Y=605.138 Z=964.907) RuntimeGrid:None EditorOnly:0 RuntimeOnly:0 HLODRelevant:1 FolderPath:Modelos FolderGuid:8A1D634B4ACF00FA9994A9AA24CDB74F
 |   |   |- Guid:A354B1B24E617A525DC6B48CCDE2417E BaseClass: NativeClass:/Script/Engine.PlayerStart Name:PlayerStart_0 Label:PlayerStart SpatiallyLoaded:0 Bounds:IsValid=true, Min=(X=860.000 Y=853.322 Z=57.527), Max=(X=940.000 Y=933.322 Z=241.527) RuntimeGrid:None EditorOnly:0 RuntimeOnly:0 HLODRelevant:0
 |   |   |- Guid:B2D147EA4CFA8B69A9AE3AAD84B25FBE BaseClass: NativeClass:/Script/Engine.StaticMeshActor Name:StaticMeshActor_UAID_2CF05D55C5C3AEAC01_1601034477 Label:Plastic_Water_Bottle_Full_BottleCap SpatiallyLoaded:1 Bounds:IsValid=true, Min=(X=2288.651 Y=769.412 Z=248.785), Max=(X=2292.220 Y=772.982 Z=250.799) RuntimeGrid:None EditorOnly:0 RuntimeOnly:0 HLODRelevant:1 FolderPath:Modelos FolderGuid:8A1D634B4ACF00FA9994A9AA24CDB74F
 |   |   |- Guid:B7E86557441DB1AE022EA293AF042303 BaseClass: NativeClass:/Script/Engine.StaticMeshActor Name:StaticMeshActor_UAID_2CF05D55C5C3F1B201_1217745548 Label:smarttv_smart-tv SpatiallyLoaded:1 Bounds:IsValid=true, Min=(X=2191.625 Y=-873.428 Z=308.238), Max=(X=2191.625 Y=-873.428 Z=308.238) RuntimeGrid:None EditorOnly:0 RuntimeOnly:0 HLODRelevant:0 FolderPath:Modelos FolderGuid:8A1D634B4ACF00FA9994A9AA24CDB74F
 |   |   |- Guid:C0C56B9644AE3D40CAFF6A878DB29844 BaseClass: NativeClass:/Script/Engine.StaticMeshActor Name:StaticMeshActor_UAID_A4AE111137DC5EFB00_2001720423 Label:SM_SkySphere SpatiallyLoaded:0 Bounds:IsValid=true, Min=(X=-1638400.000 Y=-1638400.000 Z=-1638400.000), Max=(X=1638400.000 Y=1638400.000 Z=1638400.000) RuntimeGrid:None EditorOnly:0 RuntimeOnly:0 HLODRelevant:1 FolderPath:Lighting FolderGuid:0BA5F0A04EADB18E70D5B180D08FA34B
 |   |   |- Guid:C22CE07C4B87D685137FDBBC10FC92C6 BaseClass: NativeClass:/Script/Engine.SkyAtmosphere Name:SkyAtmosphere_0 Label:SkyAtmosphere SpatiallyLoaded:0 Bounds:IsValid=true, Min=(X=0.000 Y=0.000 Z=1020.000), Max=(X=0.000 Y=0.000 Z=1020.000) RuntimeGrid:None EditorOnly:0 RuntimeOnly:0 HLODRelevant:0 FolderPath:Lighting FolderGuid:0BA5F0A04EADB18E70D5B180D08FA34B
 |   |   |- Guid:C68E309C411BE01451F24D9BCD64A42A BaseClass: NativeClass:/Script/Engine.SpotLight Name:SpotLight_UAID_2CF05D55C5C3B7AC01_1622636098 Label:SpotLight SpatiallyLoaded:1 Bounds:IsValid=true, Min=(X=1759.269 Y=120.459 Z=-716.571), Max=(X=3432.830 Y=1794.020 Z=956.990) RuntimeGrid:None EditorOnly:0 RuntimeOnly:0 HLODRelevant:0 FolderPath:Luces FolderGuid:E7AE34A940FA1042BCE2A0B5F73779B3
 |   |   |- Guid:C7EF59FB44877E219DE9B78CF74EF972 BaseClass: NativeClass:/Script/Engine.StaticMeshActor Name:StaticMeshActor_UAID_2CF05D55C5C3B1AF01_1435633125 Label:LucesDeTecho SpatiallyLoaded:1 Bounds:IsValid=true, Min=(X=1308.821 Y=-1105.653 Z=955.985), Max=(X=3086.721 Y=102.570 Z=959.110) RuntimeGrid:None EditorOnly:0 RuntimeOnly:0 HLODRelevant:1 FolderPath:Modelos FolderGuid:8A1D634B4ACF00FA9994A9AA24CDB74F
 |   |   |- Guid:CE8D82634660FCDB3120E2B8D547C533 BaseClass: NativeClass:/Script/Engine.PostProcessVolume Name:PostProcessVolume_0 Label:PostProcessVolume SpatiallyLoaded:0 Bounds:IsValid=true, Min=(X=323.572 Y=-1705.903 Z=6.250), Max=(X=3573.572 Y=1394.097 Z=993.750) RuntimeGrid:None EditorOnly:0 RuntimeOnly:0 HLODRelevant:0 FolderPath:Lighting FolderGuid:0BA5F0A04EADB18E70D5B180D08FA34B
 |   |   |- Guid:D08C36B5484F2B007A48D5A468448215 BaseClass: NativeClass:/Script/Engine.StaticMeshActor Name:StaticMeshActor_UAID_2CF05D55C5C3ADAC01_1789639296 Label:TarimaCompleta SpatiallyLoaded:1 Bounds:IsValid=true, Min=(X=1207.615 Y=570.000 Z=-0.000), Max=(X=3173.330 Y=1130.000 Z=100.000) RuntimeGrid:None EditorOnly:0 RuntimeOnly:0 HLODRelevant:1 FolderPath:Modelos FolderGuid:8A1D634B4ACF00FA9994A9AA24CDB74F
 |   |   |- Guid:DCBC04374F7253E8E4FC30BC509AB594 BaseClass: NativeClass:/Script/Engine.StaticMeshActor Name:StaticMeshActor_UAID_2CF05D55C5C3F1B201_1304915550 Label:Control SpatiallyLoaded:1 Bounds:IsValid=true, Min=(X=2103.882 Y=-847.029 Z=296.467), Max=(X=2140.262 Y=-807.204 Z=311.898) RuntimeGrid:None EditorOnly:0 RuntimeOnly:0 HLODRelevant:1
 |   |   |- Guid:E5320C1B4FD9764CE7B54D8487AEC613 BaseClass: NativeClass:/Script/Engine.SkyLight Name:SkyLight_0 Label:SkyLight SpatiallyLoaded:0 Bounds:IsValid=true, Min=(X=0.000 Y=0.000 Z=690.000), Max=(X=0.000 Y=0.000 Z=690.000) RuntimeGrid:None EditorOnly:0 RuntimeOnly:0 HLODRelevant:0 FolderPath:Lighting FolderGuid:0BA5F0A04EADB18E70D5B180D08FA34B
 |   |   |- Guid:EE66F4454A4A9F99393F559AB739C05E BaseClass:/Game/FirstPerson/Blueprints/BP_Pickup_Rifle.BP_Pickup_Rifle_C NativeClass:/Script/Engine.Actor Name:BP_Rifle_C_1 Label:BP_Pickup_Rifle SpatiallyLoaded:1 Bounds:IsValid=true, Min=(X=2118.000 Y=608.000 Z=218.197), Max=(X=2182.000 Y=697.440 Z=282.197) RuntimeGrid:None EditorOnly:0 RuntimeOnly:0 HLODRelevant:0
 |   |   |- Guid:F0A2C46549F6127C4397EEA7C45F47BC BaseClass: NativeClass:/Script/Engine.StaticMeshActor Name:StaticMeshActor_UAID_2CF05D55C5C3BCAC01_1720131952 Label:LucesPasillosCompletas SpatiallyLoaded:1 Bounds:IsValid=true, Min=(X=1671.073 Y=-720.521 Z=-0.697), Max=(X=2710.812 Y=281.088 Z=124.168) RuntimeGrid:None EditorOnly:0 RuntimeOnly:0 HLODRelevant:1 FolderPath:Luces FolderGuid:E7AE34A940FA1042BCE2A0B5F73779B3
 |   |   |- Guid:F31551A241B92C8C13A77EA2EBC23FCB BaseClass: NativeClass:/Script/Engine.PostProcessVolume Name:PostProcessVolume_UAID_2CF05D55C5C3BCAC01_1257934939 Label:PostProcessVolumeRight SpatiallyLoaded:1 Bounds:IsValid=true, Min=(X=3050.325 Y=553.836 Z=-15.112), Max=(X=3525.325 Y=1128.836 Z=684.888) RuntimeGrid:None EditorOnly:0 RuntimeOnly:0 HLODRelevant:0 FolderPath:Lighting FolderGuid:0BA5F0A04EADB18E70D5B180D08FA34B
 |   |   |- Guid:F5B990414388E5B2FA84629790B65844 BaseClass: NativeClass:/Script/Engine.StaticMeshActor Name:StaticMeshActor_UAID_2CF05D55C5C3F2B201_1075458730 Label:Control SpatiallyLoaded:1 Bounds:IsValid=true, Min=(X=2106.632 Y=-853.989 Z=301.968), Max=(X=2143.012 Y=-814.163 Z=317.399) RuntimeGrid:None EditorOnly:0 RuntimeOnly:0 HLODRelevant:1 FolderPath:Modelos FolderGuid:8A1D634B4ACF00FA9994A9AA24CDB74F
 |   |   |- Guid:F80621C9446867154938FE81375207DA BaseClass: NativeClass:/Script/Engine.DirectionalLight Name:DirectionalLight_1 Label:DirectionalLight SpatiallyLoaded:0 Bounds:IsValid=true, Min=(X=-4398046511104.000 Y=-4398046511104.000 Z=-4398046511104.000), Max=(X=4398046511104.000 Y=4398046511104.000 Z=4398046511104.000) RuntimeGrid:None EditorOnly:0 RuntimeOnly:0 HLODRelevant:0 FolderPath:Lighting FolderGuid:0BA5F0A04EADB18E70D5B180D08FA34B
 |   |   |- Guid:FD35D2144BC5DA23CC1526B4BF94B08C BaseClass: NativeClass:/Script/Engine.SpotLight Name:SpotLight_UAID_2CF05D55C5C3B7AC01_1775529100 Label:SpotLight3 SpatiallyLoaded:1 Bounds:IsValid=true, Min=(X=-240.360 Y=-459.652 Z=-2881.576), Max=(X=3753.646 Y=3534.354 Z=1112.430) RuntimeGrid:None EditorOnly:0 RuntimeOnly:0 HLODRelevant:0 FolderPath:Luces FolderGuid:E7AE34A940FA1042BCE2A0B5F73779B3
 |   |- [+] Clusters:
 |   |   |- [+] [  0]
 |   |   |   |- Guid:49D6B1044F06CDAB531424950D8215F4 BaseClass: NativeClass:/Script/Engine.StaticMeshActor Name:StaticMeshActor_UAID_2CF05D55C5C3B7AC01_1565806097 Label:LucesCompletas SpatiallyLoaded:1 Bounds:IsValid=true, Min=(X=1548.203 Y=481.088 Z=821.968), Max=(X=2622.345 Y=565.735 Z=963.106) RuntimeGrid:None EditorOnly:0 RuntimeOnly:0 HLODRelevant:1 FolderPath:Modelos FolderGuid:8A1D634B4ACF00FA9994A9AA24CDB74F
 |   |   |- [+] [  1]
 |   |   |   |- Guid:61391D344900612A77DFC3BA3E354907 BaseClass: NativeClass:/Script/Engine.ExponentialHeightFog Name:ExponentialHeightFog_0 Label:ExponentialHeightFog SpatiallyLoaded:0 Bounds:IsValid=true, Min=(X=-5600.000 Y=-50.000 Z=-6850.000), Max=(X=-5600.000 Y=-50.000 Z=-6850.000) RuntimeGrid:None EditorOnly:0 RuntimeOnly:0 HLODRelevant:0 FolderPath:Lighting FolderGuid:0BA5F0A04EADB18E70D5B180D08FA34B
 |   |   |- [+] [  2]
 |   |   |   |- Guid:5FE7584649BB6F09265329A6C57CFD0D BaseClass: NativeClass:/Script/Engine.VolumetricCloud Name:VolumetricCloud_0 Label:VolumetricCloud SpatiallyLoaded:0 Bounds:IsValid=true, Min=(X=0.000 Y=0.000 Z=820.000), Max=(X=0.000 Y=0.000 Z=820.000) RuntimeGrid:None EditorOnly:0 RuntimeOnly:0 HLODRelevant:0 FolderPath:Lighting FolderGuid:0BA5F0A04EADB18E70D5B180D08FA34B
 |   |   |- [+] [  3]
 |   |   |   |- Guid:F80621C9446867154938FE81375207DA BaseClass: NativeClass:/Script/Engine.DirectionalLight Name:DirectionalLight_1 Label:DirectionalLight SpatiallyLoaded:0 Bounds:IsValid=true, Min=(X=-4398046511104.000 Y=-4398046511104.000 Z=-4398046511104.000), Max=(X=4398046511104.000 Y=4398046511104.000 Z=4398046511104.000) RuntimeGrid:None EditorOnly:0 RuntimeOnly:0 HLODRelevant:0 FolderPath:Lighting FolderGuid:0BA5F0A04EADB18E70D5B180D08FA34B
 |   |   |- [+] [  4]
 |   |   |   |- Guid:A302308E48DE6247136AB6A727CAAC61 BaseClass: NativeClass:/Script/Engine.StaticMeshActor Name:StaticMeshActor_UAID_2CF05D55C5C3ADAC01_1695312294 Label:Cortinas SpatiallyLoaded:1 Bounds:IsValid=true, Min=(X=993.970 Y=485.826 Z=10.752), Max=(X=3381.937 Y=605.138 Z=964.907) RuntimeGrid:None EditorOnly:0 RuntimeOnly:0 HLODRelevant:1 FolderPath:Modelos FolderGuid:8A1D634B4ACF00FA9994A9AA24CDB74F
 |   |   |- [+] [  5]
 |   |   |   |- Guid:2BD0D36E47EE378BAB5D65B0324E81DB BaseClass: NativeClass:/Script/Engine.PointLight Name:PointLight_UAID_2CF05D55C5C3BCAC01_1888529954 Label:PointLight2 SpatiallyLoaded:1 Bounds:IsValid=true, Min=(X=2953.580 Y=-2001.747 Z=-170.196), Max=(X=4250.295 Y=-705.032 Z=1126.519) RuntimeGrid:None EditorOnly:0 RuntimeOnly:0 HLODRelevant:0 FolderPath:Luces FolderGuid:E7AE34A940FA1042BCE2A0B5F73779B3
 |   |   |- [+] [  6]
 |   |   |   |- Guid:637006DA41A8BEE567727F9523A84323 BaseClass: NativeClass:/Script/Engine.PostProcessVolume Name:PostProcessVolume_UAID_2CF05D55C5C3B0AF01_1834282936 Label:PostProcessVolumeRight2 SpatiallyLoaded:1 Bounds:IsValid=true, Min=(X=1066.854 Y=-921.969 Z=-15.112), Max=(X=3329.354 Y=403.031 Z=684.888) RuntimeGrid:None EditorOnly:0 RuntimeOnly:0 HLODRelevant:0 FolderPath:Lighting FolderGuid:0BA5F0A04EADB18E70D5B180D08FA34B
 |   |   |- [+] [  7]
 |   |   |   |- Guid:C7EF59FB44877E219DE9B78CF74EF972 BaseClass: NativeClass:/Script/Engine.StaticMeshActor Name:StaticMeshActor_UAID_2CF05D55C5C3B1AF01_1435633125 Label:LucesDeTecho SpatiallyLoaded:1 Bounds:IsValid=true, Min=(X=1308.821 Y=-1105.653 Z=955.985), Max=(X=3086.721 Y=102.570 Z=959.110) RuntimeGrid:None EditorOnly:0 RuntimeOnly:0 HLODRelevant:1 FolderPath:Modelos FolderGuid:8A1D634B4ACF00FA9994A9AA24CDB74F
 |   |   |- [+] [  8]
 |   |   |   |- Guid:9BE5C2504B74657F3E11EF982DFB3E6C BaseClass: NativeClass:/Script/Engine.StaticMeshActor Name:StaticMeshActor_UAID_2CF05D55C5C3AEAC01_1189711473 Label:Mesa SpatiallyLoaded:1 Bounds:IsValid=true, Min=(X=2255.712 Y=740.103 Z=99.831), Max=(X=2311.350 Y=795.741 Z=258.625) RuntimeGrid:None EditorOnly:0 RuntimeOnly:0 HLODRelevant:1 FolderPath:Modelos FolderGuid:8A1D634B4ACF00FA9994A9AA24CDB74F
 |   |   |- [+] [  9]
 |   |   |   |- Guid:C68E309C411BE01451F24D9BCD64A42A BaseClass: NativeClass:/Script/Engine.SpotLight Name:SpotLight_UAID_2CF05D55C5C3B7AC01_1622636098 Label:SpotLight SpatiallyLoaded:1 Bounds:IsValid=true, Min=(X=1759.269 Y=120.459 Z=-716.571), Max=(X=3432.830 Y=1794.020 Z=956.990) RuntimeGrid:None EditorOnly:0 RuntimeOnly:0 HLODRelevant:0 FolderPath:Luces FolderGuid:E7AE34A940FA1042BCE2A0B5F73779B3
 |   |   |- [+] [ 10]
 |   |   |   |- Guid:EE66F4454A4A9F99393F559AB739C05E BaseClass:/Game/FirstPerson/Blueprints/BP_Pickup_Rifle.BP_Pickup_Rifle_C NativeClass:/Script/Engine.Actor Name:BP_Rifle_C_1 Label:BP_Pickup_Rifle SpatiallyLoaded:1 Bounds:IsValid=true, Min=(X=2118.000 Y=608.000 Z=218.197), Max=(X=2182.000 Y=697.440 Z=282.197) RuntimeGrid:None EditorOnly:0 RuntimeOnly:0 HLODRelevant:0
 |   |   |- [+] [ 11]
 |   |   |   |- Guid:E5320C1B4FD9764CE7B54D8487AEC613 BaseClass: NativeClass:/Script/Engine.SkyLight Name:SkyLight_0 Label:SkyLight SpatiallyLoaded:0 Bounds:IsValid=true, Min=(X=0.000 Y=0.000 Z=690.000), Max=(X=0.000 Y=0.000 Z=690.000) RuntimeGrid:None EditorOnly:0 RuntimeOnly:0 HLODRelevant:0 FolderPath:Lighting FolderGuid:0BA5F0A04EADB18E70D5B180D08FA34B
 |   |   |- [+] [ 12]
 |   |   |   |- Guid:551424FA4BCE0F5721D1588E3439F65A BaseClass: NativeClass:/Script/Engine.StaticMeshActor Name:StaticMeshActor_UAID_2CF05D55C5C3B2AC01_1734620187 Label:CurvedLight SpatiallyLoaded:1 Bounds:IsValid=true, Min=(X=1736.984 Y=476.489 Z=847.229), Max=(X=1736.984 Y=476.489 Z=847.229) RuntimeGrid:None EditorOnly:0 RuntimeOnly:0 HLODRelevant:0 FolderPath:Modelos FolderGuid:8A1D634B4ACF00FA9994A9AA24CDB74F
 |   |   |- [+] [ 13]
 |   |   |   |- Guid:38D8F019443A58058C0E2F848D05CEFA BaseClass: NativeClass:/Script/Engine.SpotLight Name:SpotLight_UAID_2CF05D55C5C3B7AC01_1763966099 Label:SpotLight2 SpatiallyLoaded:1 Bounds:IsValid=true, Min=(X=1492.748 Y=196.437 Z=-433.019), Max=(X=2862.398 Y=1566.087 Z=936.632) RuntimeGrid:None EditorOnly:0 RuntimeOnly:0 HLODRelevant:0 FolderPath:Luces FolderGuid:E7AE34A940FA1042BCE2A0B5F73779B3
 |   |   |- [+] [ 14]
 |   |   |   |- Guid:9B81FBCC48C9FFFDEFED448E15E12662 BaseClass: NativeClass:/Script/Engine.StaticMeshActor Name:StaticMeshActor_UAID_2CF05D55C5C3AEAC01_1601018476 Label:Plastic_Water_Bottle_Full_Bottle SpatiallyLoaded:1 Bounds:IsValid=true, Min=(X=2274.454 Y=767.341 Z=248.886), Max=(X=2282.174 Y=775.053 Z=275.711) RuntimeGrid:None EditorOnly:0 RuntimeOnly:0 HLODRelevant:0 FolderPath:Modelos FolderGuid:8A1D634B4ACF00FA9994A9AA24CDB74F
 |   |   |- [+] [ 15]
 |   |   |   |- Guid:A354B1B24E617A525DC6B48CCDE2417E BaseClass: NativeClass:/Script/Engine.PlayerStart Name:PlayerStart_0 Label:PlayerStart SpatiallyLoaded:0 Bounds:IsValid=true, Min=(X=860.000 Y=853.322 Z=57.527), Max=(X=940.000 Y=933.322 Z=241.527) RuntimeGrid:None EditorOnly:0 RuntimeOnly:0 HLODRelevant:0
 |   |   |- [+] [ 16]
 |   |   |   |- Guid:533438474C06DC60F397DC8BCE8665A2 BaseClass: NativeClass:/Script/Engine.StaticMeshActor Name:StaticMeshActor_UAID_2CF05D55C5C3B2AC01_1139939168 Label:Techo SpatiallyLoaded:1 Bounds:IsValid=true, Min=(X=503.611 Y=-1561.386 Z=843.066), Max=(X=3866.622 Y=1144.863 Z=1100.863) RuntimeGrid:None EditorOnly:0 RuntimeOnly:0 HLODRelevant:1 FolderPath:Modelos FolderGuid:8A1D634B4ACF00FA9994A9AA24CDB74F
 |   |   |- [+] [ 17]
 |   |   |   |- Guid:F0A2C46549F6127C4397EEA7C45F47BC BaseClass: NativeClass:/Script/Engine.StaticMeshActor Name:StaticMeshActor_UAID_2CF05D55C5C3BCAC01_1720131952 Label:LucesPasillosCompletas SpatiallyLoaded:1 Bounds:IsValid=true, Min=(X=1671.073 Y=-720.521 Z=-0.697), Max=(X=2710.812 Y=281.088 Z=124.168) RuntimeGrid:None EditorOnly:0 RuntimeOnly:0 HLODRelevant:1 FolderPath:Luces FolderGuid:E7AE34A940FA1042BCE2A0B5F73779B3
 |   |   |- [+] [ 18]
 |   |   |   |- Guid:37D1F3704576350DB813FDAFA18BDD87 BaseClass: NativeClass:/Script/Engine.StaticMeshActor Name:StaticMeshActor_UAID_2CF05D55C5C353AC01_1091490577 Label:Sillas SpatiallyLoaded:1 Bounds:IsValid=true, Min=(X=1037.393 Y=-784.239 Z=-0.249), Max=(X=3334.189 Y=417.782 Z=288.480) RuntimeGrid:None EditorOnly:0 RuntimeOnly:0 HLODRelevant:1 FolderPath:Modelos FolderGuid:8A1D634B4ACF00FA9994A9AA24CDB74F
 |   |   |- [+] [ 19]
 |   |   |   |- Guid:84FC10464ADE6B9507C9389982CD6624 BaseClass: NativeClass:/Script/Engine.StaticMeshActor Name:StaticMeshActor_UAID_2CF05D55C5C3B2AC01_1389943172 Label:TeatroCompleto SpatiallyLoaded:1 Bounds:IsValid=true, Min=(X=366.568 Y=-1551.703 Z=-29.914), Max=(X=3888.417 Y=1269.948 Z=1067.108) RuntimeGrid:None EditorOnly:0 RuntimeOnly:0 HLODRelevant:1 FolderPath:Modelos FolderGuid:8A1D634B4ACF00FA9994A9AA24CDB74F
 |   |   |- [+] [ 20]
 |   |   |   |- Guid:7319960D41BC2D3D704600B46217CB1C BaseClass: NativeClass:/Script/Engine.PointLight Name:PointLight_UAID_2CF05D55C5C3BCAC01_1806735953 Label:PointLight SpatiallyLoaded:1 Bounds:IsValid=true, Min=(X=106.952 Y=-2079.698 Z=-170.196), Max=(X=1403.667 Y=-782.983 Z=1126.519) RuntimeGrid:None EditorOnly:0 RuntimeOnly:0 HLODRelevant:0 FolderPath:Luces FolderGuid:E7AE34A940FA1042BCE2A0B5F73779B3
 |   |   |- [+] [ 21]
 |   |   |   |- Guid:6A6F60D44EF5208ABE064B9E1CB66C2E BaseClass: NativeClass:/Script/Engine.PostProcessVolume Name:PostProcessVolume_UAID_2CF05D55C5C3B0AF01_1720199935 Label:PostProcessVolumeRight2 SpatiallyLoaded:1 Bounds:IsValid=true, Min=(X=578.190 Y=-162.911 Z=-15.111), Max=(X=1228.190 Y=1124.589 Z=684.889) RuntimeGrid:None EditorOnly:0 RuntimeOnly:0 HLODRelevant:0 FolderPath:Lighting FolderGuid:0BA5F0A04EADB18E70D5B180D08FA34B
 |   |   |- [+] [ 22]
 |   |   |   |- Guid:4F7B03C44AFC27D01CB38EB99BBD7FED BaseClass: NativeClass:/Script/Engine.SpotLight Name:SpotLight_UAID_2CF05D55C5C3B7AC01_1836985103 Label:SpotLight6 SpatiallyLoaded:1 Bounds:IsValid=true, Min=(X=1688.405 Y=115.512 Z=-321.843), Max=(X=2891.405 Y=1318.513 Z=881.157) RuntimeGrid:None EditorOnly:0 RuntimeOnly:0 HLODRelevant:0 FolderPath:Luces FolderGuid:E7AE34A940FA1042BCE2A0B5F73779B3
 |   |   |- [+] [ 23]
 |   |   |   |- Guid:C22CE07C4B87D685137FDBBC10FC92C6 BaseClass: NativeClass:/Script/Engine.SkyAtmosphere Name:SkyAtmosphere_0 Label:SkyAtmosphere SpatiallyLoaded:0 Bounds:IsValid=true, Min=(X=0.000 Y=0.000 Z=1020.000), Max=(X=0.000 Y=0.000 Z=1020.000) RuntimeGrid:None EditorOnly:0 RuntimeOnly:0 HLODRelevant:0 FolderPath:Lighting FolderGuid:0BA5F0A04EADB18E70D5B180D08FA34B
 |   |   |- [+] [ 24]
 |   |   |   |- Guid:B2D147EA4CFA8B69A9AE3AAD84B25FBE BaseClass: NativeClass:/Script/Engine.StaticMeshActor Name:StaticMeshActor_UAID_2CF05D55C5C3AEAC01_1601034477 Label:Plastic_Water_Bottle_Full_BottleCap SpatiallyLoaded:1 Bounds:IsValid=true, Min=(X=2288.651 Y=769.412 Z=248.785), Max=(X=2292.220 Y=772.982 Z=250.799) RuntimeGrid:None EditorOnly:0 RuntimeOnly:0 HLODRelevant:1 FolderPath:Modelos FolderGuid:8A1D634B4ACF00FA9994A9AA24CDB74F
 |   |   |- [+] [ 25]
 |   |   |   |- Guid:C0C56B9644AE3D40CAFF6A878DB29844 BaseClass: NativeClass:/Script/Engine.StaticMeshActor Name:StaticMeshActor_UAID_A4AE111137DC5EFB00_2001720423 Label:SM_SkySphere SpatiallyLoaded:0 Bounds:IsValid=true, Min=(X=-1638400.000 Y=-1638400.000 Z=-1638400.000), Max=(X=1638400.000 Y=1638400.000 Z=1638400.000) RuntimeGrid:None EditorOnly:0 RuntimeOnly:0 HLODRelevant:1 FolderPath:Lighting FolderGuid:0BA5F0A04EADB18E70D5B180D08FA34B
 |   |   |- [+] [ 26]
 |   |   |   |- Guid:6FEFB3BD4EB37B849EF0D4AC80F83855 BaseClass: NativeClass:/Script/Engine.WorldDataLayers Name:WorldDataLayers Label:WorldDataLayers SpatiallyLoaded:0 Bounds:IsValid=true, Min=(X=0.000 Y=0.000 Z=0.000), Max=(X=0.000 Y=0.000 Z=0.000) RuntimeGrid:None EditorOnly:0 RuntimeOnly:0 HLODRelevant:0
 |   |   |- [+] [ 27]
 |   |   |   |- Guid:D08C36B5484F2B007A48D5A468448215 BaseClass: NativeClass:/Script/Engine.StaticMeshActor Name:StaticMeshActor_UAID_2CF05D55C5C3ADAC01_1789639296 Label:TarimaCompleta SpatiallyLoaded:1 Bounds:IsValid=true, Min=(X=1207.615 Y=570.000 Z=-0.000), Max=(X=3173.330 Y=1130.000 Z=100.000) RuntimeGrid:None EditorOnly:0 RuntimeOnly:0 HLODRelevant:1 FolderPath:Modelos FolderGuid:8A1D634B4ACF00FA9994A9AA24CDB74F
 |   |   |- [+] [ 28]
 |   |   |   |- Guid:CE8D82634660FCDB3120E2B8D547C533 BaseClass: NativeClass:/Script/Engine.PostProcessVolume Name:PostProcessVolume_0 Label:PostProcessVolume SpatiallyLoaded:0 Bounds:IsValid=true, Min=(X=323.572 Y=-1705.903 Z=6.250), Max=(X=3573.572 Y=1394.097 Z=993.750) RuntimeGrid:None EditorOnly:0 RuntimeOnly:0 HLODRelevant:0 FolderPath:Lighting FolderGuid:0BA5F0A04EADB18E70D5B180D08FA34B
 |   |   |- [+] [ 29]
 |   |   |   |- Guid:F31551A241B92C8C13A77EA2EBC23FCB BaseClass: NativeClass:/Script/Engine.PostProcessVolume Name:PostProcessVolume_UAID_2CF05D55C5C3BCAC01_1257934939 Label:PostProcessVolumeRight SpatiallyLoaded:1 Bounds:IsValid=true, Min=(X=3050.325 Y=553.836 Z=-15.112), Max=(X=3525.325 Y=1128.836 Z=684.888) RuntimeGrid:None EditorOnly:0 RuntimeOnly:0 HLODRelevant:0 FolderPath:Lighting FolderGuid:0BA5F0A04EADB18E70D5B180D08FA34B
 |   |   |- [+] [ 30]
 |   |   |   |- Guid:FD35D2144BC5DA23CC1526B4BF94B08C BaseClass: NativeClass:/Script/Engine.SpotLight Name:SpotLight_UAID_2CF05D55C5C3B7AC01_1775529100 Label:SpotLight3 SpatiallyLoaded:1 Bounds:IsValid=true, Min=(X=-240.360 Y=-459.652 Z=-2881.576), Max=(X=3753.646 Y=3534.354 Z=1112.430) RuntimeGrid:None EditorOnly:0 RuntimeOnly:0 HLODRelevant:0 FolderPath:Luces FolderGuid:E7AE34A940FA1042BCE2A0B5F73779B3
 |   |   |- [+] [ 31]
 |   |   |   |- Guid:320EFE8B4AA39F3C1659F39AFC8C7311 BaseClass: NativeClass:/Script/Engine.StaticMeshActor Name:StaticMeshActor_UAID_2CF05D55C5C3F1B201_1123543543 Label:mesa_TV SpatiallyLoaded:1 Bounds:IsValid=true, Min=(X=2080.079 Y=-963.970 Z=125.540), Max=(X=2302.815 Y=-785.189 Z=302.980) RuntimeGrid:None EditorOnly:0 RuntimeOnly:0 HLODRelevant:1 FolderPath:Modelos FolderGuid:8A1D634B4ACF00FA9994A9AA24CDB74F
 |   |   |- [+] [ 32]
 |   |   |   |- Guid:B7E86557441DB1AE022EA293AF042303 BaseClass: NativeClass:/Script/Engine.StaticMeshActor Name:StaticMeshActor_UAID_2CF05D55C5C3F1B201_1217745548 Label:smarttv_smart-tv SpatiallyLoaded:1 Bounds:IsValid=true, Min=(X=2191.625 Y=-873.428 Z=308.238), Max=(X=2191.625 Y=-873.428 Z=308.238) RuntimeGrid:None EditorOnly:0 RuntimeOnly:0 HLODRelevant:0 FolderPath:Modelos FolderGuid:8A1D634B4ACF00FA9994A9AA24CDB74F
 |   |   |- [+] [ 33]
 |   |   |   |- Guid:DCBC04374F7253E8E4FC30BC509AB594 BaseClass: NativeClass:/Script/Engine.StaticMeshActor Name:StaticMeshActor_UAID_2CF05D55C5C3F1B201_1304915550 Label:Control SpatiallyLoaded:1 Bounds:IsValid=true, Min=(X=2103.882 Y=-847.029 Z=296.467), Max=(X=2140.262 Y=-807.204 Z=311.898) RuntimeGrid:None EditorOnly:0 RuntimeOnly:0 HLODRelevant:1
 |   |   |- [+] [ 34]
 |   |   |   |- Guid:8D782E8B44352FA1EFA6FCA4CF6CBBAA BaseClass: NativeClass:/Script/Engine.StaticMeshActor Name:StaticMeshActor_UAID_2CF05D55C5C3F2B201_1075443729 Label:smarttv_smart-tv2 SpatiallyLoaded:1 Bounds:IsValid=true, Min=(X=2018.870 Y=-902.497 Z=301.494), Max=(X=2365.914 Y=-869.611 Z=496.510) RuntimeGrid:None EditorOnly:0 RuntimeOnly:0 HLODRelevant:1 FolderPath:Modelos FolderGuid:8A1D634B4ACF00FA9994A9AA24CDB74F
 |   |   |- [+] [ 35]
 |   |   |   |- Guid:F5B990414388E5B2FA84629790B65844 BaseClass: NativeClass:/Script/Engine.StaticMeshActor Name:StaticMeshActor_UAID_2CF05D55C5C3F2B201_1075458730 Label:Control SpatiallyLoaded:1 Bounds:IsValid=true, Min=(X=2106.632 Y=-853.989 Z=301.968), Max=(X=2143.012 Y=-814.163 Z=317.399) RuntimeGrid:None EditorOnly:0 RuntimeOnly:0 HLODRelevant:1 FolderPath:Modelos FolderGuid:8A1D634B4ACF00FA9994A9AA24CDB74F
 |- ContainerInstances:
 |- [+] MainContainer:
 |   |-        ID: 0x0000000000000000
 |   |-    Bounds: IsValid=false, Min=(X=0.000 Y=0.000 Z=0.000), Max=(X=0.000 Y=0.000 Z=0.000)
 |   |- Transform: 0.000000,0.000000,0.000000|0.000000,0.000000,-0.000000|1.000000,1.000000,1.000000
 |   |- Container: /Game/FirstPerson/Maps/FirstPersonMap
----------------------------------------------------------------------------------------------------------------
FirstPersonMap - Persistent Level
----------------------------------------------------------------------------------------------------------------
Always loaded Actor Count: 49 

----------------------------------------------------------------------------------------------------------------
FirstPersonMap - Runtime Spatial Hash - Streaming Grid - MainGrid
----------------------------------------------------------------------------------------------------------------
            Origin: X=0.000 Y=0.000 Z=0.000
         Cell Size: 12800
      World Bounds: IsValid=false, Min=(X=0.000 Y=0.000 Z=0.000), Max=(X=0.000 Y=0.000 Z=0.000)
     Loading Range: 25600.00
Block Slow Loading: No
 ClientOnlyVisible: No

[+] Grid Levels: 1
 |- Level  0: Cell Count    0 | Cell Size   12800 | Actor Count    0 (0.0%)

[+] Content of Grid Level 0

