[+] Containers:
 |- [+] Container: /Game/FirstPerson/Maps/FirstPersonMap
 |   |- [+] ActorDescs:
 |   |   |- Guid:0792AC23431EA2B57B3C1EBAFDD19D25 BaseClass: NativeClass:/Script/Engine.SpotLight Name:SpotLight_UAID_2CF05D55C5C3B7AC01_1787586101 Label:SpotLight4 SpatiallyLoaded:1 Bounds:IsValid=true, Min=(X=1194.780 Y=289.023 Z=108.406), Max=(X=1954.155 Y=1048.397 Z=867.780) RuntimeGrid:None EditorOnly:0 RuntimeOnly:0 HLODRelevant:0 FolderPath:Luces FolderGuid:E7AE34A940FA1042BCE2A0B5F73779B3
 |   |   |- Guid:37D1F3704576350DB813FDAFA18BDD87 BaseClass: NativeClass:/Script/Engine.StaticMeshActor Name:StaticMeshActor_UAID_2CF05D55C5C353AC01_1091490577 Label:Sillas SpatiallyLoaded:1 Bounds:IsValid=true, Min=(X=1037.393 Y=-784.239 Z=-0.249), Max=(X=3334.189 Y=417.782 Z=288.480) RuntimeGrid:None EditorOnly:0 RuntimeOnly:0 HLODRelevant:1 FolderPath:Modelos FolderGuid:8A1D634B4ACF00FA9994A9AA24CDB74F
 |   |   |- Guid:38D8F019443A58058C0E2F848D05CEFA BaseClass: NativeClass:/Script/Engine.SpotLight Name:SpotLight_UAID_2CF05D55C5C3B7AC01_1763966099 Label:SpotLight2 SpatiallyLoaded:1 Bounds:IsValid=true, Min=(X=1731.970 Y=316.048 Z=13.375), Max=(X=2623.176 Y=1207.254 Z=904.582) RuntimeGrid:None EditorOnly:0 RuntimeOnly:0 HLODRelevant:0 FolderPath:Luces FolderGuid:E7AE34A940FA1042BCE2A0B5F73779B3
 |   |   |- Guid:49D6B1044F06CDAB531424950D8215F4 BaseClass: NativeClass:/Script/Engine.StaticMeshActor Name:StaticMeshActor_UAID_2CF05D55C5C3B7AC01_1565806097 Label:LucesCompletas SpatiallyLoaded:1 Bounds:IsValid=true, Min=(X=1548.203 Y=481.088 Z=821.968), Max=(X=2622.345 Y=565.735 Z=963.106) RuntimeGrid:None EditorOnly:0 RuntimeOnly:0 HLODRelevant:1 FolderPath:Modelos FolderGuid:8A1D634B4ACF00FA9994A9AA24CDB74F
 |   |   |- Guid:4F7B03C44AFC27D01CB38EB99BBD7FED BaseClass: NativeClass:/Script/Engine.SpotLight Name:SpotLight_UAID_2CF05D55C5C3B7AC01_1836985103 Label:SpotLight6 SpatiallyLoaded:1 Bounds:IsValid=true, Min=(X=1948.150 Y=271.624 Z=108.406), Max=(X=2707.524 Y=1030.999 Z=867.780) RuntimeGrid:None EditorOnly:0 RuntimeOnly:0 HLODRelevant:0 FolderPath:Luces FolderGuid:E7AE34A940FA1042BCE2A0B5F73779B3
 |   |   |- Guid:533438474C06DC60F397DC8BCE8665A2 BaseClass: NativeClass:/Script/Engine.StaticMeshActor Name:StaticMeshActor_UAID_2CF05D55C5C3B2AC01_1139939168 Label:Techo SpatiallyLoaded:1 Bounds:IsValid=true, Min=(X=503.611 Y=-1561.386 Z=843.066), Max=(X=3866.622 Y=1144.863 Z=1100.863) RuntimeGrid:None EditorOnly:0 RuntimeOnly:0 HLODRelevant:1 FolderPath:Modelos FolderGuid:8A1D634B4ACF00FA9994A9AA24CDB74F
 |   |   |- Guid:551424FA4BCE0F5721D1588E3439F65A BaseClass: NativeClass:/Script/Engine.StaticMeshActor Name:StaticMeshActor_UAID_2CF05D55C5C3B2AC01_1734620187 Label:CurvedLight SpatiallyLoaded:1 Bounds:IsValid=true, Min=(X=1736.984 Y=476.489 Z=847.229), Max=(X=1736.984 Y=476.489 Z=847.229) RuntimeGrid:None EditorOnly:0 RuntimeOnly:0 HLODRelevant:0 FolderPath:Modelos FolderGuid:8A1D634B4ACF00FA9994A9AA24CDB74F
 |   |   |- Guid:5FE7584649BB6F09265329A6C57CFD0D BaseClass: NativeClass:/Script/Engine.VolumetricCloud Name:VolumetricCloud_0 Label:VolumetricCloud SpatiallyLoaded:0 Bounds:IsValid=true, Min=(X=0.000 Y=0.000 Z=820.000), Max=(X=0.000 Y=0.000 Z=820.000) RuntimeGrid:None EditorOnly:0 RuntimeOnly:0 HLODRelevant:0 FolderPath:Lighting FolderGuid:0BA5F0A04EADB18E70D5B180D08FA34B
 |   |   |- Guid:61391D344900612A77DFC3BA3E354907 BaseClass: NativeClass:/Script/Engine.ExponentialHeightFog Name:ExponentialHeightFog_0 Label:ExponentialHeightFog SpatiallyLoaded:0 Bounds:IsValid=true, Min=(X=-5600.000 Y=-50.000 Z=-6850.000), Max=(X=-5600.000 Y=-50.000 Z=-6850.000) RuntimeGrid:None EditorOnly:0 RuntimeOnly:0 HLODRelevant:0 FolderPath:Lighting FolderGuid:0BA5F0A04EADB18E70D5B180D08FA34B
 |   |   |- Guid:6FEFB3BD4EB37B849EF0D4AC80F83855 BaseClass: NativeClass:/Script/Engine.WorldDataLayers Name:WorldDataLayers Label:WorldDataLayers SpatiallyLoaded:0 Bounds:IsValid=true, Min=(X=0.000 Y=0.000 Z=0.000), Max=(X=0.000 Y=0.000 Z=0.000) RuntimeGrid:None EditorOnly:0 RuntimeOnly:0 HLODRelevant:0
 |   |   |- Guid:8413638D4E009CB6752D5C9694A27EE5 BaseClass: NativeClass:/Script/Engine.StaticMeshActor Name:StaticMeshActor_UAID_2CF05D55C5C3B9AC01_1075936362 Label:Curve_Panel_Spot_Light_Curve_Panel_LightHolder SpatiallyLoaded:1 Bounds:IsValid=true, Min=(X=2219.236 Y=928.930 Z=101.502), Max=(X=2219.289 Y=928.983 Z=102.000) RuntimeGrid:None EditorOnly:0 RuntimeOnly:0 HLODRelevant:0
 |   |   |- Guid:84FC10464ADE6B9507C9389982CD6624 BaseClass: NativeClass:/Script/Engine.StaticMeshActor Name:StaticMeshActor_UAID_2CF05D55C5C3B2AC01_1389943172 Label:TeatroCompleto SpatiallyLoaded:1 Bounds:IsValid=true, Min=(X=366.568 Y=-1551.703 Z=-29.914), Max=(X=3888.417 Y=1269.948 Z=1067.108) RuntimeGrid:None EditorOnly:0 RuntimeOnly:0 HLODRelevant:1 FolderPath:Modelos FolderGuid:8A1D634B4ACF00FA9994A9AA24CDB74F
 |   |   |- Guid:9B81FBCC48C9FFFDEFED448E15E12662 BaseClass: NativeClass:/Script/Engine.StaticMeshActor Name:StaticMeshActor_UAID_2CF05D55C5C3AEAC01_1601018476 Label:Plastic_Water_Bottle_Full_Bottle SpatiallyLoaded:1 Bounds:IsValid=true, Min=(X=2274.454 Y=774.963 Z=210.501), Max=(X=2282.174 Y=782.675 Z=237.326) RuntimeGrid:None EditorOnly:0 RuntimeOnly:0 HLODRelevant:1 FolderPath:Modelos FolderGuid:8A1D634B4ACF00FA9994A9AA24CDB74F
 |   |   |- Guid:9BE5C2504B74657F3E11EF982DFB3E6C BaseClass: NativeClass:/Script/Engine.StaticMeshActor Name:StaticMeshActor_UAID_2CF05D55C5C3AEAC01_1189711473 Label:Mesa SpatiallyLoaded:1 Bounds:IsValid=true, Min=(X=2255.712 Y=740.103 Z=99.874), Max=(X=2311.350 Y=795.741 Z=217.500) RuntimeGrid:None EditorOnly:0 RuntimeOnly:0 HLODRelevant:1 FolderPath:Modelos FolderGuid:8A1D634B4ACF00FA9994A9AA24CDB74F
 |   |   |- Guid:9F761357439EF5C852AD4E9FB480094A BaseClass: NativeClass:/Script/Engine.SpotLight Name:SpotLight_UAID_2CF05D55C5C3B7AC01_1819955102 Label:SpotLight5 SpatiallyLoaded:1 Bounds:IsValid=true, Min=(X=1631.693 Y=281.191 Z=108.406), Max=(X=2391.067 Y=1040.566 Z=867.780) RuntimeGrid:None EditorOnly:0 RuntimeOnly:0 HLODRelevant:0 FolderPath:Luces FolderGuid:E7AE34A940FA1042BCE2A0B5F73779B3
 |   |   |- Guid:A302308E48DE6247136AB6A727CAAC61 BaseClass: NativeClass:/Script/Engine.StaticMeshActor Name:StaticMeshActor_UAID_2CF05D55C5C3ADAC01_1695312294 Label:Cortinas SpatiallyLoaded:1 Bounds:IsValid=true, Min=(X=993.970 Y=485.826 Z=10.752), Max=(X=3381.937 Y=605.138 Z=964.907) RuntimeGrid:None EditorOnly:0 RuntimeOnly:0 HLODRelevant:1 FolderPath:Modelos FolderGuid:8A1D634B4ACF00FA9994A9AA24CDB74F
 |   |   |- Guid:A354B1B24E617A525DC6B48CCDE2417E BaseClass: NativeClass:/Script/Engine.PlayerStart Name:PlayerStart_0 Label:PlayerStart SpatiallyLoaded:0 Bounds:IsValid=true, Min=(X=860.000 Y=853.322 Z=57.527), Max=(X=940.000 Y=933.322 Z=241.527) RuntimeGrid:None EditorOnly:0 RuntimeOnly:0 HLODRelevant:0
 |   |   |- Guid:B2D147EA4CFA8B69A9AE3AAD84B25FBE BaseClass: NativeClass:/Script/Engine.StaticMeshActor Name:StaticMeshActor_UAID_2CF05D55C5C3AEAC01_1601034477 Label:Plastic_Water_Bottle_Full_BottleCap SpatiallyLoaded:1 Bounds:IsValid=true, Min=(X=2288.651 Y=777.034 Z=210.399), Max=(X=2292.220 Y=780.605 Z=212.414) RuntimeGrid:None EditorOnly:0 RuntimeOnly:0 HLODRelevant:1 FolderPath:Modelos FolderGuid:8A1D634B4ACF00FA9994A9AA24CDB74F
 |   |   |- Guid:C0C56B9644AE3D40CAFF6A878DB29844 BaseClass: NativeClass:/Script/Engine.StaticMeshActor Name:StaticMeshActor_UAID_A4AE111137DC5EFB00_2001720423 Label:SM_SkySphere SpatiallyLoaded:0 Bounds:IsValid=true, Min=(X=-1638400.000 Y=-1638400.000 Z=-1638400.000), Max=(X=1638400.000 Y=1638400.000 Z=1638400.000) RuntimeGrid:None EditorOnly:0 RuntimeOnly:0 HLODRelevant:1 FolderPath:Lighting FolderGuid:0BA5F0A04EADB18E70D5B180D08FA34B
 |   |   |- Guid:C22CE07C4B87D685137FDBBC10FC92C6 BaseClass: NativeClass:/Script/Engine.SkyAtmosphere Name:SkyAtmosphere_0 Label:SkyAtmosphere SpatiallyLoaded:0 Bounds:IsValid=true, Min=(X=0.000 Y=0.000 Z=1020.000), Max=(X=0.000 Y=0.000 Z=1020.000) RuntimeGrid:None EditorOnly:0 RuntimeOnly:0 HLODRelevant:0 FolderPath:Lighting FolderGuid:0BA5F0A04EADB18E70D5B180D08FA34B
 |   |   |- Guid:C68E309C411BE01451F24D9BCD64A42A BaseClass: NativeClass:/Script/Engine.SpotLight Name:SpotLight_UAID_2CF05D55C5C3B7AC01_1622636098 Label:SpotLight SpatiallyLoaded:1 Bounds:IsValid=true, Min=(X=2150.446 Y=316.048 Z=13.375), Max=(X=3041.653 Y=1207.254 Z=904.582) RuntimeGrid:None EditorOnly:0 RuntimeOnly:0 HLODRelevant:0 FolderPath:Luces FolderGuid:E7AE34A940FA1042BCE2A0B5F73779B3
 |   |   |- Guid:CE8D82634660FCDB3120E2B8D547C533 BaseClass: NativeClass:/Script/Engine.PostProcessVolume Name:PostProcessVolume_0 Label:PostProcessVolume SpatiallyLoaded:0 Bounds:IsValid=true, Min=(X=323.572 Y=-1705.903 Z=6.250), Max=(X=3573.572 Y=1394.097 Z=993.750) RuntimeGrid:None EditorOnly:0 RuntimeOnly:0 HLODRelevant:0 FolderPath:Lighting FolderGuid:0BA5F0A04EADB18E70D5B180D08FA34B
 |   |   |- Guid:D08C36B5484F2B007A48D5A468448215 BaseClass: NativeClass:/Script/Engine.StaticMeshActor Name:StaticMeshActor_UAID_2CF05D55C5C3ADAC01_1789639296 Label:TarimaCompleta SpatiallyLoaded:1 Bounds:IsValid=true, Min=(X=1207.615 Y=570.000 Z=-0.000), Max=(X=3173.330 Y=1130.000 Z=100.000) RuntimeGrid:None EditorOnly:0 RuntimeOnly:0 HLODRelevant:1 FolderPath:Modelos FolderGuid:8A1D634B4ACF00FA9994A9AA24CDB74F
 |   |   |- Guid:E5320C1B4FD9764CE7B54D8487AEC613 BaseClass: NativeClass:/Script/Engine.SkyLight Name:SkyLight_0 Label:SkyLight SpatiallyLoaded:0 Bounds:IsValid=true, Min=(X=0.000 Y=0.000 Z=690.000), Max=(X=0.000 Y=0.000 Z=690.000) RuntimeGrid:None EditorOnly:0 RuntimeOnly:0 HLODRelevant:0 FolderPath:Lighting FolderGuid:0BA5F0A04EADB18E70D5B180D08FA34B
 |   |   |- Guid:EE66F4454A4A9F99393F559AB739C05E BaseClass:/Game/FirstPerson/Blueprints/BP_Pickup_Rifle.BP_Pickup_Rifle_C NativeClass:/Script/Engine.Actor Name:BP_Rifle_C_1 Label:BP_Pickup_Rifle SpatiallyLoaded:1 Bounds:IsValid=true, Min=(X=2118.000 Y=608.000 Z=134.000), Max=(X=2182.000 Y=697.440 Z=198.000) RuntimeGrid:None EditorOnly:0 RuntimeOnly:0 HLODRelevant:0
 |   |   |- Guid:F80621C9446867154938FE81375207DA BaseClass: NativeClass:/Script/Engine.DirectionalLight Name:DirectionalLight_1 Label:DirectionalLight SpatiallyLoaded:0 Bounds:IsValid=true, Min=(X=-4398046511104.000 Y=-4398046511104.000 Z=-4398046511104.000), Max=(X=4398046511104.000 Y=4398046511104.000 Z=4398046511104.000) RuntimeGrid:None EditorOnly:0 RuntimeOnly:0 HLODRelevant:0 FolderPath:Lighting FolderGuid:0BA5F0A04EADB18E70D5B180D08FA34B
 |   |   |- Guid:FD35D2144BC5DA23CC1526B4BF94B08C BaseClass: NativeClass:/Script/Engine.SpotLight Name:SpotLight_UAID_2CF05D55C5C3B7AC01_1775529100 Label:SpotLight3 SpatiallyLoaded:1 Bounds:IsValid=true, Min=(X=1311.040 Y=316.048 Z=13.375), Max=(X=2202.246 Y=1207.254 Z=904.582) RuntimeGrid:None EditorOnly:0 RuntimeOnly:0 HLODRelevant:0 FolderPath:Luces FolderGuid:E7AE34A940FA1042BCE2A0B5F73779B3
 |   |- [+] Clusters:
 |   |   |- [+] [  0]
 |   |   |   |- Guid:49D6B1044F06CDAB531424950D8215F4 BaseClass: NativeClass:/Script/Engine.StaticMeshActor Name:StaticMeshActor_UAID_2CF05D55C5C3B7AC01_1565806097 Label:LucesCompletas SpatiallyLoaded:1 Bounds:IsValid=true, Min=(X=1548.203 Y=481.088 Z=821.968), Max=(X=2622.345 Y=565.735 Z=963.106) RuntimeGrid:None EditorOnly:0 RuntimeOnly:0 HLODRelevant:1 FolderPath:Modelos FolderGuid:8A1D634B4ACF00FA9994A9AA24CDB74F
 |   |   |- [+] [  1]
 |   |   |   |- Guid:61391D344900612A77DFC3BA3E354907 BaseClass: NativeClass:/Script/Engine.ExponentialHeightFog Name:ExponentialHeightFog_0 Label:ExponentialHeightFog SpatiallyLoaded:0 Bounds:IsValid=true, Min=(X=-5600.000 Y=-50.000 Z=-6850.000), Max=(X=-5600.000 Y=-50.000 Z=-6850.000) RuntimeGrid:None EditorOnly:0 RuntimeOnly:0 HLODRelevant:0 FolderPath:Lighting FolderGuid:0BA5F0A04EADB18E70D5B180D08FA34B
 |   |   |- [+] [  2]
 |   |   |   |- Guid:5FE7584649BB6F09265329A6C57CFD0D BaseClass: NativeClass:/Script/Engine.VolumetricCloud Name:VolumetricCloud_0 Label:VolumetricCloud SpatiallyLoaded:0 Bounds:IsValid=true, Min=(X=0.000 Y=0.000 Z=820.000), Max=(X=0.000 Y=0.000 Z=820.000) RuntimeGrid:None EditorOnly:0 RuntimeOnly:0 HLODRelevant:0 FolderPath:Lighting FolderGuid:0BA5F0A04EADB18E70D5B180D08FA34B
 |   |   |- [+] [  3]
 |   |   |   |- Guid:F80621C9446867154938FE81375207DA BaseClass: NativeClass:/Script/Engine.DirectionalLight Name:DirectionalLight_1 Label:DirectionalLight SpatiallyLoaded:0 Bounds:IsValid=true, Min=(X=-4398046511104.000 Y=-4398046511104.000 Z=-4398046511104.000), Max=(X=4398046511104.000 Y=4398046511104.000 Z=4398046511104.000) RuntimeGrid:None EditorOnly:0 RuntimeOnly:0 HLODRelevant:0 FolderPath:Lighting FolderGuid:0BA5F0A04EADB18E70D5B180D08FA34B
 |   |   |- [+] [  4]
 |   |   |   |- Guid:A302308E48DE6247136AB6A727CAAC61 BaseClass: NativeClass:/Script/Engine.StaticMeshActor Name:StaticMeshActor_UAID_2CF05D55C5C3ADAC01_1695312294 Label:Cortinas SpatiallyLoaded:1 Bounds:IsValid=true, Min=(X=993.970 Y=485.826 Z=10.752), Max=(X=3381.937 Y=605.138 Z=964.907) RuntimeGrid:None EditorOnly:0 RuntimeOnly:0 HLODRelevant:1 FolderPath:Modelos FolderGuid:8A1D634B4ACF00FA9994A9AA24CDB74F
 |   |   |- [+] [  5]
 |   |   |   |- Guid:9F761357439EF5C852AD4E9FB480094A BaseClass: NativeClass:/Script/Engine.SpotLight Name:SpotLight_UAID_2CF05D55C5C3B7AC01_1819955102 Label:SpotLight5 SpatiallyLoaded:1 Bounds:IsValid=true, Min=(X=1631.693 Y=281.191 Z=108.406), Max=(X=2391.067 Y=1040.566 Z=867.780) RuntimeGrid:None EditorOnly:0 RuntimeOnly:0 HLODRelevant:0 FolderPath:Luces FolderGuid:E7AE34A940FA1042BCE2A0B5F73779B3
 |   |   |- [+] [  6]
 |   |   |   |- Guid:0792AC23431EA2B57B3C1EBAFDD19D25 BaseClass: NativeClass:/Script/Engine.SpotLight Name:SpotLight_UAID_2CF05D55C5C3B7AC01_1787586101 Label:SpotLight4 SpatiallyLoaded:1 Bounds:IsValid=true, Min=(X=1194.780 Y=289.023 Z=108.406), Max=(X=1954.155 Y=1048.397 Z=867.780) RuntimeGrid:None EditorOnly:0 RuntimeOnly:0 HLODRelevant:0 FolderPath:Luces FolderGuid:E7AE34A940FA1042BCE2A0B5F73779B3
 |   |   |- [+] [  7]
 |   |   |   |- Guid:9BE5C2504B74657F3E11EF982DFB3E6C BaseClass: NativeClass:/Script/Engine.StaticMeshActor Name:StaticMeshActor_UAID_2CF05D55C5C3AEAC01_1189711473 Label:Mesa SpatiallyLoaded:1 Bounds:IsValid=true, Min=(X=2255.712 Y=740.103 Z=99.874), Max=(X=2311.350 Y=795.741 Z=217.500) RuntimeGrid:None EditorOnly:0 RuntimeOnly:0 HLODRelevant:1 FolderPath:Modelos FolderGuid:8A1D634B4ACF00FA9994A9AA24CDB74F
 |   |   |- [+] [  8]
 |   |   |   |- Guid:C68E309C411BE01451F24D9BCD64A42A BaseClass: NativeClass:/Script/Engine.SpotLight Name:SpotLight_UAID_2CF05D55C5C3B7AC01_1622636098 Label:SpotLight SpatiallyLoaded:1 Bounds:IsValid=true, Min=(X=2150.446 Y=316.048 Z=13.375), Max=(X=3041.653 Y=1207.254 Z=904.582) RuntimeGrid:None EditorOnly:0 RuntimeOnly:0 HLODRelevant:0 FolderPath:Luces FolderGuid:E7AE34A940FA1042BCE2A0B5F73779B3
 |   |   |- [+] [  9]
 |   |   |   |- Guid:EE66F4454A4A9F99393F559AB739C05E BaseClass:/Game/FirstPerson/Blueprints/BP_Pickup_Rifle.BP_Pickup_Rifle_C NativeClass:/Script/Engine.Actor Name:BP_Rifle_C_1 Label:BP_Pickup_Rifle SpatiallyLoaded:1 Bounds:IsValid=true, Min=(X=2118.000 Y=608.000 Z=134.000), Max=(X=2182.000 Y=697.440 Z=198.000) RuntimeGrid:None EditorOnly:0 RuntimeOnly:0 HLODRelevant:0
 |   |   |- [+] [ 10]
 |   |   |   |- Guid:E5320C1B4FD9764CE7B54D8487AEC613 BaseClass: NativeClass:/Script/Engine.SkyLight Name:SkyLight_0 Label:SkyLight SpatiallyLoaded:0 Bounds:IsValid=true, Min=(X=0.000 Y=0.000 Z=690.000), Max=(X=0.000 Y=0.000 Z=690.000) RuntimeGrid:None EditorOnly:0 RuntimeOnly:0 HLODRelevant:0 FolderPath:Lighting FolderGuid:0BA5F0A04EADB18E70D5B180D08FA34B
 |   |   |- [+] [ 11]
 |   |   |   |- Guid:551424FA4BCE0F5721D1588E3439F65A BaseClass: NativeClass:/Script/Engine.StaticMeshActor Name:StaticMeshActor_UAID_2CF05D55C5C3B2AC01_1734620187 Label:CurvedLight SpatiallyLoaded:1 Bounds:IsValid=true, Min=(X=1736.984 Y=476.489 Z=847.229), Max=(X=1736.984 Y=476.489 Z=847.229) RuntimeGrid:None EditorOnly:0 RuntimeOnly:0 HLODRelevant:0 FolderPath:Modelos FolderGuid:8A1D634B4ACF00FA9994A9AA24CDB74F
 |   |   |- [+] [ 12]
 |   |   |   |- Guid:38D8F019443A58058C0E2F848D05CEFA BaseClass: NativeClass:/Script/Engine.SpotLight Name:SpotLight_UAID_2CF05D55C5C3B7AC01_1763966099 Label:SpotLight2 SpatiallyLoaded:1 Bounds:IsValid=true, Min=(X=1731.970 Y=316.048 Z=13.375), Max=(X=2623.176 Y=1207.254 Z=904.582) RuntimeGrid:None EditorOnly:0 RuntimeOnly:0 HLODRelevant:0 FolderPath:Luces FolderGuid:E7AE34A940FA1042BCE2A0B5F73779B3
 |   |   |- [+] [ 13]
 |   |   |   |- Guid:9B81FBCC48C9FFFDEFED448E15E12662 BaseClass: NativeClass:/Script/Engine.StaticMeshActor Name:StaticMeshActor_UAID_2CF05D55C5C3AEAC01_1601018476 Label:Plastic_Water_Bottle_Full_Bottle SpatiallyLoaded:1 Bounds:IsValid=true, Min=(X=2274.454 Y=774.963 Z=210.501), Max=(X=2282.174 Y=782.675 Z=237.326) RuntimeGrid:None EditorOnly:0 RuntimeOnly:0 HLODRelevant:1 FolderPath:Modelos FolderGuid:8A1D634B4ACF00FA9994A9AA24CDB74F
 |   |   |- [+] [ 14]
 |   |   |   |- Guid:A354B1B24E617A525DC6B48CCDE2417E BaseClass: NativeClass:/Script/Engine.PlayerStart Name:PlayerStart_0 Label:PlayerStart SpatiallyLoaded:0 Bounds:IsValid=true, Min=(X=860.000 Y=853.322 Z=57.527), Max=(X=940.000 Y=933.322 Z=241.527) RuntimeGrid:None EditorOnly:0 RuntimeOnly:0 HLODRelevant:0
 |   |   |- [+] [ 15]
 |   |   |   |- Guid:533438474C06DC60F397DC8BCE8665A2 BaseClass: NativeClass:/Script/Engine.StaticMeshActor Name:StaticMeshActor_UAID_2CF05D55C5C3B2AC01_1139939168 Label:Techo SpatiallyLoaded:1 Bounds:IsValid=true, Min=(X=503.611 Y=-1561.386 Z=843.066), Max=(X=3866.622 Y=1144.863 Z=1100.863) RuntimeGrid:None EditorOnly:0 RuntimeOnly:0 HLODRelevant:1 FolderPath:Modelos FolderGuid:8A1D634B4ACF00FA9994A9AA24CDB74F
 |   |   |- [+] [ 16]
 |   |   |   |- Guid:37D1F3704576350DB813FDAFA18BDD87 BaseClass: NativeClass:/Script/Engine.StaticMeshActor Name:StaticMeshActor_UAID_2CF05D55C5C353AC01_1091490577 Label:Sillas SpatiallyLoaded:1 Bounds:IsValid=true, Min=(X=1037.393 Y=-784.239 Z=-0.249), Max=(X=3334.189 Y=417.782 Z=288.480) RuntimeGrid:None EditorOnly:0 RuntimeOnly:0 HLODRelevant:1 FolderPath:Modelos FolderGuid:8A1D634B4ACF00FA9994A9AA24CDB74F
 |   |   |- [+] [ 17]
 |   |   |   |- Guid:84FC10464ADE6B9507C9389982CD6624 BaseClass: NativeClass:/Script/Engine.StaticMeshActor Name:StaticMeshActor_UAID_2CF05D55C5C3B2AC01_1389943172 Label:TeatroCompleto SpatiallyLoaded:1 Bounds:IsValid=true, Min=(X=366.568 Y=-1551.703 Z=-29.914), Max=(X=3888.417 Y=1269.948 Z=1067.108) RuntimeGrid:None EditorOnly:0 RuntimeOnly:0 HLODRelevant:1 FolderPath:Modelos FolderGuid:8A1D634B4ACF00FA9994A9AA24CDB74F
 |   |   |- [+] [ 18]
 |   |   |   |- Guid:4F7B03C44AFC27D01CB38EB99BBD7FED BaseClass: NativeClass:/Script/Engine.SpotLight Name:SpotLight_UAID_2CF05D55C5C3B7AC01_1836985103 Label:SpotLight6 SpatiallyLoaded:1 Bounds:IsValid=true, Min=(X=1948.150 Y=271.624 Z=108.406), Max=(X=2707.524 Y=1030.999 Z=867.780) RuntimeGrid:None EditorOnly:0 RuntimeOnly:0 HLODRelevant:0 FolderPath:Luces FolderGuid:E7AE34A940FA1042BCE2A0B5F73779B3
 |   |   |- [+] [ 19]
 |   |   |   |- Guid:C22CE07C4B87D685137FDBBC10FC92C6 BaseClass: NativeClass:/Script/Engine.SkyAtmosphere Name:SkyAtmosphere_0 Label:SkyAtmosphere SpatiallyLoaded:0 Bounds:IsValid=true, Min=(X=0.000 Y=0.000 Z=1020.000), Max=(X=0.000 Y=0.000 Z=1020.000) RuntimeGrid:None EditorOnly:0 RuntimeOnly:0 HLODRelevant:0 FolderPath:Lighting FolderGuid:0BA5F0A04EADB18E70D5B180D08FA34B
 |   |   |- [+] [ 20]
 |   |   |   |- Guid:B2D147EA4CFA8B69A9AE3AAD84B25FBE BaseClass: NativeClass:/Script/Engine.StaticMeshActor Name:StaticMeshActor_UAID_2CF05D55C5C3AEAC01_1601034477 Label:Plastic_Water_Bottle_Full_BottleCap SpatiallyLoaded:1 Bounds:IsValid=true, Min=(X=2288.651 Y=777.034 Z=210.399), Max=(X=2292.220 Y=780.605 Z=212.414) RuntimeGrid:None EditorOnly:0 RuntimeOnly:0 HLODRelevant:1 FolderPath:Modelos FolderGuid:8A1D634B4ACF00FA9994A9AA24CDB74F
 |   |   |- [+] [ 21]
 |   |   |   |- Guid:C0C56B9644AE3D40CAFF6A878DB29844 BaseClass: NativeClass:/Script/Engine.StaticMeshActor Name:StaticMeshActor_UAID_A4AE111137DC5EFB00_2001720423 Label:SM_SkySphere SpatiallyLoaded:0 Bounds:IsValid=true, Min=(X=-1638400.000 Y=-1638400.000 Z=-1638400.000), Max=(X=1638400.000 Y=1638400.000 Z=1638400.000) RuntimeGrid:None EditorOnly:0 RuntimeOnly:0 HLODRelevant:1 FolderPath:Lighting FolderGuid:0BA5F0A04EADB18E70D5B180D08FA34B
 |   |   |- [+] [ 22]
 |   |   |   |- Guid:6FEFB3BD4EB37B849EF0D4AC80F83855 BaseClass: NativeClass:/Script/Engine.WorldDataLayers Name:WorldDataLayers Label:WorldDataLayers SpatiallyLoaded:0 Bounds:IsValid=true, Min=(X=0.000 Y=0.000 Z=0.000), Max=(X=0.000 Y=0.000 Z=0.000) RuntimeGrid:None EditorOnly:0 RuntimeOnly:0 HLODRelevant:0
 |   |   |- [+] [ 23]
 |   |   |   |- Guid:D08C36B5484F2B007A48D5A468448215 BaseClass: NativeClass:/Script/Engine.StaticMeshActor Name:StaticMeshActor_UAID_2CF05D55C5C3ADAC01_1789639296 Label:TarimaCompleta SpatiallyLoaded:1 Bounds:IsValid=true, Min=(X=1207.615 Y=570.000 Z=-0.000), Max=(X=3173.330 Y=1130.000 Z=100.000) RuntimeGrid:None EditorOnly:0 RuntimeOnly:0 HLODRelevant:1 FolderPath:Modelos FolderGuid:8A1D634B4ACF00FA9994A9AA24CDB74F
 |   |   |- [+] [ 24]
 |   |   |   |- Guid:CE8D82634660FCDB3120E2B8D547C533 BaseClass: NativeClass:/Script/Engine.PostProcessVolume Name:PostProcessVolume_0 Label:PostProcessVolume SpatiallyLoaded:0 Bounds:IsValid=true, Min=(X=323.572 Y=-1705.903 Z=6.250), Max=(X=3573.572 Y=1394.097 Z=993.750) RuntimeGrid:None EditorOnly:0 RuntimeOnly:0 HLODRelevant:0 FolderPath:Lighting FolderGuid:0BA5F0A04EADB18E70D5B180D08FA34B
 |   |   |- [+] [ 25]
 |   |   |   |- Guid:FD35D2144BC5DA23CC1526B4BF94B08C BaseClass: NativeClass:/Script/Engine.SpotLight Name:SpotLight_UAID_2CF05D55C5C3B7AC01_1775529100 Label:SpotLight3 SpatiallyLoaded:1 Bounds:IsValid=true, Min=(X=1311.040 Y=316.048 Z=13.375), Max=(X=2202.246 Y=1207.254 Z=904.582) RuntimeGrid:None EditorOnly:0 RuntimeOnly:0 HLODRelevant:0 FolderPath:Luces FolderGuid:E7AE34A940FA1042BCE2A0B5F73779B3
 |   |   |- [+] [ 26]
 |   |   |   |- Guid:8413638D4E009CB6752D5C9694A27EE5 BaseClass: NativeClass:/Script/Engine.StaticMeshActor Name:StaticMeshActor_UAID_2CF05D55C5C3B9AC01_1075936362 Label:Curve_Panel_Spot_Light_Curve_Panel_LightHolder SpatiallyLoaded:1 Bounds:IsValid=true, Min=(X=2219.236 Y=928.930 Z=101.502), Max=(X=2219.289 Y=928.983 Z=102.000) RuntimeGrid:None EditorOnly:0 RuntimeOnly:0 HLODRelevant:0
 |- ContainerInstances:
 |- [+] MainContainer:
 |   |-        ID: 0x0000000000000000
 |   |-    Bounds: IsValid=false, Min=(X=0.000 Y=0.000 Z=0.000), Max=(X=0.000 Y=0.000 Z=0.000)
 |   |- Transform: 0.000000,0.000000,0.000000|0.000000,0.000000,-0.000000|1.000000,1.000000,1.000000
 |   |- Container: /Game/FirstPerson/Maps/FirstPersonMap
----------------------------------------------------------------------------------------------------------------
FirstPersonMap - Persistent Level
----------------------------------------------------------------------------------------------------------------
Always loaded Actor Count: 43 

----------------------------------------------------------------------------------------------------------------
FirstPersonMap - Runtime Spatial Hash - Streaming Grid - MainGrid
----------------------------------------------------------------------------------------------------------------
            Origin: X=0.000 Y=0.000 Z=0.000
         Cell Size: 12800
      World Bounds: IsValid=false, Min=(X=0.000 Y=0.000 Z=0.000), Max=(X=0.000 Y=0.000 Z=0.000)
     Loading Range: 25600.00
Block Slow Loading: No
 ClientOnlyVisible: No

[+] Grid Levels: 1
 |- Level  0: Cell Count    0 | Cell Size   12800 | Actor Count    0 (0.0%)

[+] Content of Grid Level 0

