[+] Containers:
 |- [+] Container: /Game/FirstPerson/Maps/FirstPersonMap
 |   |- [+] ActorDescs:
 |   |   |- Guid:012E4860483A6816681E3C960A9405D0 BaseClass: NativeClass:/Script/Engine.StaticMeshActor Name:StaticMeshActor_UAID_2CF05D55C5C351AC01_1837764193 Label:FilaSillas12 SpatiallyLoaded:1 Bounds:IsValid=true, Min=(X=2706.707 Y=-308.161 Z=62.751), Max=(X=3342.738 Y=-84.564 Z=228.480) RuntimeGrid:None EditorOnly:0 RuntimeOnly:0 HLODRelevant:1
 |   |   |- Guid:0EDB289B45CB7E0977A6DBA74201EE76 BaseClass: NativeClass:/Script/Engine.StaticMeshActor Name:StaticMeshActor_10 Label:SM_Cube6 SpatiallyLoaded:1 Bounds:IsValid=true, Min=(X=3530.000 Y=-2180.000 Z=0.000), Max=(X=3630.000 Y=1120.000 Z=400.000) RuntimeGrid:None EditorOnly:0 RuntimeOnly:0 HLODRelevant:1 FolderPath:Playground FolderGuid:6C02BB504B69D1F3D7A624B130C18E5B
 |   |   |- Guid:15A8E87F4C8F0689C5A3D6A2DDD19D70 BaseClass: NativeClass:/Script/Engine.StaticMeshActor Name:StaticMeshActor_UAID_2CF05D55C5C351AC01_2014699203 Label:SM_Cube4 SpatiallyLoaded:1 Bounds:IsValid=true, Min=(X=1666.217 Y=47.973 Z=0.000), Max=(X=2716.217 Y=222.973 Z=23.000) RuntimeGrid:None EditorOnly:0 RuntimeOnly:0 HLODRelevant:1
 |   |   |- Guid:18DEF47949E83EC7D4871CA6C1307051 BaseClass: NativeClass:/Script/Engine.StaticMeshActor Name:StaticMeshActor_UAID_2CF05D55C5C351AC01_1853324201 Label:FilaSillas20 SpatiallyLoaded:1 Bounds:IsValid=true, Min=(X=1881.675 Y=-784.239 Z=122.751), Max=(X=2506.922 Y=-667.441 Z=288.480) RuntimeGrid:None EditorOnly:0 RuntimeOnly:0 HLODRelevant:1
 |   |   |- Guid:1FD42CF24A03BA43ECC24AB7EC13CC54 BaseClass: NativeClass:/Script/Engine.StaticMeshActor Name:StaticMeshActor_UAID_2CF05D55C5C351AC01_1324336156 Label:EsquinaWall SpatiallyLoaded:1 Bounds:IsValid=true, Min=(X=476.500 Y=-292.000 Z=0.000), Max=(X=960.500 Y=-49.000 Z=975.000) RuntimeGrid:None EditorOnly:0 RuntimeOnly:0 HLODRelevant:1
 |   |   |- Guid:2128B3754F0971209B0BDB8DB650B372 BaseClass: NativeClass:/Script/Engine.StaticMeshActor Name:StaticMeshActor_UAID_2CF05D55C5C350AC01_2037233976 Label:CreamWall_L2 SpatiallyLoaded:1 Bounds:IsValid=true, Min=(X=447.500 Y=-50.000 Z=0.000), Max=(X=585.000 Y=721.098 Z=975.000) RuntimeGrid:None EditorOnly:0 RuntimeOnly:0 HLODRelevant:1
 |   |   |- Guid:2320C32E44DFB7A94B9E0B9FCC4F9799 BaseClass: NativeClass:/Script/Engine.StaticMeshActor Name:StaticMeshActor_UAID_2CF05D55C5C351AC01_1837761191 Label:FilaSillas10 SpatiallyLoaded:1 Bounds:IsValid=true, Min=(X=1028.844 Y=-308.161 Z=62.751), Max=(X=1664.875 Y=-84.564 Z=228.480) RuntimeGrid:None EditorOnly:0 RuntimeOnly:0 HLODRelevant:1
 |   |   |- Guid:28560AF640AA9104F18D5AB89DC059FC BaseClass: NativeClass:/Script/Engine.StaticMeshActor Name:StaticMeshActor_UAID_2CF05D55C5C350AC01_1756707972 Label:BrownWalls SpatiallyLoaded:1 Bounds:IsValid=true, Min=(X=989.693 Y=-770.001 Z=-25.294), Max=(X=3380.307 Y=484.253 Z=987.901) RuntimeGrid:None EditorOnly:0 RuntimeOnly:0 HLODRelevant:1
 |   |   |- Guid:2EDC082A4291C396F18A539AF1704265 BaseClass: NativeClass:/Script/Engine.StaticMeshActor Name:StaticMeshActor_UAID_2CF05D55C5C350AC01_1737707971 Label:CreamWall_L1 SpatiallyLoaded:1 Bounds:IsValid=true, Min=(X=852.500 Y=-50.000 Z=0.000), Max=(X=990.000 Y=721.098 Z=975.000) RuntimeGrid:None EditorOnly:0 RuntimeOnly:0 HLODRelevant:1
 |   |   |- Guid:33EF11D04EE0FF49742A159147CAB707 BaseClass: NativeClass:/Script/Engine.StaticMeshActor Name:StaticMeshActor_UAID_2CF05D55C5C351AC01_1809029176 Label:FilaSillas7 SpatiallyLoaded:1 Bounds:IsValid=true, Min=(X=1028.844 Y=-151.366 Z=42.751), Max=(X=1664.875 Y=72.230 Z=208.480) RuntimeGrid:None EditorOnly:0 RuntimeOnly:0 HLODRelevant:1
 |   |   |- Guid:346D38C54CA4C865CB5DDFBD09897F64 BaseClass: NativeClass:/Script/Engine.StaticMeshActor Name:StaticMeshActor_UAID_2CF05D55C5C351AC01_1848518197 Label:FilaSillas16 SpatiallyLoaded:1 Bounds:IsValid=true, Min=(X=1028.844 Y=-620.972 Z=102.751), Max=(X=1664.875 Y=-397.375 Z=268.480) RuntimeGrid:None EditorOnly:0 RuntimeOnly:0 HLODRelevant:1
 |   |   |- Guid:36E048FD41FA6D78CB57EC81D5697C40 BaseClass: NativeClass:/Script/Engine.StaticMeshActor Name:StaticMeshActor_UAID_2CF05D55C5C351AC01_1837763192 Label:FilaSillas11 SpatiallyLoaded:1 Bounds:IsValid=true, Min=(X=1881.675 Y=-304.214 Z=62.751), Max=(X=2506.922 Y=-187.416 Z=228.480) RuntimeGrid:None EditorOnly:0 RuntimeOnly:0 HLODRelevant:1
 |   |   |- Guid:3A06D4C642B8237C82C92285DFFD052C BaseClass: NativeClass:/Script/Engine.StaticMeshActor Name:StaticMeshActor_UAID_2CF05D55C5C352AC01_1444610390 Label:SM_Cube12 SpatiallyLoaded:1 Bounds:IsValid=true, Min=(X=791.918 Y=32.205 Z=0.000), Max=(X=1856.354 Y=386.877 Z=23.000) RuntimeGrid:None EditorOnly:0 RuntimeOnly:0 HLODRelevant:1
 |   |   |- Guid:3C503E6B47F41FB8DAC228B430FE0C8D BaseClass: NativeClass:/Script/Engine.StaticMeshActor Name:StaticMeshActor_UAID_2CF05D55C5C352AC01_1226062386 Label:SM_Cube10 SpatiallyLoaded:1 Bounds:IsValid=true, Min=(X=1666.217 Y=-651.043 Z=0.000), Max=(X=2716.217 Y=-476.043 Z=103.000) RuntimeGrid:None EditorOnly:0 RuntimeOnly:0 HLODRelevant:1
 |   |   |- Guid:3F22C75147E3BA3C7C9BA1A34A002FE4 BaseClass: NativeClass:/Script/Engine.StaticMeshActor Name:StaticMeshActor_UAID_2CF05D55C5C351AC01_1770831172 Label:FilaSillas4 SpatiallyLoaded:1 Bounds:IsValid=true, Min=(X=2706.707 Y=194.186 Z=-0.249), Max=(X=3342.738 Y=417.782 Z=165.480) RuntimeGrid:None EditorOnly:0 RuntimeOnly:0 HLODRelevant:1
 |   |   |- Guid:4529FA5A43D4872D52C6038B189B478C BaseClass: NativeClass:/Script/Engine.StaticMeshActor Name:StaticMeshActor_UAID_2CF05D55C5C351AC01_1845120195 Label:FilaSillas14 SpatiallyLoaded:1 Bounds:IsValid=true, Min=(X=1881.675 Y=-458.798 Z=82.751), Max=(X=2506.922 Y=-342.000 Z=248.480) RuntimeGrid:None EditorOnly:0 RuntimeOnly:0 HLODRelevant:1
 |   |   |- Guid:46AB53C244E514DBC3B5E1A155EDC48B BaseClass: NativeClass:/Script/Engine.StaticMeshActor Name:StaticMeshActor_UAID_2CF05D55C5C351AC01_1805572173 Label:FilaSillas3 SpatiallyLoaded:1 Bounds:IsValid=true, Min=(X=1028.844 Y=14.658 Z=22.751), Max=(X=1664.875 Y=238.255 Z=188.480) RuntimeGrid:None EditorOnly:0 RuntimeOnly:0 HLODRelevant:1
 |   |   |- Guid:484BCEB0477F562FD24E499BD477C714 BaseClass: NativeClass:/Script/Engine.StaticMeshActor Name:StaticMeshActor_UAID_2CF05D55C5C352AC01_1444617394 Label:SM_Cube16 SpatiallyLoaded:1 Bounds:IsValid=true, Min=(X=670.535 Y=-656.192 Z=0.000), Max=(X=1734.971 Y=-301.520 Z=103.000) RuntimeGrid:None EditorOnly:0 RuntimeOnly:0 HLODRelevant:1
 |   |   |- Guid:50AA47194868149D6BD9C3A38A48EA57 BaseClass: NativeClass:/Script/Engine.StaticMeshActor Name:StaticMeshActor_UAID_2CF05D55C5C351AC01_1687674169 Label:FilaSillas SpatiallyLoaded:1 Bounds:IsValid=true, Min=(X=1028.844 Y=194.186 Z=-0.249), Max=(X=1664.875 Y=417.782 Z=165.480) RuntimeGrid:None EditorOnly:0 RuntimeOnly:0 HLODRelevant:1
 |   |   |- Guid:55A6510E4FE0ED5E80CA2998072E0AF0 BaseClass: NativeClass:/Script/Engine.StaticMeshActor Name:StaticMeshActor_UAID_2CF05D55C5C351AC01_1853325202 Label:FilaSillas21 SpatiallyLoaded:1 Bounds:IsValid=true, Min=(X=2706.707 Y=-788.186 Z=122.751), Max=(X=3342.738 Y=-564.589 Z=288.480) RuntimeGrid:None EditorOnly:0 RuntimeOnly:0 HLODRelevant:1
 |   |   |- Guid:5C0D2D50469316CE42C19C8103D4E6A5 BaseClass: NativeClass:/Script/Engine.StaticMeshActor Name:StaticMeshActor_UAID_2CF05D55C5C352AC01_1444616393 Label:SM_Cube15 SpatiallyLoaded:1 Bounds:IsValid=true, Min=(X=700.923 Y=-483.849 Z=0.000), Max=(X=1765.360 Y=-129.177 Z=83.000) RuntimeGrid:None EditorOnly:0 RuntimeOnly:0 HLODRelevant:1
 |   |   |- Guid:5FE7584649BB6F09265329A6C57CFD0D BaseClass: NativeClass:/Script/Engine.VolumetricCloud Name:VolumetricCloud_0 Label:VolumetricCloud SpatiallyLoaded:0 Bounds:IsValid=true, Min=(X=0.000 Y=0.000 Z=820.000), Max=(X=0.000 Y=0.000 Z=820.000) RuntimeGrid:None EditorOnly:0 RuntimeOnly:0 HLODRelevant:0 FolderPath:Lighting FolderGuid:0BA5F0A04EADB18E70D5B180D08FA34B
 |   |   |- Guid:61391D344900612A77DFC3BA3E354907 BaseClass: NativeClass:/Script/Engine.ExponentialHeightFog Name:ExponentialHeightFog_0 Label:ExponentialHeightFog SpatiallyLoaded:0 Bounds:IsValid=true, Min=(X=-5600.000 Y=-50.000 Z=-6850.000), Max=(X=-5600.000 Y=-50.000 Z=-6850.000) RuntimeGrid:None EditorOnly:0 RuntimeOnly:0 HLODRelevant:0 FolderPath:Lighting FolderGuid:0BA5F0A04EADB18E70D5B180D08FA34B
 |   |   |- Guid:6FEFB3BD4EB37B849EF0D4AC80F83855 BaseClass: NativeClass:/Script/Engine.WorldDataLayers Name:WorldDataLayers Label:WorldDataLayers SpatiallyLoaded:0 Bounds:IsValid=true, Min=(X=0.000 Y=0.000 Z=0.000), Max=(X=0.000 Y=0.000 Z=0.000) RuntimeGrid:None EditorOnly:0 RuntimeOnly:0 HLODRelevant:0
 |   |   |- Guid:7513E4A446957507AB6E33AF7A3BB8F9 BaseClass: NativeClass:/Script/Engine.StaticMeshActor Name:StaticMeshActor_UAID_2CF05D55C5C351AC01_1845121196 Label:FilaSillas15 SpatiallyLoaded:1 Bounds:IsValid=true, Min=(X=2706.707 Y=-462.745 Z=82.751), Max=(X=3342.738 Y=-239.148 Z=248.480) RuntimeGrid:None EditorOnly:0 RuntimeOnly:0 HLODRelevant:1
 |   |   |- Guid:78CAF7514C7533F30BD2F19A017AAB65 BaseClass: NativeClass:/Script/Engine.StaticMeshActor Name:StaticMeshActor_0 Label:SM_Cube SpatiallyLoaded:1 Bounds:IsValid=true, Min=(X=450.000 Y=-2280.000 Z=-50.000), Max=(X=3600.000 Y=1220.000 Z=0.000) RuntimeGrid:None EditorOnly:0 RuntimeOnly:0 HLODRelevant:1 FolderPath:Playground FolderGuid:6C02BB504B69D1F3D7A624B130C18E5B
 |   |   |- Guid:83813B4E4D3F374CB17FDCA1FF590B1E BaseClass: NativeClass:/Script/Engine.StaticMeshActor Name:StaticMeshActor_UAID_2CF05D55C5C351AC01_1809031178 Label:FilaSillas9 SpatiallyLoaded:1 Bounds:IsValid=true, Min=(X=2706.707 Y=-151.366 Z=42.751), Max=(X=3342.738 Y=72.230 Z=208.480) RuntimeGrid:None EditorOnly:0 RuntimeOnly:0 HLODRelevant:1
 |   |   |- Guid:8559D1384B14F466E8927697A36C1D78 BaseClass: NativeClass:/Script/Engine.StaticMeshActor Name:StaticMeshActor_9 Label:SM_Cube5 SpatiallyLoaded:1 Bounds:IsValid=true, Min=(X=370.000 Y=-2180.000 Z=0.000), Max=(X=470.000 Y=1120.000 Z=400.000) RuntimeGrid:None EditorOnly:0 RuntimeOnly:0 HLODRelevant:1 FolderPath:Playground FolderGuid:6C02BB504B69D1F3D7A624B130C18E5B
 |   |   |- Guid:8D98DEAE4B29903DD33D048E99476499 BaseClass: NativeClass:/Script/Engine.StaticMeshActor Name:StaticMeshActor_UAID_2CF05D55C5C350AC01_1985252974 Label:Tarima SpatiallyLoaded:1 Bounds:IsValid=true, Min=(X=1250.000 Y=570.000 Z=0.000), Max=(X=3130.000 Y=1130.000 Z=100.000) RuntimeGrid:None EditorOnly:0 RuntimeOnly:0 HLODRelevant:1
 |   |   |- Guid:90B7B8D3420C2EABA931D3A6A69DF696 BaseClass: NativeClass:/Script/Engine.StaticMeshActor Name:StaticMeshActor_3 Label:SM_Cube2 SpatiallyLoaded:1 Bounds:IsValid=true, Min=(X=480.000 Y=-2280.000 Z=0.000), Max=(X=3630.000 Y=-2180.000 Z=400.000) RuntimeGrid:None EditorOnly:0 RuntimeOnly:0 HLODRelevant:1 FolderPath:Playground FolderGuid:6C02BB504B69D1F3D7A624B130C18E5B
 |   |   |- Guid:9366527B4FAE5C1052832F8478CA5B62 BaseClass: NativeClass:/Script/Engine.StaticMeshActor Name:StaticMeshActor_UAID_2CF05D55C5C352AC01_1160463384 Label:SM_Cube8 SpatiallyLoaded:1 Bounds:IsValid=true, Min=(X=1666.217 Y=-302.178 Z=0.000), Max=(X=2716.217 Y=-127.178 Z=63.000) RuntimeGrid:None EditorOnly:0 RuntimeOnly:0 HLODRelevant:1
 |   |   |- Guid:943287FE45390F3506621E8170C1DD24 BaseClass: NativeClass:/Script/Engine.StaticMeshActor Name:StaticMeshActor_UAID_2CF05D55C5C352AC01_1098609383 Label:SM_Cube7 SpatiallyLoaded:1 Bounds:IsValid=true, Min=(X=1666.217 Y=-127.407 Z=0.000), Max=(X=2716.217 Y=47.593 Z=43.000) RuntimeGrid:None EditorOnly:0 RuntimeOnly:0 HLODRelevant:1
 |   |   |- Guid:95AFB22746F069DA5EAB21AF2F217E15 BaseClass: NativeClass:/Script/Engine.StaticMeshActor Name:StaticMeshActor_UAID_2CF05D55C5C351AC01_1848520199 Label:FilaSillas18 SpatiallyLoaded:1 Bounds:IsValid=true, Min=(X=2706.707 Y=-620.972 Z=102.751), Max=(X=3342.738 Y=-397.375 Z=268.480) RuntimeGrid:None EditorOnly:0 RuntimeOnly:0 HLODRelevant:1
 |   |   |- Guid:A07C518E4927D36D57C120A8D8C23BC0 BaseClass: NativeClass:/Script/Engine.StaticMeshActor Name:StaticMeshActor_UAID_2CF05D55C5C351AC01_1848519198 Label:FilaSillas17 SpatiallyLoaded:1 Bounds:IsValid=true, Min=(X=1881.675 Y=-617.025 Z=102.751), Max=(X=2506.922 Y=-500.227 Z=268.480) RuntimeGrid:None EditorOnly:0 RuntimeOnly:0 HLODRelevant:1
 |   |   |- Guid:A32DE9374B7CBE8B329931B4E9387F6E BaseClass: NativeClass:/Script/Engine.StaticMeshActor Name:StaticMeshActor_UAID_2CF05D55C5C351AC01_1845118194 Label:FilaSillas13 SpatiallyLoaded:1 Bounds:IsValid=true, Min=(X=1028.844 Y=-462.745 Z=82.751), Max=(X=1664.875 Y=-239.148 Z=248.480) RuntimeGrid:None EditorOnly:0 RuntimeOnly:0 HLODRelevant:1
 |   |   |- Guid:A354B1B24E617A525DC6B48CCDE2417E BaseClass: NativeClass:/Script/Engine.PlayerStart Name:PlayerStart_0 Label:PlayerStart SpatiallyLoaded:0 Bounds:IsValid=true, Min=(X=860.000 Y=810.000 Z=107.694), Max=(X=940.000 Y=890.000 Z=291.694) RuntimeGrid:None EditorOnly:0 RuntimeOnly:0 HLODRelevant:0
 |   |   |- Guid:A662A1524F478ABADC55588468753FEA BaseClass: NativeClass:/Script/Engine.StaticMeshActor Name:StaticMeshActor_UAID_2CF05D55C5C352AC01_1444615392 Label:SM_Cube14 SpatiallyLoaded:1 Bounds:IsValid=true, Min=(X=731.115 Y=-312.626 Z=0.000), Max=(X=1795.551 Y=42.046 Z=63.000) RuntimeGrid:None EditorOnly:0 RuntimeOnly:0 HLODRelevant:1
 |   |   |- Guid:A6B9068F4960A9672ECA5D9F643E5C43 BaseClass: NativeClass:/Script/Engine.StaticMeshActor Name:StaticMeshActor_UAID_2CF05D55C5C351AC01_1805574175 Label:FilaSillas6 SpatiallyLoaded:1 Bounds:IsValid=true, Min=(X=2706.707 Y=14.658 Z=22.751), Max=(X=3342.738 Y=238.255 Z=188.480) RuntimeGrid:None EditorOnly:0 RuntimeOnly:0 HLODRelevant:1
 |   |   |- Guid:AD6D96B94759178CE3157BA71314F5B9 BaseClass: NativeClass:/Script/Engine.StaticMeshActor Name:StaticMeshActor_UAID_2CF05D55C5C352AC01_1444614391 Label:SM_Cube13 SpatiallyLoaded:1 Bounds:IsValid=true, Min=(X=761.463 Y=-140.510 Z=0.000), Max=(X=1825.900 Y=214.162 Z=43.000) RuntimeGrid:None EditorOnly:0 RuntimeOnly:0 HLODRelevant:1
 |   |   |- Guid:C0C56B9644AE3D40CAFF6A878DB29844 BaseClass: NativeClass:/Script/Engine.StaticMeshActor Name:StaticMeshActor_UAID_A4AE111137DC5EFB00_2001720423 Label:SM_SkySphere SpatiallyLoaded:0 Bounds:IsValid=true, Min=(X=-1638400.000 Y=-1638400.000 Z=-1638400.000), Max=(X=1638400.000 Y=1638400.000 Z=1638400.000) RuntimeGrid:None EditorOnly:0 RuntimeOnly:0 HLODRelevant:1 FolderPath:Lighting FolderGuid:0BA5F0A04EADB18E70D5B180D08FA34B
 |   |   |- Guid:C0F071DA47289576D3CBD08172B3338F BaseClass: NativeClass:/Script/Engine.StaticMeshActor Name:StaticMeshActor_UAID_2CF05D55C5C351AC01_1809030177 Label:FilaSillas8 SpatiallyLoaded:1 Bounds:IsValid=true, Min=(X=1881.675 Y=-147.419 Z=42.751), Max=(X=2506.922 Y=-30.621 Z=208.480) RuntimeGrid:None EditorOnly:0 RuntimeOnly:0 HLODRelevant:1
 |   |   |- Guid:C17B44A341EDC156E11214843720F839 BaseClass: NativeClass:/Script/Engine.StaticMeshActor Name:StaticMeshActor_UAID_2CF05D55C5C352AC01_1201038385 Label:SM_Cube9 SpatiallyLoaded:1 Bounds:IsValid=true, Min=(X=1666.217 Y=-476.043 Z=0.000), Max=(X=2716.217 Y=-301.043 Z=83.000) RuntimeGrid:None EditorOnly:0 RuntimeOnly:0 HLODRelevant:1
 |   |   |- Guid:C218DFBE406E74EC8C5BD9B376523D07 BaseClass: NativeClass:/Script/Engine.StaticMeshActor Name:StaticMeshActor_UAID_2CF05D55C5C351AC01_1805574174 Label:FilaSillas5 SpatiallyLoaded:1 Bounds:IsValid=true, Min=(X=1881.675 Y=18.605 Z=22.751), Max=(X=2506.922 Y=135.403 Z=188.480) RuntimeGrid:None EditorOnly:0 RuntimeOnly:0 HLODRelevant:1
 |   |   |- Guid:C22CE07C4B87D685137FDBBC10FC92C6 BaseClass: NativeClass:/Script/Engine.SkyAtmosphere Name:SkyAtmosphere_0 Label:SkyAtmosphere SpatiallyLoaded:0 Bounds:IsValid=true, Min=(X=0.000 Y=0.000 Z=1020.000), Max=(X=0.000 Y=0.000 Z=1020.000) RuntimeGrid:None EditorOnly:0 RuntimeOnly:0 HLODRelevant:0 FolderPath:Lighting FolderGuid:0BA5F0A04EADB18E70D5B180D08FA34B
 |   |   |- Guid:CB12719F471DAD8BD08CA3A27ED13FBF BaseClass: NativeClass:/Script/Engine.StaticMeshActor Name:StaticMeshActor_UAID_2CF05D55C5C352AC01_1444617395 Label:SM_Cube17 SpatiallyLoaded:1 Bounds:IsValid=true, Min=(X=640.313 Y=-827.588 Z=0.000), Max=(X=1704.749 Y=-472.916 Z=123.000) RuntimeGrid:None EditorOnly:0 RuntimeOnly:0 HLODRelevant:1
 |   |   |- Guid:CE8D82634660FCDB3120E2B8D547C533 BaseClass: NativeClass:/Script/Engine.PostProcessVolume Name:PostProcessVolume_0 Label:PostProcessVolume SpatiallyLoaded:0 Bounds:IsValid=true, Min=(X=0.000 Y=0.000 Z=400.000), Max=(X=200.000 Y=200.000 Z=600.000) RuntimeGrid:None EditorOnly:0 RuntimeOnly:0 HLODRelevant:0 FolderPath:Lighting FolderGuid:0BA5F0A04EADB18E70D5B180D08FA34B
 |   |   |- Guid:DA920D9445E47B10B8E2F2BBA3F9A116 BaseClass: NativeClass:/Script/Engine.StaticMeshActor Name:StaticMeshActor_UAID_2CF05D55C5C352AC01_1247204387 Label:SM_Cube11 SpatiallyLoaded:1 Bounds:IsValid=true, Min=(X=1666.217 Y=-825.084 Z=0.000), Max=(X=2716.217 Y=-650.084 Z=123.000) RuntimeGrid:None EditorOnly:0 RuntimeOnly:0 HLODRelevant:1
 |   |   |- Guid:E5320C1B4FD9764CE7B54D8487AEC613 BaseClass: NativeClass:/Script/Engine.SkyLight Name:SkyLight_0 Label:SkyLight SpatiallyLoaded:0 Bounds:IsValid=true, Min=(X=0.000 Y=0.000 Z=690.000), Max=(X=0.000 Y=0.000 Z=690.000) RuntimeGrid:None EditorOnly:0 RuntimeOnly:0 HLODRelevant:0 FolderPath:Lighting FolderGuid:0BA5F0A04EADB18E70D5B180D08FA34B
 |   |   |- Guid:E7C184CA4F77E8BE752A98B158B02741 BaseClass: NativeClass:/Script/Engine.StaticMeshActor Name:StaticMeshActor_UAID_2CF05D55C5C351AC01_1853323200 Label:FilaSillas19 SpatiallyLoaded:1 Bounds:IsValid=true, Min=(X=1028.844 Y=-788.186 Z=122.751), Max=(X=1664.875 Y=-564.589 Z=288.480) RuntimeGrid:None EditorOnly:0 RuntimeOnly:0 HLODRelevant:1
 |   |   |- Guid:E851CA424F1CD6E091D146B6B9E17EBA BaseClass: NativeClass:/Script/Engine.StaticMeshActor Name:StaticMeshActor_UAID_2CF05D55C5C350AC01_2017130975 Label:CreamWall_R SpatiallyLoaded:1 Bounds:IsValid=true, Min=(X=3382.500 Y=-50.000 Z=0.000), Max=(X=3520.000 Y=721.098 Z=975.000) RuntimeGrid:None EditorOnly:0 RuntimeOnly:0 HLODRelevant:1
 |   |   |- Guid:EE66F4454A4A9F99393F559AB739C05E BaseClass:/Game/FirstPerson/Blueprints/BP_Pickup_Rifle.BP_Pickup_Rifle_C NativeClass:/Script/Engine.Actor Name:BP_Rifle_C_1 Label:BP_Pickup_Rifle SpatiallyLoaded:1 Bounds:IsValid=true, Min=(X=2118.000 Y=608.000 Z=134.000), Max=(X=2182.000 Y=697.440 Z=198.000) RuntimeGrid:None EditorOnly:0 RuntimeOnly:0 HLODRelevant:0
 |   |   |- Guid:F07F1AF64C7C7C238EE1B4BF8C122DD8 BaseClass: NativeClass:/Script/Engine.StaticMeshActor Name:StaticMeshActor_4 Label:SM_Cube3 SpatiallyLoaded:1 Bounds:IsValid=true, Min=(X=480.000 Y=1120.000 Z=0.000), Max=(X=3630.000 Y=1220.000 Z=400.000) RuntimeGrid:None EditorOnly:0 RuntimeOnly:0 HLODRelevant:1 FolderPath:Playground FolderGuid:6C02BB504B69D1F3D7A624B130C18E5B
 |   |   |- Guid:F717FAC94543D14D47699980F4280544 BaseClass: NativeClass:/Script/Engine.StaticMeshActor Name:StaticMeshActor_UAID_2CF05D55C5C351AC01_1695715170 Label:FilaSillas2 SpatiallyLoaded:1 Bounds:IsValid=true, Min=(X=1881.675 Y=198.132 Z=-0.249), Max=(X=2506.922 Y=314.930 Z=165.480) RuntimeGrid:None EditorOnly:0 RuntimeOnly:0 HLODRelevant:1
 |   |   |- Guid:F80621C9446867154938FE81375207DA BaseClass: NativeClass:/Script/Engine.DirectionalLight Name:DirectionalLight_1 Label:DirectionalLight SpatiallyLoaded:0 Bounds:IsValid=true, Min=(X=-4398046511104.000 Y=-4398046511104.000 Z=-4398046511104.000), Max=(X=4398046511104.000 Y=4398046511104.000 Z=4398046511104.000) RuntimeGrid:None EditorOnly:0 RuntimeOnly:0 HLODRelevant:0 FolderPath:Lighting FolderGuid:0BA5F0A04EADB18E70D5B180D08FA34B
 |   |- [+] Clusters:
 |   |   |- [+] [  0]
 |   |   |   |- Guid:2320C32E44DFB7A94B9E0B9FCC4F9799 BaseClass: NativeClass:/Script/Engine.StaticMeshActor Name:StaticMeshActor_UAID_2CF05D55C5C351AC01_1837761191 Label:FilaSillas10 SpatiallyLoaded:1 Bounds:IsValid=true, Min=(X=1028.844 Y=-308.161 Z=62.751), Max=(X=1664.875 Y=-84.564 Z=228.480) RuntimeGrid:None EditorOnly:0 RuntimeOnly:0 HLODRelevant:1
 |   |   |- [+] [  1]
 |   |   |   |- Guid:61391D344900612A77DFC3BA3E354907 BaseClass: NativeClass:/Script/Engine.ExponentialHeightFog Name:ExponentialHeightFog_0 Label:ExponentialHeightFog SpatiallyLoaded:0 Bounds:IsValid=true, Min=(X=-5600.000 Y=-50.000 Z=-6850.000), Max=(X=-5600.000 Y=-50.000 Z=-6850.000) RuntimeGrid:None EditorOnly:0 RuntimeOnly:0 HLODRelevant:0 FolderPath:Lighting FolderGuid:0BA5F0A04EADB18E70D5B180D08FA34B
 |   |   |- [+] [  2]
 |   |   |   |- Guid:5FE7584649BB6F09265329A6C57CFD0D BaseClass: NativeClass:/Script/Engine.VolumetricCloud Name:VolumetricCloud_0 Label:VolumetricCloud SpatiallyLoaded:0 Bounds:IsValid=true, Min=(X=0.000 Y=0.000 Z=820.000), Max=(X=0.000 Y=0.000 Z=820.000) RuntimeGrid:None EditorOnly:0 RuntimeOnly:0 HLODRelevant:0 FolderPath:Lighting FolderGuid:0BA5F0A04EADB18E70D5B180D08FA34B
 |   |   |- [+] [  3]
 |   |   |   |- Guid:F80621C9446867154938FE81375207DA BaseClass: NativeClass:/Script/Engine.DirectionalLight Name:DirectionalLight_1 Label:DirectionalLight SpatiallyLoaded:0 Bounds:IsValid=true, Min=(X=-4398046511104.000 Y=-4398046511104.000 Z=-4398046511104.000), Max=(X=4398046511104.000 Y=4398046511104.000 Z=4398046511104.000) RuntimeGrid:None EditorOnly:0 RuntimeOnly:0 HLODRelevant:0 FolderPath:Lighting FolderGuid:0BA5F0A04EADB18E70D5B180D08FA34B
 |   |   |- [+] [  4]
 |   |   |   |- Guid:1FD42CF24A03BA43ECC24AB7EC13CC54 BaseClass: NativeClass:/Script/Engine.StaticMeshActor Name:StaticMeshActor_UAID_2CF05D55C5C351AC01_1324336156 Label:EsquinaWall SpatiallyLoaded:1 Bounds:IsValid=true, Min=(X=476.500 Y=-292.000 Z=0.000), Max=(X=960.500 Y=-49.000 Z=975.000) RuntimeGrid:None EditorOnly:0 RuntimeOnly:0 HLODRelevant:1
 |   |   |- [+] [  5]
 |   |   |   |- Guid:50AA47194868149D6BD9C3A38A48EA57 BaseClass: NativeClass:/Script/Engine.StaticMeshActor Name:StaticMeshActor_UAID_2CF05D55C5C351AC01_1687674169 Label:FilaSillas SpatiallyLoaded:1 Bounds:IsValid=true, Min=(X=1028.844 Y=194.186 Z=-0.249), Max=(X=1664.875 Y=417.782 Z=165.480) RuntimeGrid:None EditorOnly:0 RuntimeOnly:0 HLODRelevant:1
 |   |   |- [+] [  6]
 |   |   |   |- Guid:3F22C75147E3BA3C7C9BA1A34A002FE4 BaseClass: NativeClass:/Script/Engine.StaticMeshActor Name:StaticMeshActor_UAID_2CF05D55C5C351AC01_1770831172 Label:FilaSillas4 SpatiallyLoaded:1 Bounds:IsValid=true, Min=(X=2706.707 Y=194.186 Z=-0.249), Max=(X=3342.738 Y=417.782 Z=165.480) RuntimeGrid:None EditorOnly:0 RuntimeOnly:0 HLODRelevant:1
 |   |   |- [+] [  7]
 |   |   |   |- Guid:C218DFBE406E74EC8C5BD9B376523D07 BaseClass: NativeClass:/Script/Engine.StaticMeshActor Name:StaticMeshActor_UAID_2CF05D55C5C351AC01_1805574174 Label:FilaSillas5 SpatiallyLoaded:1 Bounds:IsValid=true, Min=(X=1881.675 Y=18.605 Z=22.751), Max=(X=2506.922 Y=135.403 Z=188.480) RuntimeGrid:None EditorOnly:0 RuntimeOnly:0 HLODRelevant:1
 |   |   |- [+] [  8]
 |   |   |   |- Guid:A6B9068F4960A9672ECA5D9F643E5C43 BaseClass: NativeClass:/Script/Engine.StaticMeshActor Name:StaticMeshActor_UAID_2CF05D55C5C351AC01_1805574175 Label:FilaSillas6 SpatiallyLoaded:1 Bounds:IsValid=true, Min=(X=2706.707 Y=14.658 Z=22.751), Max=(X=3342.738 Y=238.255 Z=188.480) RuntimeGrid:None EditorOnly:0 RuntimeOnly:0 HLODRelevant:1
 |   |   |- [+] [  9]
 |   |   |   |- Guid:90B7B8D3420C2EABA931D3A6A69DF696 BaseClass: NativeClass:/Script/Engine.StaticMeshActor Name:StaticMeshActor_3 Label:SM_Cube2 SpatiallyLoaded:1 Bounds:IsValid=true, Min=(X=480.000 Y=-2280.000 Z=0.000), Max=(X=3630.000 Y=-2180.000 Z=400.000) RuntimeGrid:None EditorOnly:0 RuntimeOnly:0 HLODRelevant:1 FolderPath:Playground FolderGuid:6C02BB504B69D1F3D7A624B130C18E5B
 |   |   |- [+] [ 10]
 |   |   |   |- Guid:33EF11D04EE0FF49742A159147CAB707 BaseClass: NativeClass:/Script/Engine.StaticMeshActor Name:StaticMeshActor_UAID_2CF05D55C5C351AC01_1809029176 Label:FilaSillas7 SpatiallyLoaded:1 Bounds:IsValid=true, Min=(X=1028.844 Y=-151.366 Z=42.751), Max=(X=1664.875 Y=72.230 Z=208.480) RuntimeGrid:None EditorOnly:0 RuntimeOnly:0 HLODRelevant:1
 |   |   |- [+] [ 11]
 |   |   |   |- Guid:8D98DEAE4B29903DD33D048E99476499 BaseClass: NativeClass:/Script/Engine.StaticMeshActor Name:StaticMeshActor_UAID_2CF05D55C5C350AC01_1985252974 Label:Tarima SpatiallyLoaded:1 Bounds:IsValid=true, Min=(X=1250.000 Y=570.000 Z=0.000), Max=(X=3130.000 Y=1130.000 Z=100.000) RuntimeGrid:None EditorOnly:0 RuntimeOnly:0 HLODRelevant:1
 |   |   |- [+] [ 12]
 |   |   |   |- Guid:E851CA424F1CD6E091D146B6B9E17EBA BaseClass: NativeClass:/Script/Engine.StaticMeshActor Name:StaticMeshActor_UAID_2CF05D55C5C350AC01_2017130975 Label:CreamWall_R SpatiallyLoaded:1 Bounds:IsValid=true, Min=(X=3382.500 Y=-50.000 Z=0.000), Max=(X=3520.000 Y=721.098 Z=975.000) RuntimeGrid:None EditorOnly:0 RuntimeOnly:0 HLODRelevant:1
 |   |   |- [+] [ 13]
 |   |   |   |- Guid:36E048FD41FA6D78CB57EC81D5697C40 BaseClass: NativeClass:/Script/Engine.StaticMeshActor Name:StaticMeshActor_UAID_2CF05D55C5C351AC01_1837763192 Label:FilaSillas11 SpatiallyLoaded:1 Bounds:IsValid=true, Min=(X=1881.675 Y=-304.214 Z=62.751), Max=(X=2506.922 Y=-187.416 Z=228.480) RuntimeGrid:None EditorOnly:0 RuntimeOnly:0 HLODRelevant:1
 |   |   |- [+] [ 14]
 |   |   |   |- Guid:012E4860483A6816681E3C960A9405D0 BaseClass: NativeClass:/Script/Engine.StaticMeshActor Name:StaticMeshActor_UAID_2CF05D55C5C351AC01_1837764193 Label:FilaSillas12 SpatiallyLoaded:1 Bounds:IsValid=true, Min=(X=2706.707 Y=-308.161 Z=62.751), Max=(X=3342.738 Y=-84.564 Z=228.480) RuntimeGrid:None EditorOnly:0 RuntimeOnly:0 HLODRelevant:1
 |   |   |- [+] [ 15]
 |   |   |   |- Guid:A32DE9374B7CBE8B329931B4E9387F6E BaseClass: NativeClass:/Script/Engine.StaticMeshActor Name:StaticMeshActor_UAID_2CF05D55C5C351AC01_1845118194 Label:FilaSillas13 SpatiallyLoaded:1 Bounds:IsValid=true, Min=(X=1028.844 Y=-462.745 Z=82.751), Max=(X=1664.875 Y=-239.148 Z=248.480) RuntimeGrid:None EditorOnly:0 RuntimeOnly:0 HLODRelevant:1
 |   |   |- [+] [ 16]
 |   |   |   |- Guid:EE66F4454A4A9F99393F559AB739C05E BaseClass:/Game/FirstPerson/Blueprints/BP_Pickup_Rifle.BP_Pickup_Rifle_C NativeClass:/Script/Engine.Actor Name:BP_Rifle_C_1 Label:BP_Pickup_Rifle SpatiallyLoaded:1 Bounds:IsValid=true, Min=(X=2118.000 Y=608.000 Z=134.000), Max=(X=2182.000 Y=697.440 Z=198.000) RuntimeGrid:None EditorOnly:0 RuntimeOnly:0 HLODRelevant:0
 |   |   |- [+] [ 17]
 |   |   |   |- Guid:E5320C1B4FD9764CE7B54D8487AEC613 BaseClass: NativeClass:/Script/Engine.SkyLight Name:SkyLight_0 Label:SkyLight SpatiallyLoaded:0 Bounds:IsValid=true, Min=(X=0.000 Y=0.000 Z=690.000), Max=(X=0.000 Y=0.000 Z=690.000) RuntimeGrid:None EditorOnly:0 RuntimeOnly:0 HLODRelevant:0 FolderPath:Lighting FolderGuid:0BA5F0A04EADB18E70D5B180D08FA34B
 |   |   |- [+] [ 18]
 |   |   |   |- Guid:4529FA5A43D4872D52C6038B189B478C BaseClass: NativeClass:/Script/Engine.StaticMeshActor Name:StaticMeshActor_UAID_2CF05D55C5C351AC01_1845120195 Label:FilaSillas14 SpatiallyLoaded:1 Bounds:IsValid=true, Min=(X=1881.675 Y=-458.798 Z=82.751), Max=(X=2506.922 Y=-342.000 Z=248.480) RuntimeGrid:None EditorOnly:0 RuntimeOnly:0 HLODRelevant:1
 |   |   |- [+] [ 19]
 |   |   |   |- Guid:F07F1AF64C7C7C238EE1B4BF8C122DD8 BaseClass: NativeClass:/Script/Engine.StaticMeshActor Name:StaticMeshActor_4 Label:SM_Cube3 SpatiallyLoaded:1 Bounds:IsValid=true, Min=(X=480.000 Y=1120.000 Z=0.000), Max=(X=3630.000 Y=1220.000 Z=400.000) RuntimeGrid:None EditorOnly:0 RuntimeOnly:0 HLODRelevant:1 FolderPath:Playground FolderGuid:6C02BB504B69D1F3D7A624B130C18E5B
 |   |   |- [+] [ 20]
 |   |   |   |- Guid:7513E4A446957507AB6E33AF7A3BB8F9 BaseClass: NativeClass:/Script/Engine.StaticMeshActor Name:StaticMeshActor_UAID_2CF05D55C5C351AC01_1845121196 Label:FilaSillas15 SpatiallyLoaded:1 Bounds:IsValid=true, Min=(X=2706.707 Y=-462.745 Z=82.751), Max=(X=3342.738 Y=-239.148 Z=248.480) RuntimeGrid:None EditorOnly:0 RuntimeOnly:0 HLODRelevant:1
 |   |   |- [+] [ 21]
 |   |   |   |- Guid:346D38C54CA4C865CB5DDFBD09897F64 BaseClass: NativeClass:/Script/Engine.StaticMeshActor Name:StaticMeshActor_UAID_2CF05D55C5C351AC01_1848518197 Label:FilaSillas16 SpatiallyLoaded:1 Bounds:IsValid=true, Min=(X=1028.844 Y=-620.972 Z=102.751), Max=(X=1664.875 Y=-397.375 Z=268.480) RuntimeGrid:None EditorOnly:0 RuntimeOnly:0 HLODRelevant:1
 |   |   |- [+] [ 22]
 |   |   |   |- Guid:78CAF7514C7533F30BD2F19A017AAB65 BaseClass: NativeClass:/Script/Engine.StaticMeshActor Name:StaticMeshActor_0 Label:SM_Cube SpatiallyLoaded:1 Bounds:IsValid=true, Min=(X=450.000 Y=-2280.000 Z=-50.000), Max=(X=3600.000 Y=1220.000 Z=0.000) RuntimeGrid:None EditorOnly:0 RuntimeOnly:0 HLODRelevant:1 FolderPath:Playground FolderGuid:6C02BB504B69D1F3D7A624B130C18E5B
 |   |   |- [+] [ 23]
 |   |   |   |- Guid:A07C518E4927D36D57C120A8D8C23BC0 BaseClass: NativeClass:/Script/Engine.StaticMeshActor Name:StaticMeshActor_UAID_2CF05D55C5C351AC01_1848519198 Label:FilaSillas17 SpatiallyLoaded:1 Bounds:IsValid=true, Min=(X=1881.675 Y=-617.025 Z=102.751), Max=(X=2506.922 Y=-500.227 Z=268.480) RuntimeGrid:None EditorOnly:0 RuntimeOnly:0 HLODRelevant:1
 |   |   |- [+] [ 24]
 |   |   |   |- Guid:95AFB22746F069DA5EAB21AF2F217E15 BaseClass: NativeClass:/Script/Engine.StaticMeshActor Name:StaticMeshActor_UAID_2CF05D55C5C351AC01_1848520199 Label:FilaSillas18 SpatiallyLoaded:1 Bounds:IsValid=true, Min=(X=2706.707 Y=-620.972 Z=102.751), Max=(X=3342.738 Y=-397.375 Z=268.480) RuntimeGrid:None EditorOnly:0 RuntimeOnly:0 HLODRelevant:1
 |   |   |- [+] [ 25]
 |   |   |   |- Guid:A354B1B24E617A525DC6B48CCDE2417E BaseClass: NativeClass:/Script/Engine.PlayerStart Name:PlayerStart_0 Label:PlayerStart SpatiallyLoaded:0 Bounds:IsValid=true, Min=(X=860.000 Y=810.000 Z=107.694), Max=(X=940.000 Y=890.000 Z=291.694) RuntimeGrid:None EditorOnly:0 RuntimeOnly:0 HLODRelevant:0
 |   |   |- [+] [ 26]
 |   |   |   |- Guid:2EDC082A4291C396F18A539AF1704265 BaseClass: NativeClass:/Script/Engine.StaticMeshActor Name:StaticMeshActor_UAID_2CF05D55C5C350AC01_1737707971 Label:CreamWall_L1 SpatiallyLoaded:1 Bounds:IsValid=true, Min=(X=852.500 Y=-50.000 Z=0.000), Max=(X=990.000 Y=721.098 Z=975.000) RuntimeGrid:None EditorOnly:0 RuntimeOnly:0 HLODRelevant:1
 |   |   |- [+] [ 27]
 |   |   |   |- Guid:28560AF640AA9104F18D5AB89DC059FC BaseClass: NativeClass:/Script/Engine.StaticMeshActor Name:StaticMeshActor_UAID_2CF05D55C5C350AC01_1756707972 Label:BrownWalls SpatiallyLoaded:1 Bounds:IsValid=true, Min=(X=989.693 Y=-770.001 Z=-25.294), Max=(X=3380.307 Y=484.253 Z=987.901) RuntimeGrid:None EditorOnly:0 RuntimeOnly:0 HLODRelevant:1
 |   |   |- [+] [ 28]
 |   |   |   |- Guid:83813B4E4D3F374CB17FDCA1FF590B1E BaseClass: NativeClass:/Script/Engine.StaticMeshActor Name:StaticMeshActor_UAID_2CF05D55C5C351AC01_1809031178 Label:FilaSillas9 SpatiallyLoaded:1 Bounds:IsValid=true, Min=(X=2706.707 Y=-151.366 Z=42.751), Max=(X=3342.738 Y=72.230 Z=208.480) RuntimeGrid:None EditorOnly:0 RuntimeOnly:0 HLODRelevant:1
 |   |   |- [+] [ 29]
 |   |   |   |- Guid:C0F071DA47289576D3CBD08172B3338F BaseClass: NativeClass:/Script/Engine.StaticMeshActor Name:StaticMeshActor_UAID_2CF05D55C5C351AC01_1809030177 Label:FilaSillas8 SpatiallyLoaded:1 Bounds:IsValid=true, Min=(X=1881.675 Y=-147.419 Z=42.751), Max=(X=2506.922 Y=-30.621 Z=208.480) RuntimeGrid:None EditorOnly:0 RuntimeOnly:0 HLODRelevant:1
 |   |   |- [+] [ 30]
 |   |   |   |- Guid:0EDB289B45CB7E0977A6DBA74201EE76 BaseClass: NativeClass:/Script/Engine.StaticMeshActor Name:StaticMeshActor_10 Label:SM_Cube6 SpatiallyLoaded:1 Bounds:IsValid=true, Min=(X=3530.000 Y=-2180.000 Z=0.000), Max=(X=3630.000 Y=1120.000 Z=400.000) RuntimeGrid:None EditorOnly:0 RuntimeOnly:0 HLODRelevant:1 FolderPath:Playground FolderGuid:6C02BB504B69D1F3D7A624B130C18E5B
 |   |   |- [+] [ 31]
 |   |   |   |- Guid:F717FAC94543D14D47699980F4280544 BaseClass: NativeClass:/Script/Engine.StaticMeshActor Name:StaticMeshActor_UAID_2CF05D55C5C351AC01_1695715170 Label:FilaSillas2 SpatiallyLoaded:1 Bounds:IsValid=true, Min=(X=1881.675 Y=198.132 Z=-0.249), Max=(X=2506.922 Y=314.930 Z=165.480) RuntimeGrid:None EditorOnly:0 RuntimeOnly:0 HLODRelevant:1
 |   |   |- [+] [ 32]
 |   |   |   |- Guid:C22CE07C4B87D685137FDBBC10FC92C6 BaseClass: NativeClass:/Script/Engine.SkyAtmosphere Name:SkyAtmosphere_0 Label:SkyAtmosphere SpatiallyLoaded:0 Bounds:IsValid=true, Min=(X=0.000 Y=0.000 Z=1020.000), Max=(X=0.000 Y=0.000 Z=1020.000) RuntimeGrid:None EditorOnly:0 RuntimeOnly:0 HLODRelevant:0 FolderPath:Lighting FolderGuid:0BA5F0A04EADB18E70D5B180D08FA34B
 |   |   |- [+] [ 33]
 |   |   |   |- Guid:C0C56B9644AE3D40CAFF6A878DB29844 BaseClass: NativeClass:/Script/Engine.StaticMeshActor Name:StaticMeshActor_UAID_A4AE111137DC5EFB00_2001720423 Label:SM_SkySphere SpatiallyLoaded:0 Bounds:IsValid=true, Min=(X=-1638400.000 Y=-1638400.000 Z=-1638400.000), Max=(X=1638400.000 Y=1638400.000 Z=1638400.000) RuntimeGrid:None EditorOnly:0 RuntimeOnly:0 HLODRelevant:1 FolderPath:Lighting FolderGuid:0BA5F0A04EADB18E70D5B180D08FA34B
 |   |   |- [+] [ 34]
 |   |   |   |- Guid:6FEFB3BD4EB37B849EF0D4AC80F83855 BaseClass: NativeClass:/Script/Engine.WorldDataLayers Name:WorldDataLayers Label:WorldDataLayers SpatiallyLoaded:0 Bounds:IsValid=true, Min=(X=0.000 Y=0.000 Z=0.000), Max=(X=0.000 Y=0.000 Z=0.000) RuntimeGrid:None EditorOnly:0 RuntimeOnly:0 HLODRelevant:0
 |   |   |- [+] [ 35]
 |   |   |   |- Guid:CE8D82634660FCDB3120E2B8D547C533 BaseClass: NativeClass:/Script/Engine.PostProcessVolume Name:PostProcessVolume_0 Label:PostProcessVolume SpatiallyLoaded:0 Bounds:IsValid=true, Min=(X=0.000 Y=0.000 Z=400.000), Max=(X=200.000 Y=200.000 Z=600.000) RuntimeGrid:None EditorOnly:0 RuntimeOnly:0 HLODRelevant:0 FolderPath:Lighting FolderGuid:0BA5F0A04EADB18E70D5B180D08FA34B
 |   |   |- [+] [ 36]
 |   |   |   |- Guid:8559D1384B14F466E8927697A36C1D78 BaseClass: NativeClass:/Script/Engine.StaticMeshActor Name:StaticMeshActor_9 Label:SM_Cube5 SpatiallyLoaded:1 Bounds:IsValid=true, Min=(X=370.000 Y=-2180.000 Z=0.000), Max=(X=470.000 Y=1120.000 Z=400.000) RuntimeGrid:None EditorOnly:0 RuntimeOnly:0 HLODRelevant:1 FolderPath:Playground FolderGuid:6C02BB504B69D1F3D7A624B130C18E5B
 |   |   |- [+] [ 37]
 |   |   |   |- Guid:2128B3754F0971209B0BDB8DB650B372 BaseClass: NativeClass:/Script/Engine.StaticMeshActor Name:StaticMeshActor_UAID_2CF05D55C5C350AC01_2037233976 Label:CreamWall_L2 SpatiallyLoaded:1 Bounds:IsValid=true, Min=(X=447.500 Y=-50.000 Z=0.000), Max=(X=585.000 Y=721.098 Z=975.000) RuntimeGrid:None EditorOnly:0 RuntimeOnly:0 HLODRelevant:1
 |   |   |- [+] [ 38]
 |   |   |   |- Guid:46AB53C244E514DBC3B5E1A155EDC48B BaseClass: NativeClass:/Script/Engine.StaticMeshActor Name:StaticMeshActor_UAID_2CF05D55C5C351AC01_1805572173 Label:FilaSillas3 SpatiallyLoaded:1 Bounds:IsValid=true, Min=(X=1028.844 Y=14.658 Z=22.751), Max=(X=1664.875 Y=238.255 Z=188.480) RuntimeGrid:None EditorOnly:0 RuntimeOnly:0 HLODRelevant:1
 |   |   |- [+] [ 39]
 |   |   |   |- Guid:E7C184CA4F77E8BE752A98B158B02741 BaseClass: NativeClass:/Script/Engine.StaticMeshActor Name:StaticMeshActor_UAID_2CF05D55C5C351AC01_1853323200 Label:FilaSillas19 SpatiallyLoaded:1 Bounds:IsValid=true, Min=(X=1028.844 Y=-788.186 Z=122.751), Max=(X=1664.875 Y=-564.589 Z=288.480) RuntimeGrid:None EditorOnly:0 RuntimeOnly:0 HLODRelevant:1
 |   |   |- [+] [ 40]
 |   |   |   |- Guid:18DEF47949E83EC7D4871CA6C1307051 BaseClass: NativeClass:/Script/Engine.StaticMeshActor Name:StaticMeshActor_UAID_2CF05D55C5C351AC01_1853324201 Label:FilaSillas20 SpatiallyLoaded:1 Bounds:IsValid=true, Min=(X=1881.675 Y=-784.239 Z=122.751), Max=(X=2506.922 Y=-667.441 Z=288.480) RuntimeGrid:None EditorOnly:0 RuntimeOnly:0 HLODRelevant:1
 |   |   |- [+] [ 41]
 |   |   |   |- Guid:55A6510E4FE0ED5E80CA2998072E0AF0 BaseClass: NativeClass:/Script/Engine.StaticMeshActor Name:StaticMeshActor_UAID_2CF05D55C5C351AC01_1853325202 Label:FilaSillas21 SpatiallyLoaded:1 Bounds:IsValid=true, Min=(X=2706.707 Y=-788.186 Z=122.751), Max=(X=3342.738 Y=-564.589 Z=288.480) RuntimeGrid:None EditorOnly:0 RuntimeOnly:0 HLODRelevant:1
 |   |   |- [+] [ 42]
 |   |   |   |- Guid:15A8E87F4C8F0689C5A3D6A2DDD19D70 BaseClass: NativeClass:/Script/Engine.StaticMeshActor Name:StaticMeshActor_UAID_2CF05D55C5C351AC01_2014699203 Label:SM_Cube4 SpatiallyLoaded:1 Bounds:IsValid=true, Min=(X=1666.217 Y=47.973 Z=0.000), Max=(X=2716.217 Y=222.973 Z=23.000) RuntimeGrid:None EditorOnly:0 RuntimeOnly:0 HLODRelevant:1
 |   |   |- [+] [ 43]
 |   |   |   |- Guid:943287FE45390F3506621E8170C1DD24 BaseClass: NativeClass:/Script/Engine.StaticMeshActor Name:StaticMeshActor_UAID_2CF05D55C5C352AC01_1098609383 Label:SM_Cube7 SpatiallyLoaded:1 Bounds:IsValid=true, Min=(X=1666.217 Y=-127.407 Z=0.000), Max=(X=2716.217 Y=47.593 Z=43.000) RuntimeGrid:None EditorOnly:0 RuntimeOnly:0 HLODRelevant:1
 |   |   |- [+] [ 44]
 |   |   |   |- Guid:9366527B4FAE5C1052832F8478CA5B62 BaseClass: NativeClass:/Script/Engine.StaticMeshActor Name:StaticMeshActor_UAID_2CF05D55C5C352AC01_1160463384 Label:SM_Cube8 SpatiallyLoaded:1 Bounds:IsValid=true, Min=(X=1666.217 Y=-302.178 Z=0.000), Max=(X=2716.217 Y=-127.178 Z=63.000) RuntimeGrid:None EditorOnly:0 RuntimeOnly:0 HLODRelevant:1
 |   |   |- [+] [ 45]
 |   |   |   |- Guid:C17B44A341EDC156E11214843720F839 BaseClass: NativeClass:/Script/Engine.StaticMeshActor Name:StaticMeshActor_UAID_2CF05D55C5C352AC01_1201038385 Label:SM_Cube9 SpatiallyLoaded:1 Bounds:IsValid=true, Min=(X=1666.217 Y=-476.043 Z=0.000), Max=(X=2716.217 Y=-301.043 Z=83.000) RuntimeGrid:None EditorOnly:0 RuntimeOnly:0 HLODRelevant:1
 |   |   |- [+] [ 46]
 |   |   |   |- Guid:3C503E6B47F41FB8DAC228B430FE0C8D BaseClass: NativeClass:/Script/Engine.StaticMeshActor Name:StaticMeshActor_UAID_2CF05D55C5C352AC01_1226062386 Label:SM_Cube10 SpatiallyLoaded:1 Bounds:IsValid=true, Min=(X=1666.217 Y=-651.043 Z=0.000), Max=(X=2716.217 Y=-476.043 Z=103.000) RuntimeGrid:None EditorOnly:0 RuntimeOnly:0 HLODRelevant:1
 |   |   |- [+] [ 47]
 |   |   |   |- Guid:DA920D9445E47B10B8E2F2BBA3F9A116 BaseClass: NativeClass:/Script/Engine.StaticMeshActor Name:StaticMeshActor_UAID_2CF05D55C5C352AC01_1247204387 Label:SM_Cube11 SpatiallyLoaded:1 Bounds:IsValid=true, Min=(X=1666.217 Y=-825.084 Z=0.000), Max=(X=2716.217 Y=-650.084 Z=123.000) RuntimeGrid:None EditorOnly:0 RuntimeOnly:0 HLODRelevant:1
 |   |   |- [+] [ 48]
 |   |   |   |- Guid:3A06D4C642B8237C82C92285DFFD052C BaseClass: NativeClass:/Script/Engine.StaticMeshActor Name:StaticMeshActor_UAID_2CF05D55C5C352AC01_1444610390 Label:SM_Cube12 SpatiallyLoaded:1 Bounds:IsValid=true, Min=(X=791.918 Y=32.205 Z=0.000), Max=(X=1856.354 Y=386.877 Z=23.000) RuntimeGrid:None EditorOnly:0 RuntimeOnly:0 HLODRelevant:1
 |   |   |- [+] [ 49]
 |   |   |   |- Guid:AD6D96B94759178CE3157BA71314F5B9 BaseClass: NativeClass:/Script/Engine.StaticMeshActor Name:StaticMeshActor_UAID_2CF05D55C5C352AC01_1444614391 Label:SM_Cube13 SpatiallyLoaded:1 Bounds:IsValid=true, Min=(X=761.463 Y=-140.510 Z=0.000), Max=(X=1825.900 Y=214.162 Z=43.000) RuntimeGrid:None EditorOnly:0 RuntimeOnly:0 HLODRelevant:1
 |   |   |- [+] [ 50]
 |   |   |   |- Guid:A662A1524F478ABADC55588468753FEA BaseClass: NativeClass:/Script/Engine.StaticMeshActor Name:StaticMeshActor_UAID_2CF05D55C5C352AC01_1444615392 Label:SM_Cube14 SpatiallyLoaded:1 Bounds:IsValid=true, Min=(X=731.115 Y=-312.626 Z=0.000), Max=(X=1795.551 Y=42.046 Z=63.000) RuntimeGrid:None EditorOnly:0 RuntimeOnly:0 HLODRelevant:1
 |   |   |- [+] [ 51]
 |   |   |   |- Guid:5C0D2D50469316CE42C19C8103D4E6A5 BaseClass: NativeClass:/Script/Engine.StaticMeshActor Name:StaticMeshActor_UAID_2CF05D55C5C352AC01_1444616393 Label:SM_Cube15 SpatiallyLoaded:1 Bounds:IsValid=true, Min=(X=700.923 Y=-483.849 Z=0.000), Max=(X=1765.360 Y=-129.177 Z=83.000) RuntimeGrid:None EditorOnly:0 RuntimeOnly:0 HLODRelevant:1
 |   |   |- [+] [ 52]
 |   |   |   |- Guid:484BCEB0477F562FD24E499BD477C714 BaseClass: NativeClass:/Script/Engine.StaticMeshActor Name:StaticMeshActor_UAID_2CF05D55C5C352AC01_1444617394 Label:SM_Cube16 SpatiallyLoaded:1 Bounds:IsValid=true, Min=(X=670.535 Y=-656.192 Z=0.000), Max=(X=1734.971 Y=-301.520 Z=103.000) RuntimeGrid:None EditorOnly:0 RuntimeOnly:0 HLODRelevant:1
 |   |   |- [+] [ 53]
 |   |   |   |- Guid:CB12719F471DAD8BD08CA3A27ED13FBF BaseClass: NativeClass:/Script/Engine.StaticMeshActor Name:StaticMeshActor_UAID_2CF05D55C5C352AC01_1444617395 Label:SM_Cube17 SpatiallyLoaded:1 Bounds:IsValid=true, Min=(X=640.313 Y=-827.588 Z=0.000), Max=(X=1704.749 Y=-472.916 Z=123.000) RuntimeGrid:None EditorOnly:0 RuntimeOnly:0 HLODRelevant:1
 |- ContainerInstances:
 |- [+] MainContainer:
 |   |-        ID: 0x0000000000000000
 |   |-    Bounds: IsValid=false, Min=(X=0.000 Y=0.000 Z=0.000), Max=(X=0.000 Y=0.000 Z=0.000)
 |   |- Transform: 0.000000,0.000000,0.000000|0.000000,0.000000,-0.000000|1.000000,1.000000,1.000000
 |   |- Container: /Game/FirstPerson/Maps/FirstPersonMap
----------------------------------------------------------------------------------------------------------------
FirstPersonMap - Persistent Level
----------------------------------------------------------------------------------------------------------------
Always loaded Actor Count: 66 

----------------------------------------------------------------------------------------------------------------
FirstPersonMap - Runtime Spatial Hash - Streaming Grid - MainGrid
----------------------------------------------------------------------------------------------------------------
            Origin: X=0.000 Y=0.000 Z=0.000
         Cell Size: 12800
      World Bounds: IsValid=false, Min=(X=0.000 Y=0.000 Z=0.000), Max=(X=0.000 Y=0.000 Z=0.000)
     Loading Range: 25600.00
Block Slow Loading: No
 ClientOnlyVisible: No

[+] Grid Levels: 1
 |- Level  0: Cell Count    0 | Cell Size   12800 | Actor Count    0 (0.0%)

[+] Content of Grid Level 0

