[+] Containers:
 |- [+] Container: /Game/FirstPerson/Maps/FirstPersonMap
 |   |- [+] ActorDescs:
 |   |   |- Guid:081096F9410F5D493E7811A6FE9A022D BaseClass: NativeClass:/Script/Engine.StaticMeshActor Name:StaticMeshActor_UAID_2CF05D55C5C34DAC01_1970551384 Label:vjtadajdw_LOD0_Aset_building_combined_L_vjtadajdw_02_LOD15 SpatiallyLoaded:1 Bounds:IsValid=true, Min=(X=447.500 Y=500.000 Z=0.000), Max=(X=585.000 Y=611.098 Z=975.000) RuntimeGrid:None EditorOnly:0 RuntimeOnly:0 HLODRelevant:1
 |   |   |- Guid:0EDB289B45CB7E0977A6DBA74201EE76 BaseClass: NativeClass:/Script/Engine.StaticMeshActor Name:StaticMeshActor_10 Label:SM_Cube6 SpatiallyLoaded:1 Bounds:IsValid=true, Min=(X=3530.000 Y=-2180.000 Z=0.000), Max=(X=3630.000 Y=1120.000 Z=400.000) RuntimeGrid:None EditorOnly:0 RuntimeOnly:0 HLODRelevant:1 FolderPath:Playground FolderGuid:6C02BB504B69D1F3D7A624B130C18E5B
 |   |   |- Guid:18D8A14045F500A2CD2099AAD6074742 BaseClass: NativeClass:/Script/Engine.StaticMeshActor Name:StaticMeshActor_UAID_2CF05D55C5C34FAC01_1643934767 Label:SM_Cube4 SpatiallyLoaded:1 Bounds:IsValid=true, Min=(X=1350.000 Y=570.000 Z=0.000), Max=(X=1630.000 Y=850.000 Z=100.000) RuntimeGrid:None EditorOnly:0 RuntimeOnly:0 HLODRelevant:1
 |   |   |- Guid:1F3A404E43715F7D99B7649FD5A9E918 BaseClass: NativeClass:/Script/Engine.StaticMeshActor Name:StaticMeshActor_UAID_2CF05D55C5C34DAC01_1944076381 Label:vjtadajdw_LOD0_Aset_building_combined_L_vjtadajdw_01_LOD1 SpatiallyLoaded:1 Bounds:IsValid=true, Min=(X=473.000 Y=-290.000 Z=0.000), Max=(X=720.500 Y=-42.500 Z=975.000) RuntimeGrid:None EditorOnly:0 RuntimeOnly:0 HLODRelevant:1
 |   |   |- Guid:216AF3E44136DEA24B3EE6AD43A99B90 BaseClass: NativeClass:/Script/Engine.StaticMeshActor Name:StaticMeshActor_UAID_2CF05D55C5C34DAC01_1970555389 Label:vjtadajdw_LOD0_Aset_building_combined_L_vjtadajdw_02_LOD20 SpatiallyLoaded:1 Bounds:IsValid=true, Min=(X=447.500 Y=-50.000 Z=0.000), Max=(X=585.000 Y=61.098 Z=975.000) RuntimeGrid:None EditorOnly:0 RuntimeOnly:0 HLODRelevant:1
 |   |   |- Guid:28560AF640AA9104F18D5AB89DC059FC BaseClass: NativeClass:/Script/Engine.StaticMeshActor Name:StaticMeshActor_UAID_2CF05D55C5C350AC01_1756707972 Label:BrownWalls SpatiallyLoaded:1 Bounds:IsValid=true, Min=(X=989.693 Y=-770.001 Z=-25.294), Max=(X=3380.307 Y=484.253 Z=987.901) RuntimeGrid:None EditorOnly:0 RuntimeOnly:0 HLODRelevant:1
 |   |   |- Guid:2EDC082A4291C396F18A539AF1704265 BaseClass: NativeClass:/Script/Engine.StaticMeshActor Name:StaticMeshActor_UAID_2CF05D55C5C350AC01_1737707971 Label:CreamWall SpatiallyLoaded:1 Bounds:IsValid=true, Min=(X=852.500 Y=-50.000 Z=0.000), Max=(X=990.000 Y=721.098 Z=975.000) RuntimeGrid:None EditorOnly:0 RuntimeOnly:0 HLODRelevant:1
 |   |   |- Guid:31C4F9CB45EA5761BCBE3EBDD7FE00C9 BaseClass: NativeClass:/Script/Engine.StaticMeshActor Name:StaticMeshActor_UAID_2CF05D55C5C34FAC01_2070798785 Label:SM_Cube17 SpatiallyLoaded:1 Bounds:IsValid=true, Min=(X=2750.000 Y=570.000 Z=0.000), Max=(X=3030.000 Y=850.000 Z=100.000) RuntimeGrid:None EditorOnly:0 RuntimeOnly:0 HLODRelevant:1
 |   |   |- Guid:475535B345744FEBF660088804270FFC BaseClass: NativeClass:/Script/Engine.StaticMeshActor Name:StaticMeshActor_UAID_2CF05D55C5C34DAC01_1750041375 Label:vjtadajdw_LOD0_Aset_building_combined_L_vjtadajdw_02_LOD9 SpatiallyLoaded:1 Bounds:IsValid=true, Min=(X=3382.500 Y=390.000 Z=0.000), Max=(X=3520.000 Y=501.098 Z=975.000) RuntimeGrid:None EditorOnly:0 RuntimeOnly:0 HLODRelevant:1
 |   |   |- Guid:4CE3273C48DE8BE13BE5088E624FEE2F BaseClass: NativeClass:/Script/Engine.StaticMeshActor Name:StaticMeshActor_UAID_2CF05D55C5C34FAC01_2062330782 Label:SM_Cube14 SpatiallyLoaded:1 Bounds:IsValid=true, Min=(X=2190.000 Y=850.000 Z=0.000), Max=(X=2470.000 Y=1130.000 Z=100.000) RuntimeGrid:None EditorOnly:0 RuntimeOnly:0 HLODRelevant:1
 |   |   |- Guid:4CE7AA5840849FE8ED6AE0B7A57110E5 BaseClass: NativeClass:/Script/Engine.StaticMeshActor Name:StaticMeshActor_UAID_2CF05D55C5C34FAC01_2056576777 Label:SM_Cube9 SpatiallyLoaded:1 Bounds:IsValid=true, Min=(X=1630.000 Y=570.000 Z=0.000), Max=(X=1910.000 Y=850.000 Z=100.000) RuntimeGrid:None EditorOnly:0 RuntimeOnly:0 HLODRelevant:1
 |   |   |- Guid:4E13E7854B6353C0A2D2C498F26596C4 BaseClass: NativeClass:/Script/Engine.StaticMeshActor Name:StaticMeshActor_UAID_2CF05D55C5C34DAC01_1750042376 Label:vjtadajdw_LOD0_Aset_building_combined_L_vjtadajdw_02_LOD10 SpatiallyLoaded:1 Bounds:IsValid=true, Min=(X=3382.500 Y=280.000 Z=0.000), Max=(X=3520.000 Y=391.098 Z=975.000) RuntimeGrid:None EditorOnly:0 RuntimeOnly:0 HLODRelevant:1
 |   |   |- Guid:53BDA7C64553EEE6675D3C9EDC363790 BaseClass: NativeClass:/Script/Engine.StaticMeshActor Name:StaticMeshActor_UAID_2CF05D55C5C34FAC01_2087469789 Label:SM_QuarterCylinder3 SpatiallyLoaded:1 Bounds:IsValid=true, Min=(X=3030.000 Y=1020.000 Z=0.000), Max=(X=3130.000 Y=1120.000 Z=100.000) RuntimeGrid:None EditorOnly:0 RuntimeOnly:0 HLODRelevant:1
 |   |   |- Guid:553FEDE44AEE4AB10D89738810B05164 BaseClass: NativeClass:/Script/Engine.StaticMeshActor Name:StaticMeshActor_UAID_2CF05D55C5C34DAC01_1970553387 Label:vjtadajdw_LOD0_Aset_building_combined_L_vjtadajdw_02_LOD18 SpatiallyLoaded:1 Bounds:IsValid=true, Min=(X=447.500 Y=170.000 Z=0.000), Max=(X=585.000 Y=281.098 Z=975.000) RuntimeGrid:None EditorOnly:0 RuntimeOnly:0 HLODRelevant:1
 |   |   |- Guid:55D57B4548B144AD9FEFA1AE5007BF2B BaseClass: NativeClass:/Script/Engine.StaticMeshActor Name:StaticMeshActor_UAID_2CF05D55C5C34DAC01_1750044379 Label:vjtadajdw_LOD0_Aset_building_combined_L_vjtadajdw_02_LOD13 SpatiallyLoaded:1 Bounds:IsValid=true, Min=(X=3382.500 Y=-50.000 Z=0.000), Max=(X=3520.000 Y=61.098 Z=975.000) RuntimeGrid:None EditorOnly:0 RuntimeOnly:0 HLODRelevant:1
 |   |   |- Guid:5FE7584649BB6F09265329A6C57CFD0D BaseClass: NativeClass:/Script/Engine.VolumetricCloud Name:VolumetricCloud_0 Label:VolumetricCloud SpatiallyLoaded:0 Bounds:IsValid=true, Min=(X=0.000 Y=0.000 Z=820.000), Max=(X=0.000 Y=0.000 Z=820.000) RuntimeGrid:None EditorOnly:0 RuntimeOnly:0 HLODRelevant:0 FolderPath:Lighting FolderGuid:0BA5F0A04EADB18E70D5B180D08FA34B
 |   |   |- Guid:61391D344900612A77DFC3BA3E354907 BaseClass: NativeClass:/Script/Engine.ExponentialHeightFog Name:ExponentialHeightFog_0 Label:ExponentialHeightFog SpatiallyLoaded:0 Bounds:IsValid=true, Min=(X=-5600.000 Y=-50.000 Z=-6850.000), Max=(X=-5600.000 Y=-50.000 Z=-6850.000) RuntimeGrid:None EditorOnly:0 RuntimeOnly:0 HLODRelevant:0 FolderPath:Lighting FolderGuid:0BA5F0A04EADB18E70D5B180D08FA34B
 |   |   |- Guid:6149AD844FD3AF6DBA6B699B108A485C BaseClass: NativeClass:/Script/Engine.StaticMeshActor Name:StaticMeshActor_UAID_2CF05D55C5C34FAC01_1903171770 Label:SM_Cube7 SpatiallyLoaded:1 Bounds:IsValid=true, Min=(X=1250.000 Y=670.000 Z=0.000), Max=(X=1350.000 Y=1020.000 Z=100.000) RuntimeGrid:None EditorOnly:0 RuntimeOnly:0 HLODRelevant:1
 |   |   |- Guid:62AF93DC42C46C77F580D4BC6A680AFC BaseClass: NativeClass:/Script/Engine.StaticMeshActor Name:StaticMeshActor_UAID_2CF05D55C5C34FAC01_2068515783 Label:SM_Cube15 SpatiallyLoaded:1 Bounds:IsValid=true, Min=(X=2470.000 Y=570.000 Z=0.000), Max=(X=2750.000 Y=850.000 Z=100.000) RuntimeGrid:None EditorOnly:0 RuntimeOnly:0 HLODRelevant:1
 |   |   |- Guid:69CC82754E9BC77FA9D9DE83EEEED05A BaseClass: NativeClass:/Script/Engine.StaticMeshActor Name:StaticMeshActor_UAID_2CF05D55C5C34DAC01_1843139380 Label:vjtadajdw_LOD0_Aset_building_combined_L_vjtadajdw_01_LOD0 SpatiallyLoaded:1 Bounds:IsValid=true, Min=(X=715.500 Y=-290.000 Z=0.000), Max=(X=963.000 Y=-42.500 Z=975.000) RuntimeGrid:None EditorOnly:0 RuntimeOnly:0 HLODRelevant:1
 |   |   |- Guid:6FEFB3BD4EB37B849EF0D4AC80F83855 BaseClass: NativeClass:/Script/Engine.WorldDataLayers Name:WorldDataLayers Label:WorldDataLayers SpatiallyLoaded:0 Bounds:IsValid=true, Min=(X=0.000 Y=0.000 Z=0.000), Max=(X=0.000 Y=0.000 Z=0.000) RuntimeGrid:None EditorOnly:0 RuntimeOnly:0 HLODRelevant:0
 |   |   |- Guid:727116C343EC512F3BBDDB9BCD7C811A BaseClass: NativeClass:/Script/Engine.StaticMeshActor Name:StaticMeshActor_UAID_2CF05D55C5C34CAC01_1325128171 Label:ulxqdc1dw_LOD0_Aset_building__M_ulxqdc1dw_01_LOD0 SpatiallyLoaded:1 Bounds:IsValid=true, Min=(X=3334.044 Y=-780.000 Z=-9.190), Max=(X=3373.371 Y=-579.999 Z=359.237) RuntimeGrid:None EditorOnly:0 RuntimeOnly:0 HLODRelevant:1
 |   |   |- Guid:78CAF7514C7533F30BD2F19A017AAB65 BaseClass: NativeClass:/Script/Engine.StaticMeshActor Name:StaticMeshActor_0 Label:SM_Cube SpatiallyLoaded:1 Bounds:IsValid=true, Min=(X=450.000 Y=-2280.000 Z=-50.000), Max=(X=3600.000 Y=1220.000 Z=0.000) RuntimeGrid:None EditorOnly:0 RuntimeOnly:0 HLODRelevant:1 FolderPath:Playground FolderGuid:6C02BB504B69D1F3D7A624B130C18E5B
 |   |   |- Guid:7EE973994B5EADEF4F9C1386919C8B1A BaseClass: NativeClass:/Script/Engine.StaticMeshActor Name:StaticMeshActor_UAID_2CF05D55C5C34FAC01_2087471790 Label:SM_QuarterCylinder4 SpatiallyLoaded:1 Bounds:IsValid=true, Min=(X=3030.000 Y=570.000 Z=0.000), Max=(X=3130.000 Y=670.000 Z=100.000) RuntimeGrid:None EditorOnly:0 RuntimeOnly:0 HLODRelevant:1
 |   |   |- Guid:8559D1384B14F466E8927697A36C1D78 BaseClass: NativeClass:/Script/Engine.StaticMeshActor Name:StaticMeshActor_9 Label:SM_Cube5 SpatiallyLoaded:1 Bounds:IsValid=true, Min=(X=370.000 Y=-2180.000 Z=0.000), Max=(X=470.000 Y=1120.000 Z=400.000) RuntimeGrid:None EditorOnly:0 RuntimeOnly:0 HLODRelevant:1 FolderPath:Playground FolderGuid:6C02BB504B69D1F3D7A624B130C18E5B
 |   |   |- Guid:905DC036429A1EAD64A79BA2CADD31A0 BaseClass: NativeClass:/Script/Engine.StaticMeshActor Name:StaticMeshActor_UAID_2CF05D55C5C34FAC01_1648254768 Label:SM_QuarterCylinder SpatiallyLoaded:1 Bounds:IsValid=true, Min=(X=1250.000 Y=570.000 Z=0.000), Max=(X=1350.000 Y=670.000 Z=100.000) RuntimeGrid:None EditorOnly:0 RuntimeOnly:0 HLODRelevant:1
 |   |   |- Guid:90B7B8D3420C2EABA931D3A6A69DF696 BaseClass: NativeClass:/Script/Engine.StaticMeshActor Name:StaticMeshActor_3 Label:SM_Cube2 SpatiallyLoaded:1 Bounds:IsValid=true, Min=(X=480.000 Y=-2280.000 Z=0.000), Max=(X=3630.000 Y=-2180.000 Z=400.000) RuntimeGrid:None EditorOnly:0 RuntimeOnly:0 HLODRelevant:1 FolderPath:Playground FolderGuid:6C02BB504B69D1F3D7A624B130C18E5B
 |   |   |- Guid:9140E5EB49870BFE9D8C1C8EF7478767 BaseClass: NativeClass:/Script/Engine.StaticMeshActor Name:StaticMeshActor_UAID_2CF05D55C5C34FAC01_1886638769 Label:SM_QuarterCylinder2 SpatiallyLoaded:1 Bounds:IsValid=true, Min=(X=1250.000 Y=1020.000 Z=0.000), Max=(X=1350.000 Y=1120.000 Z=100.000) RuntimeGrid:None EditorOnly:0 RuntimeOnly:0 HLODRelevant:1
 |   |   |- Guid:926CE23746221E7ECDDDB4ADE283B284 BaseClass: NativeClass:/Script/Engine.StaticMeshActor Name:StaticMeshActor_UAID_2CF05D55C5C34FAC01_2059852779 Label:SM_Cube11 SpatiallyLoaded:1 Bounds:IsValid=true, Min=(X=1910.000 Y=570.000 Z=0.000), Max=(X=2190.000 Y=850.000 Z=100.000) RuntimeGrid:None EditorOnly:0 RuntimeOnly:0 HLODRelevant:1
 |   |   |- Guid:972EF0894A51E6B526076C874B9BD5E3 BaseClass: NativeClass:/Script/Engine.StaticMeshActor Name:StaticMeshActor_UAID_2CF05D55C5C34FAC01_2062329781 Label:SM_Cube13 SpatiallyLoaded:1 Bounds:IsValid=true, Min=(X=2190.000 Y=570.000 Z=0.000), Max=(X=2470.000 Y=850.000 Z=100.000) RuntimeGrid:None EditorOnly:0 RuntimeOnly:0 HLODRelevant:1
 |   |   |- Guid:A354B1B24E617A525DC6B48CCDE2417E BaseClass: NativeClass:/Script/Engine.PlayerStart Name:PlayerStart_0 Label:PlayerStart SpatiallyLoaded:0 Bounds:IsValid=true, Min=(X=860.000 Y=810.000 Z=0.013), Max=(X=940.000 Y=890.000 Z=184.013) RuntimeGrid:None EditorOnly:0 RuntimeOnly:0 HLODRelevant:0
 |   |   |- Guid:A49561A64BA5163DAA93D09453FB8080 BaseClass: NativeClass:/Script/Engine.StaticMeshActor Name:StaticMeshActor_UAID_2CF05D55C5C350AC01_1795445973 Label:Chair SpatiallyLoaded:1 Bounds:IsValid=true, Min=(X=1572.118 Y=130.838 Z=-0.249), Max=(X=1695.882 Y=247.636 Z=165.480) RuntimeGrid:None EditorOnly:0 RuntimeOnly:0 HLODRelevant:1
 |   |   |- Guid:A6C1419647B2E2A6E8BDDA98318FC6CB BaseClass: NativeClass:/Script/Engine.StaticMeshActor Name:StaticMeshActor_UAID_2CF05D55C5C34DAC01_1750038372 Label:vjtadajdw_LOD0_Aset_building_combined_L_vjtadajdw_02_LOD7 SpatiallyLoaded:1 Bounds:IsValid=true, Min=(X=3382.500 Y=610.000 Z=0.000), Max=(X=3520.000 Y=721.098 Z=975.000) RuntimeGrid:None EditorOnly:0 RuntimeOnly:0 HLODRelevant:1
 |   |   |- Guid:A7F43D6F4552CD321E7129A90625D92C BaseClass: NativeClass:/Script/Engine.StaticMeshActor Name:StaticMeshActor_UAID_2CF05D55C5C34DAC01_1970549382 Label:vjtadajdw_LOD0_Aset_building_combined_L_vjtadajdw_02_LOD14 SpatiallyLoaded:1 Bounds:IsValid=true, Min=(X=447.500 Y=610.000 Z=0.000), Max=(X=585.000 Y=721.098 Z=975.000) RuntimeGrid:None EditorOnly:0 RuntimeOnly:0 HLODRelevant:1
 |   |   |- Guid:A87E0AE24485967CC37CF4B2DC0156AF BaseClass: NativeClass:/Script/Engine.StaticMeshActor Name:StaticMeshActor_UAID_2CF05D55C5C34FAC01_2068517784 Label:SM_Cube16 SpatiallyLoaded:1 Bounds:IsValid=true, Min=(X=2470.000 Y=850.000 Z=0.000), Max=(X=2750.000 Y=1130.000 Z=100.000) RuntimeGrid:None EditorOnly:0 RuntimeOnly:0 HLODRelevant:1
 |   |   |- Guid:A9EB0B0642ED6F5A06EED8BA917B3A1E BaseClass: NativeClass:/Script/Engine.StaticMeshActor Name:StaticMeshActor_UAID_2CF05D55C5C34CAC01_1322300170 Label:ulxqdc1dw_LOD0_Aset_building__M_ulxqdc1dw_00_LOD0 SpatiallyLoaded:1 Bounds:IsValid=true, Min=(X=3333.202 Y=-580.018 Z=-9.198), Max=(X=3374.245 Y=-321.181 Z=359.234) RuntimeGrid:None EditorOnly:0 RuntimeOnly:0 HLODRelevant:1
 |   |   |- Guid:B038ED0B425F78E80A688498D19101CD BaseClass: NativeClass:/Script/Engine.StaticMeshActor Name:StaticMeshActor_UAID_2CF05D55C5C34DAC01_1970552385 Label:vjtadajdw_LOD0_Aset_building_combined_L_vjtadajdw_02_LOD16 SpatiallyLoaded:1 Bounds:IsValid=true, Min=(X=447.500 Y=390.000 Z=0.000), Max=(X=585.000 Y=501.098 Z=975.000) RuntimeGrid:None EditorOnly:0 RuntimeOnly:0 HLODRelevant:1
 |   |   |- Guid:B2E6546C43716F1084C5EDAF3B35DC10 BaseClass: NativeClass:/Script/Engine.StaticMeshActor Name:StaticMeshActor_UAID_2CF05D55C5C34DAC01_1970554388 Label:vjtadajdw_LOD0_Aset_building_combined_L_vjtadajdw_02_LOD19 SpatiallyLoaded:1 Bounds:IsValid=true, Min=(X=447.500 Y=60.000 Z=0.000), Max=(X=585.000 Y=171.098 Z=975.000) RuntimeGrid:None EditorOnly:0 RuntimeOnly:0 HLODRelevant:1
 |   |   |- Guid:B9A0A30A4E98B79E83C889A7B4821FCB BaseClass: NativeClass:/Script/Engine.StaticMeshActor Name:StaticMeshActor_UAID_2CF05D55C5C34DAC01_1970553386 Label:vjtadajdw_LOD0_Aset_building_combined_L_vjtadajdw_02_LOD17 SpatiallyLoaded:1 Bounds:IsValid=true, Min=(X=447.500 Y=280.000 Z=0.000), Max=(X=585.000 Y=391.098 Z=975.000) RuntimeGrid:None EditorOnly:0 RuntimeOnly:0 HLODRelevant:1
 |   |   |- Guid:B9E72C214ED14AF2EEFA238377650F60 BaseClass: NativeClass:/Script/Engine.StaticMeshActor Name:StaticMeshActor_UAID_2CF05D55C5C34FAC01_2087472791 Label:SM_Cube19 SpatiallyLoaded:1 Bounds:IsValid=true, Min=(X=3030.000 Y=670.000 Z=0.000), Max=(X=3130.000 Y=1020.000 Z=100.000) RuntimeGrid:None EditorOnly:0 RuntimeOnly:0 HLODRelevant:1
 |   |   |- Guid:C0C56B9644AE3D40CAFF6A878DB29844 BaseClass: NativeClass:/Script/Engine.StaticMeshActor Name:StaticMeshActor_UAID_A4AE111137DC5EFB00_2001720423 Label:SM_SkySphere SpatiallyLoaded:0 Bounds:IsValid=true, Min=(X=-1638400.000 Y=-1638400.000 Z=-1638400.000), Max=(X=1638400.000 Y=1638400.000 Z=1638400.000) RuntimeGrid:None EditorOnly:0 RuntimeOnly:0 HLODRelevant:1 FolderPath:Lighting FolderGuid:0BA5F0A04EADB18E70D5B180D08FA34B
 |   |   |- Guid:C22CE07C4B87D685137FDBBC10FC92C6 BaseClass: NativeClass:/Script/Engine.SkyAtmosphere Name:SkyAtmosphere_0 Label:SkyAtmosphere SpatiallyLoaded:0 Bounds:IsValid=true, Min=(X=0.000 Y=0.000 Z=1020.000), Max=(X=0.000 Y=0.000 Z=1020.000) RuntimeGrid:None EditorOnly:0 RuntimeOnly:0 HLODRelevant:0 FolderPath:Lighting FolderGuid:0BA5F0A04EADB18E70D5B180D08FA34B
 |   |   |- Guid:C295BF7F45A3CDDCBCAC558A7FE4D2B1 BaseClass: NativeClass:/Script/Engine.StaticMeshActor Name:StaticMeshActor_UAID_2CF05D55C5C34DAC01_1750040374 Label:vjtadajdw_LOD0_Aset_building_combined_L_vjtadajdw_02_LOD8 SpatiallyLoaded:1 Bounds:IsValid=true, Min=(X=3382.500 Y=500.000 Z=0.000), Max=(X=3520.000 Y=611.098 Z=975.000) RuntimeGrid:None EditorOnly:0 RuntimeOnly:0 HLODRelevant:1
 |   |   |- Guid:C76B7F6F44A5CC07ACDEF0AF4C15834C BaseClass: NativeClass:/Script/Engine.StaticMeshActor Name:StaticMeshActor_UAID_2CF05D55C5C34FAC01_2059854780 Label:SM_Cube12 SpatiallyLoaded:1 Bounds:IsValid=true, Min=(X=1910.000 Y=850.000 Z=0.000), Max=(X=2190.000 Y=1130.000 Z=100.000) RuntimeGrid:None EditorOnly:0 RuntimeOnly:0 HLODRelevant:1
 |   |   |- Guid:CE21F3494C3DD290E630EC961CEB3224 BaseClass: NativeClass:/Script/Engine.StaticMeshActor Name:StaticMeshActor_UAID_2CF05D55C5C34FAC01_2056577778 Label:SM_Cube10 SpatiallyLoaded:1 Bounds:IsValid=true, Min=(X=1630.000 Y=850.000 Z=0.000), Max=(X=1910.000 Y=1130.000 Z=100.000) RuntimeGrid:None EditorOnly:0 RuntimeOnly:0 HLODRelevant:1
 |   |   |- Guid:CE8D82634660FCDB3120E2B8D547C533 BaseClass: NativeClass:/Script/Engine.PostProcessVolume Name:PostProcessVolume_0 Label:PostProcessVolume SpatiallyLoaded:0 Bounds:IsValid=true, Min=(X=0.000 Y=0.000 Z=400.000), Max=(X=200.000 Y=200.000 Z=600.000) RuntimeGrid:None EditorOnly:0 RuntimeOnly:0 HLODRelevant:0 FolderPath:Lighting FolderGuid:0BA5F0A04EADB18E70D5B180D08FA34B
 |   |   |- Guid:E5320C1B4FD9764CE7B54D8487AEC613 BaseClass: NativeClass:/Script/Engine.SkyLight Name:SkyLight_0 Label:SkyLight SpatiallyLoaded:0 Bounds:IsValid=true, Min=(X=0.000 Y=0.000 Z=690.000), Max=(X=0.000 Y=0.000 Z=690.000) RuntimeGrid:None EditorOnly:0 RuntimeOnly:0 HLODRelevant:0 FolderPath:Lighting FolderGuid:0BA5F0A04EADB18E70D5B180D08FA34B
 |   |   |- Guid:E62115AB47933855C9CB41B971D2BC96 BaseClass: NativeClass:/Script/Engine.StaticMeshActor Name:StaticMeshActor_UAID_2CF05D55C5C34FAC01_2032132776 Label:SM_Cube8 SpatiallyLoaded:1 Bounds:IsValid=true, Min=(X=1350.000 Y=850.000 Z=0.000), Max=(X=1630.000 Y=1130.000 Z=100.000) RuntimeGrid:None EditorOnly:0 RuntimeOnly:0 HLODRelevant:1
 |   |   |- Guid:EE0ECB124EB5BA22567581BC2AA73EFC BaseClass: NativeClass:/Script/Engine.StaticMeshActor Name:StaticMeshActor_UAID_2CF05D55C5C34FAC01_2070799786 Label:SM_Cube18 SpatiallyLoaded:1 Bounds:IsValid=true, Min=(X=2750.000 Y=850.000 Z=0.000), Max=(X=3030.000 Y=1130.000 Z=100.000) RuntimeGrid:None EditorOnly:0 RuntimeOnly:0 HLODRelevant:1
 |   |   |- Guid:EE66F4454A4A9F99393F559AB739C05E BaseClass:/Game/FirstPerson/Blueprints/BP_Pickup_Rifle.BP_Pickup_Rifle_C NativeClass:/Script/Engine.Actor Name:BP_Rifle_C_1 Label:BP_Pickup_Rifle SpatiallyLoaded:1 Bounds:IsValid=true, Min=(X=2118.000 Y=608.000 Z=134.000), Max=(X=2182.000 Y=697.440 Z=198.000) RuntimeGrid:None EditorOnly:0 RuntimeOnly:0 HLODRelevant:0
 |   |   |- Guid:F07F1AF64C7C7C238EE1B4BF8C122DD8 BaseClass: NativeClass:/Script/Engine.StaticMeshActor Name:StaticMeshActor_4 Label:SM_Cube3 SpatiallyLoaded:1 Bounds:IsValid=true, Min=(X=480.000 Y=1120.000 Z=0.000), Max=(X=3630.000 Y=1220.000 Z=400.000) RuntimeGrid:None EditorOnly:0 RuntimeOnly:0 HLODRelevant:1 FolderPath:Playground FolderGuid:6C02BB504B69D1F3D7A624B130C18E5B
 |   |   |- Guid:F80621C9446867154938FE81375207DA BaseClass: NativeClass:/Script/Engine.DirectionalLight Name:DirectionalLight_1 Label:DirectionalLight SpatiallyLoaded:0 Bounds:IsValid=true, Min=(X=-1048576.000 Y=-1048576.000 Z=-1048576.000), Max=(X=1048576.000 Y=1048576.000 Z=1048576.000) RuntimeGrid:None EditorOnly:0 RuntimeOnly:0 HLODRelevant:0 FolderPath:Lighting FolderGuid:0BA5F0A04EADB18E70D5B180D08FA34B
 |   |   |- Guid:F8D29C0F429801D9C470F2B5C55211DE BaseClass: NativeClass:/Script/Engine.StaticMeshActor Name:StaticMeshActor_UAID_2CF05D55C5C34DAC01_1750042377 Label:vjtadajdw_LOD0_Aset_building_combined_L_vjtadajdw_02_LOD11 SpatiallyLoaded:1 Bounds:IsValid=true, Min=(X=3382.500 Y=170.000 Z=0.000), Max=(X=3520.000 Y=281.098 Z=975.000) RuntimeGrid:None EditorOnly:0 RuntimeOnly:0 HLODRelevant:1
 |   |   |- Guid:FB8E512047EF36579D5A819302409CD4 BaseClass: NativeClass:/Script/Engine.StaticMeshActor Name:StaticMeshActor_UAID_2CF05D55C5C34DAC01_1750043378 Label:vjtadajdw_LOD0_Aset_building_combined_L_vjtadajdw_02_LOD12 SpatiallyLoaded:1 Bounds:IsValid=true, Min=(X=3382.500 Y=60.000 Z=0.000), Max=(X=3520.000 Y=171.098 Z=975.000) RuntimeGrid:None EditorOnly:0 RuntimeOnly:0 HLODRelevant:1
 |   |- [+] Clusters:
 |   |   |- [+] [  0]
 |   |   |   |- Guid:216AF3E44136DEA24B3EE6AD43A99B90 BaseClass: NativeClass:/Script/Engine.StaticMeshActor Name:StaticMeshActor_UAID_2CF05D55C5C34DAC01_1970555389 Label:vjtadajdw_LOD0_Aset_building_combined_L_vjtadajdw_02_LOD20 SpatiallyLoaded:1 Bounds:IsValid=true, Min=(X=447.500 Y=-50.000 Z=0.000), Max=(X=585.000 Y=61.098 Z=975.000) RuntimeGrid:None EditorOnly:0 RuntimeOnly:0 HLODRelevant:1
 |   |   |- [+] [  1]
 |   |   |   |- Guid:61391D344900612A77DFC3BA3E354907 BaseClass: NativeClass:/Script/Engine.ExponentialHeightFog Name:ExponentialHeightFog_0 Label:ExponentialHeightFog SpatiallyLoaded:0 Bounds:IsValid=true, Min=(X=-5600.000 Y=-50.000 Z=-6850.000), Max=(X=-5600.000 Y=-50.000 Z=-6850.000) RuntimeGrid:None EditorOnly:0 RuntimeOnly:0 HLODRelevant:0 FolderPath:Lighting FolderGuid:0BA5F0A04EADB18E70D5B180D08FA34B
 |   |   |- [+] [  2]
 |   |   |   |- Guid:5FE7584649BB6F09265329A6C57CFD0D BaseClass: NativeClass:/Script/Engine.VolumetricCloud Name:VolumetricCloud_0 Label:VolumetricCloud SpatiallyLoaded:0 Bounds:IsValid=true, Min=(X=0.000 Y=0.000 Z=820.000), Max=(X=0.000 Y=0.000 Z=820.000) RuntimeGrid:None EditorOnly:0 RuntimeOnly:0 HLODRelevant:0 FolderPath:Lighting FolderGuid:0BA5F0A04EADB18E70D5B180D08FA34B
 |   |   |- [+] [  3]
 |   |   |   |- Guid:B2E6546C43716F1084C5EDAF3B35DC10 BaseClass: NativeClass:/Script/Engine.StaticMeshActor Name:StaticMeshActor_UAID_2CF05D55C5C34DAC01_1970554388 Label:vjtadajdw_LOD0_Aset_building_combined_L_vjtadajdw_02_LOD19 SpatiallyLoaded:1 Bounds:IsValid=true, Min=(X=447.500 Y=60.000 Z=0.000), Max=(X=585.000 Y=171.098 Z=975.000) RuntimeGrid:None EditorOnly:0 RuntimeOnly:0 HLODRelevant:1
 |   |   |- [+] [  4]
 |   |   |   |- Guid:F80621C9446867154938FE81375207DA BaseClass: NativeClass:/Script/Engine.DirectionalLight Name:DirectionalLight_1 Label:DirectionalLight SpatiallyLoaded:0 Bounds:IsValid=true, Min=(X=-1048576.000 Y=-1048576.000 Z=-1048576.000), Max=(X=1048576.000 Y=1048576.000 Z=1048576.000) RuntimeGrid:None EditorOnly:0 RuntimeOnly:0 HLODRelevant:0 FolderPath:Lighting FolderGuid:0BA5F0A04EADB18E70D5B180D08FA34B
 |   |   |- [+] [  5]
 |   |   |   |- Guid:553FEDE44AEE4AB10D89738810B05164 BaseClass: NativeClass:/Script/Engine.StaticMeshActor Name:StaticMeshActor_UAID_2CF05D55C5C34DAC01_1970553387 Label:vjtadajdw_LOD0_Aset_building_combined_L_vjtadajdw_02_LOD18 SpatiallyLoaded:1 Bounds:IsValid=true, Min=(X=447.500 Y=170.000 Z=0.000), Max=(X=585.000 Y=281.098 Z=975.000) RuntimeGrid:None EditorOnly:0 RuntimeOnly:0 HLODRelevant:1
 |   |   |- [+] [  6]
 |   |   |   |- Guid:B9A0A30A4E98B79E83C889A7B4821FCB BaseClass: NativeClass:/Script/Engine.StaticMeshActor Name:StaticMeshActor_UAID_2CF05D55C5C34DAC01_1970553386 Label:vjtadajdw_LOD0_Aset_building_combined_L_vjtadajdw_02_LOD17 SpatiallyLoaded:1 Bounds:IsValid=true, Min=(X=447.500 Y=280.000 Z=0.000), Max=(X=585.000 Y=391.098 Z=975.000) RuntimeGrid:None EditorOnly:0 RuntimeOnly:0 HLODRelevant:1
 |   |   |- [+] [  7]
 |   |   |   |- Guid:E62115AB47933855C9CB41B971D2BC96 BaseClass: NativeClass:/Script/Engine.StaticMeshActor Name:StaticMeshActor_UAID_2CF05D55C5C34FAC01_2032132776 Label:SM_Cube8 SpatiallyLoaded:1 Bounds:IsValid=true, Min=(X=1350.000 Y=850.000 Z=0.000), Max=(X=1630.000 Y=1130.000 Z=100.000) RuntimeGrid:None EditorOnly:0 RuntimeOnly:0 HLODRelevant:1
 |   |   |- [+] [  8]
 |   |   |   |- Guid:B038ED0B425F78E80A688498D19101CD BaseClass: NativeClass:/Script/Engine.StaticMeshActor Name:StaticMeshActor_UAID_2CF05D55C5C34DAC01_1970552385 Label:vjtadajdw_LOD0_Aset_building_combined_L_vjtadajdw_02_LOD16 SpatiallyLoaded:1 Bounds:IsValid=true, Min=(X=447.500 Y=390.000 Z=0.000), Max=(X=585.000 Y=501.098 Z=975.000) RuntimeGrid:None EditorOnly:0 RuntimeOnly:0 HLODRelevant:1
 |   |   |- [+] [  9]
 |   |   |   |- Guid:081096F9410F5D493E7811A6FE9A022D BaseClass: NativeClass:/Script/Engine.StaticMeshActor Name:StaticMeshActor_UAID_2CF05D55C5C34DAC01_1970551384 Label:vjtadajdw_LOD0_Aset_building_combined_L_vjtadajdw_02_LOD15 SpatiallyLoaded:1 Bounds:IsValid=true, Min=(X=447.500 Y=500.000 Z=0.000), Max=(X=585.000 Y=611.098 Z=975.000) RuntimeGrid:None EditorOnly:0 RuntimeOnly:0 HLODRelevant:1
 |   |   |- [+] [ 10]
 |   |   |   |- Guid:90B7B8D3420C2EABA931D3A6A69DF696 BaseClass: NativeClass:/Script/Engine.StaticMeshActor Name:StaticMeshActor_3 Label:SM_Cube2 SpatiallyLoaded:1 Bounds:IsValid=true, Min=(X=480.000 Y=-2280.000 Z=0.000), Max=(X=3630.000 Y=-2180.000 Z=400.000) RuntimeGrid:None EditorOnly:0 RuntimeOnly:0 HLODRelevant:1 FolderPath:Playground FolderGuid:6C02BB504B69D1F3D7A624B130C18E5B
 |   |   |- [+] [ 11]
 |   |   |   |- Guid:A7F43D6F4552CD321E7129A90625D92C BaseClass: NativeClass:/Script/Engine.StaticMeshActor Name:StaticMeshActor_UAID_2CF05D55C5C34DAC01_1970549382 Label:vjtadajdw_LOD0_Aset_building_combined_L_vjtadajdw_02_LOD14 SpatiallyLoaded:1 Bounds:IsValid=true, Min=(X=447.500 Y=610.000 Z=0.000), Max=(X=585.000 Y=721.098 Z=975.000) RuntimeGrid:None EditorOnly:0 RuntimeOnly:0 HLODRelevant:1
 |   |   |- [+] [ 12]
 |   |   |   |- Guid:1F3A404E43715F7D99B7649FD5A9E918 BaseClass: NativeClass:/Script/Engine.StaticMeshActor Name:StaticMeshActor_UAID_2CF05D55C5C34DAC01_1944076381 Label:vjtadajdw_LOD0_Aset_building_combined_L_vjtadajdw_01_LOD1 SpatiallyLoaded:1 Bounds:IsValid=true, Min=(X=473.000 Y=-290.000 Z=0.000), Max=(X=720.500 Y=-42.500 Z=975.000) RuntimeGrid:None EditorOnly:0 RuntimeOnly:0 HLODRelevant:1
 |   |   |- [+] [ 13]
 |   |   |   |- Guid:69CC82754E9BC77FA9D9DE83EEEED05A BaseClass: NativeClass:/Script/Engine.StaticMeshActor Name:StaticMeshActor_UAID_2CF05D55C5C34DAC01_1843139380 Label:vjtadajdw_LOD0_Aset_building_combined_L_vjtadajdw_01_LOD0 SpatiallyLoaded:1 Bounds:IsValid=true, Min=(X=715.500 Y=-290.000 Z=0.000), Max=(X=963.000 Y=-42.500 Z=975.000) RuntimeGrid:None EditorOnly:0 RuntimeOnly:0 HLODRelevant:1
 |   |   |- [+] [ 14]
 |   |   |   |- Guid:55D57B4548B144AD9FEFA1AE5007BF2B BaseClass: NativeClass:/Script/Engine.StaticMeshActor Name:StaticMeshActor_UAID_2CF05D55C5C34DAC01_1750044379 Label:vjtadajdw_LOD0_Aset_building_combined_L_vjtadajdw_02_LOD13 SpatiallyLoaded:1 Bounds:IsValid=true, Min=(X=3382.500 Y=-50.000 Z=0.000), Max=(X=3520.000 Y=61.098 Z=975.000) RuntimeGrid:None EditorOnly:0 RuntimeOnly:0 HLODRelevant:1
 |   |   |- [+] [ 15]
 |   |   |   |- Guid:FB8E512047EF36579D5A819302409CD4 BaseClass: NativeClass:/Script/Engine.StaticMeshActor Name:StaticMeshActor_UAID_2CF05D55C5C34DAC01_1750043378 Label:vjtadajdw_LOD0_Aset_building_combined_L_vjtadajdw_02_LOD12 SpatiallyLoaded:1 Bounds:IsValid=true, Min=(X=3382.500 Y=60.000 Z=0.000), Max=(X=3520.000 Y=171.098 Z=975.000) RuntimeGrid:None EditorOnly:0 RuntimeOnly:0 HLODRelevant:1
 |   |   |- [+] [ 16]
 |   |   |   |- Guid:F8D29C0F429801D9C470F2B5C55211DE BaseClass: NativeClass:/Script/Engine.StaticMeshActor Name:StaticMeshActor_UAID_2CF05D55C5C34DAC01_1750042377 Label:vjtadajdw_LOD0_Aset_building_combined_L_vjtadajdw_02_LOD11 SpatiallyLoaded:1 Bounds:IsValid=true, Min=(X=3382.500 Y=170.000 Z=0.000), Max=(X=3520.000 Y=281.098 Z=975.000) RuntimeGrid:None EditorOnly:0 RuntimeOnly:0 HLODRelevant:1
 |   |   |- [+] [ 17]
 |   |   |   |- Guid:EE66F4454A4A9F99393F559AB739C05E BaseClass:/Game/FirstPerson/Blueprints/BP_Pickup_Rifle.BP_Pickup_Rifle_C NativeClass:/Script/Engine.Actor Name:BP_Rifle_C_1 Label:BP_Pickup_Rifle SpatiallyLoaded:1 Bounds:IsValid=true, Min=(X=2118.000 Y=608.000 Z=134.000), Max=(X=2182.000 Y=697.440 Z=198.000) RuntimeGrid:None EditorOnly:0 RuntimeOnly:0 HLODRelevant:0
 |   |   |- [+] [ 18]
 |   |   |   |- Guid:18D8A14045F500A2CD2099AAD6074742 BaseClass: NativeClass:/Script/Engine.StaticMeshActor Name:StaticMeshActor_UAID_2CF05D55C5C34FAC01_1643934767 Label:SM_Cube4 SpatiallyLoaded:1 Bounds:IsValid=true, Min=(X=1350.000 Y=570.000 Z=0.000), Max=(X=1630.000 Y=850.000 Z=100.000) RuntimeGrid:None EditorOnly:0 RuntimeOnly:0 HLODRelevant:1
 |   |   |- [+] [ 19]
 |   |   |   |- Guid:E5320C1B4FD9764CE7B54D8487AEC613 BaseClass: NativeClass:/Script/Engine.SkyLight Name:SkyLight_0 Label:SkyLight SpatiallyLoaded:0 Bounds:IsValid=true, Min=(X=0.000 Y=0.000 Z=690.000), Max=(X=0.000 Y=0.000 Z=690.000) RuntimeGrid:None EditorOnly:0 RuntimeOnly:0 HLODRelevant:0 FolderPath:Lighting FolderGuid:0BA5F0A04EADB18E70D5B180D08FA34B
 |   |   |- [+] [ 20]
 |   |   |   |- Guid:4E13E7854B6353C0A2D2C498F26596C4 BaseClass: NativeClass:/Script/Engine.StaticMeshActor Name:StaticMeshActor_UAID_2CF05D55C5C34DAC01_1750042376 Label:vjtadajdw_LOD0_Aset_building_combined_L_vjtadajdw_02_LOD10 SpatiallyLoaded:1 Bounds:IsValid=true, Min=(X=3382.500 Y=280.000 Z=0.000), Max=(X=3520.000 Y=391.098 Z=975.000) RuntimeGrid:None EditorOnly:0 RuntimeOnly:0 HLODRelevant:1
 |   |   |- [+] [ 21]
 |   |   |   |- Guid:F07F1AF64C7C7C238EE1B4BF8C122DD8 BaseClass: NativeClass:/Script/Engine.StaticMeshActor Name:StaticMeshActor_4 Label:SM_Cube3 SpatiallyLoaded:1 Bounds:IsValid=true, Min=(X=480.000 Y=1120.000 Z=0.000), Max=(X=3630.000 Y=1220.000 Z=400.000) RuntimeGrid:None EditorOnly:0 RuntimeOnly:0 HLODRelevant:1 FolderPath:Playground FolderGuid:6C02BB504B69D1F3D7A624B130C18E5B
 |   |   |- [+] [ 22]
 |   |   |   |- Guid:475535B345744FEBF660088804270FFC BaseClass: NativeClass:/Script/Engine.StaticMeshActor Name:StaticMeshActor_UAID_2CF05D55C5C34DAC01_1750041375 Label:vjtadajdw_LOD0_Aset_building_combined_L_vjtadajdw_02_LOD9 SpatiallyLoaded:1 Bounds:IsValid=true, Min=(X=3382.500 Y=390.000 Z=0.000), Max=(X=3520.000 Y=501.098 Z=975.000) RuntimeGrid:None EditorOnly:0 RuntimeOnly:0 HLODRelevant:1
 |   |   |- [+] [ 23]
 |   |   |   |- Guid:926CE23746221E7ECDDDB4ADE283B284 BaseClass: NativeClass:/Script/Engine.StaticMeshActor Name:StaticMeshActor_UAID_2CF05D55C5C34FAC01_2059852779 Label:SM_Cube11 SpatiallyLoaded:1 Bounds:IsValid=true, Min=(X=1910.000 Y=570.000 Z=0.000), Max=(X=2190.000 Y=850.000 Z=100.000) RuntimeGrid:None EditorOnly:0 RuntimeOnly:0 HLODRelevant:1
 |   |   |- [+] [ 24]
 |   |   |   |- Guid:CE21F3494C3DD290E630EC961CEB3224 BaseClass: NativeClass:/Script/Engine.StaticMeshActor Name:StaticMeshActor_UAID_2CF05D55C5C34FAC01_2056577778 Label:SM_Cube10 SpatiallyLoaded:1 Bounds:IsValid=true, Min=(X=1630.000 Y=850.000 Z=0.000), Max=(X=1910.000 Y=1130.000 Z=100.000) RuntimeGrid:None EditorOnly:0 RuntimeOnly:0 HLODRelevant:1
 |   |   |- [+] [ 25]
 |   |   |   |- Guid:C295BF7F45A3CDDCBCAC558A7FE4D2B1 BaseClass: NativeClass:/Script/Engine.StaticMeshActor Name:StaticMeshActor_UAID_2CF05D55C5C34DAC01_1750040374 Label:vjtadajdw_LOD0_Aset_building_combined_L_vjtadajdw_02_LOD8 SpatiallyLoaded:1 Bounds:IsValid=true, Min=(X=3382.500 Y=500.000 Z=0.000), Max=(X=3520.000 Y=611.098 Z=975.000) RuntimeGrid:None EditorOnly:0 RuntimeOnly:0 HLODRelevant:1
 |   |   |- [+] [ 26]
 |   |   |   |- Guid:78CAF7514C7533F30BD2F19A017AAB65 BaseClass: NativeClass:/Script/Engine.StaticMeshActor Name:StaticMeshActor_0 Label:SM_Cube SpatiallyLoaded:1 Bounds:IsValid=true, Min=(X=450.000 Y=-2280.000 Z=-50.000), Max=(X=3600.000 Y=1220.000 Z=0.000) RuntimeGrid:None EditorOnly:0 RuntimeOnly:0 HLODRelevant:1 FolderPath:Playground FolderGuid:6C02BB504B69D1F3D7A624B130C18E5B
 |   |   |- [+] [ 27]
 |   |   |   |- Guid:A6C1419647B2E2A6E8BDDA98318FC6CB BaseClass: NativeClass:/Script/Engine.StaticMeshActor Name:StaticMeshActor_UAID_2CF05D55C5C34DAC01_1750038372 Label:vjtadajdw_LOD0_Aset_building_combined_L_vjtadajdw_02_LOD7 SpatiallyLoaded:1 Bounds:IsValid=true, Min=(X=3382.500 Y=610.000 Z=0.000), Max=(X=3520.000 Y=721.098 Z=975.000) RuntimeGrid:None EditorOnly:0 RuntimeOnly:0 HLODRelevant:1
 |   |   |- [+] [ 28]
 |   |   |   |- Guid:905DC036429A1EAD64A79BA2CADD31A0 BaseClass: NativeClass:/Script/Engine.StaticMeshActor Name:StaticMeshActor_UAID_2CF05D55C5C34FAC01_1648254768 Label:SM_QuarterCylinder SpatiallyLoaded:1 Bounds:IsValid=true, Min=(X=1250.000 Y=570.000 Z=0.000), Max=(X=1350.000 Y=670.000 Z=100.000) RuntimeGrid:None EditorOnly:0 RuntimeOnly:0 HLODRelevant:1
 |   |   |- [+] [ 29]
 |   |   |   |- Guid:A354B1B24E617A525DC6B48CCDE2417E BaseClass: NativeClass:/Script/Engine.PlayerStart Name:PlayerStart_0 Label:PlayerStart SpatiallyLoaded:0 Bounds:IsValid=true, Min=(X=860.000 Y=810.000 Z=0.013), Max=(X=940.000 Y=890.000 Z=184.013) RuntimeGrid:None EditorOnly:0 RuntimeOnly:0 HLODRelevant:0
 |   |   |- [+] [ 30]
 |   |   |   |- Guid:2EDC082A4291C396F18A539AF1704265 BaseClass: NativeClass:/Script/Engine.StaticMeshActor Name:StaticMeshActor_UAID_2CF05D55C5C350AC01_1737707971 Label:CreamWall SpatiallyLoaded:1 Bounds:IsValid=true, Min=(X=852.500 Y=-50.000 Z=0.000), Max=(X=990.000 Y=721.098 Z=975.000) RuntimeGrid:None EditorOnly:0 RuntimeOnly:0 HLODRelevant:1
 |   |   |- [+] [ 31]
 |   |   |   |- Guid:28560AF640AA9104F18D5AB89DC059FC BaseClass: NativeClass:/Script/Engine.StaticMeshActor Name:StaticMeshActor_UAID_2CF05D55C5C350AC01_1756707972 Label:BrownWalls SpatiallyLoaded:1 Bounds:IsValid=true, Min=(X=989.693 Y=-770.001 Z=-25.294), Max=(X=3380.307 Y=484.253 Z=987.901) RuntimeGrid:None EditorOnly:0 RuntimeOnly:0 HLODRelevant:1
 |   |   |- [+] [ 32]
 |   |   |   |- Guid:4CE7AA5840849FE8ED6AE0B7A57110E5 BaseClass: NativeClass:/Script/Engine.StaticMeshActor Name:StaticMeshActor_UAID_2CF05D55C5C34FAC01_2056576777 Label:SM_Cube9 SpatiallyLoaded:1 Bounds:IsValid=true, Min=(X=1630.000 Y=570.000 Z=0.000), Max=(X=1910.000 Y=850.000 Z=100.000) RuntimeGrid:None EditorOnly:0 RuntimeOnly:0 HLODRelevant:1
 |   |   |- [+] [ 33]
 |   |   |   |- Guid:6149AD844FD3AF6DBA6B699B108A485C BaseClass: NativeClass:/Script/Engine.StaticMeshActor Name:StaticMeshActor_UAID_2CF05D55C5C34FAC01_1903171770 Label:SM_Cube7 SpatiallyLoaded:1 Bounds:IsValid=true, Min=(X=1250.000 Y=670.000 Z=0.000), Max=(X=1350.000 Y=1020.000 Z=100.000) RuntimeGrid:None EditorOnly:0 RuntimeOnly:0 HLODRelevant:1
 |   |   |- [+] [ 34]
 |   |   |   |- Guid:9140E5EB49870BFE9D8C1C8EF7478767 BaseClass: NativeClass:/Script/Engine.StaticMeshActor Name:StaticMeshActor_UAID_2CF05D55C5C34FAC01_1886638769 Label:SM_QuarterCylinder2 SpatiallyLoaded:1 Bounds:IsValid=true, Min=(X=1250.000 Y=1020.000 Z=0.000), Max=(X=1350.000 Y=1120.000 Z=100.000) RuntimeGrid:None EditorOnly:0 RuntimeOnly:0 HLODRelevant:1
 |   |   |- [+] [ 35]
 |   |   |   |- Guid:0EDB289B45CB7E0977A6DBA74201EE76 BaseClass: NativeClass:/Script/Engine.StaticMeshActor Name:StaticMeshActor_10 Label:SM_Cube6 SpatiallyLoaded:1 Bounds:IsValid=true, Min=(X=3530.000 Y=-2180.000 Z=0.000), Max=(X=3630.000 Y=1120.000 Z=400.000) RuntimeGrid:None EditorOnly:0 RuntimeOnly:0 HLODRelevant:1 FolderPath:Playground FolderGuid:6C02BB504B69D1F3D7A624B130C18E5B
 |   |   |- [+] [ 36]
 |   |   |   |- Guid:A9EB0B0642ED6F5A06EED8BA917B3A1E BaseClass: NativeClass:/Script/Engine.StaticMeshActor Name:StaticMeshActor_UAID_2CF05D55C5C34CAC01_1322300170 Label:ulxqdc1dw_LOD0_Aset_building__M_ulxqdc1dw_00_LOD0 SpatiallyLoaded:1 Bounds:IsValid=true, Min=(X=3333.202 Y=-580.018 Z=-9.198), Max=(X=3374.245 Y=-321.181 Z=359.234) RuntimeGrid:None EditorOnly:0 RuntimeOnly:0 HLODRelevant:1
 |   |   |- [+] [ 37]
 |   |   |   |- Guid:C22CE07C4B87D685137FDBBC10FC92C6 BaseClass: NativeClass:/Script/Engine.SkyAtmosphere Name:SkyAtmosphere_0 Label:SkyAtmosphere SpatiallyLoaded:0 Bounds:IsValid=true, Min=(X=0.000 Y=0.000 Z=1020.000), Max=(X=0.000 Y=0.000 Z=1020.000) RuntimeGrid:None EditorOnly:0 RuntimeOnly:0 HLODRelevant:0 FolderPath:Lighting FolderGuid:0BA5F0A04EADB18E70D5B180D08FA34B
 |   |   |- [+] [ 38]
 |   |   |   |- Guid:C0C56B9644AE3D40CAFF6A878DB29844 BaseClass: NativeClass:/Script/Engine.StaticMeshActor Name:StaticMeshActor_UAID_A4AE111137DC5EFB00_2001720423 Label:SM_SkySphere SpatiallyLoaded:0 Bounds:IsValid=true, Min=(X=-1638400.000 Y=-1638400.000 Z=-1638400.000), Max=(X=1638400.000 Y=1638400.000 Z=1638400.000) RuntimeGrid:None EditorOnly:0 RuntimeOnly:0 HLODRelevant:1 FolderPath:Lighting FolderGuid:0BA5F0A04EADB18E70D5B180D08FA34B
 |   |   |- [+] [ 39]
 |   |   |   |- Guid:6FEFB3BD4EB37B849EF0D4AC80F83855 BaseClass: NativeClass:/Script/Engine.WorldDataLayers Name:WorldDataLayers Label:WorldDataLayers SpatiallyLoaded:0 Bounds:IsValid=true, Min=(X=0.000 Y=0.000 Z=0.000), Max=(X=0.000 Y=0.000 Z=0.000) RuntimeGrid:None EditorOnly:0 RuntimeOnly:0 HLODRelevant:0
 |   |   |- [+] [ 40]
 |   |   |   |- Guid:CE8D82634660FCDB3120E2B8D547C533 BaseClass: NativeClass:/Script/Engine.PostProcessVolume Name:PostProcessVolume_0 Label:PostProcessVolume SpatiallyLoaded:0 Bounds:IsValid=true, Min=(X=0.000 Y=0.000 Z=400.000), Max=(X=200.000 Y=200.000 Z=600.000) RuntimeGrid:None EditorOnly:0 RuntimeOnly:0 HLODRelevant:0 FolderPath:Lighting FolderGuid:0BA5F0A04EADB18E70D5B180D08FA34B
 |   |   |- [+] [ 41]
 |   |   |   |- Guid:8559D1384B14F466E8927697A36C1D78 BaseClass: NativeClass:/Script/Engine.StaticMeshActor Name:StaticMeshActor_9 Label:SM_Cube5 SpatiallyLoaded:1 Bounds:IsValid=true, Min=(X=370.000 Y=-2180.000 Z=0.000), Max=(X=470.000 Y=1120.000 Z=400.000) RuntimeGrid:None EditorOnly:0 RuntimeOnly:0 HLODRelevant:1 FolderPath:Playground FolderGuid:6C02BB504B69D1F3D7A624B130C18E5B
 |   |   |- [+] [ 42]
 |   |   |   |- Guid:727116C343EC512F3BBDDB9BCD7C811A BaseClass: NativeClass:/Script/Engine.StaticMeshActor Name:StaticMeshActor_UAID_2CF05D55C5C34CAC01_1325128171 Label:ulxqdc1dw_LOD0_Aset_building__M_ulxqdc1dw_01_LOD0 SpatiallyLoaded:1 Bounds:IsValid=true, Min=(X=3334.044 Y=-780.000 Z=-9.190), Max=(X=3373.371 Y=-579.999 Z=359.237) RuntimeGrid:None EditorOnly:0 RuntimeOnly:0 HLODRelevant:1
 |   |   |- [+] [ 43]
 |   |   |   |- Guid:A49561A64BA5163DAA93D09453FB8080 BaseClass: NativeClass:/Script/Engine.StaticMeshActor Name:StaticMeshActor_UAID_2CF05D55C5C350AC01_1795445973 Label:Chair SpatiallyLoaded:1 Bounds:IsValid=true, Min=(X=1572.118 Y=130.838 Z=-0.249), Max=(X=1695.882 Y=247.636 Z=165.480) RuntimeGrid:None EditorOnly:0 RuntimeOnly:0 HLODRelevant:1
 |   |   |- [+] [ 44]
 |   |   |   |- Guid:C76B7F6F44A5CC07ACDEF0AF4C15834C BaseClass: NativeClass:/Script/Engine.StaticMeshActor Name:StaticMeshActor_UAID_2CF05D55C5C34FAC01_2059854780 Label:SM_Cube12 SpatiallyLoaded:1 Bounds:IsValid=true, Min=(X=1910.000 Y=850.000 Z=0.000), Max=(X=2190.000 Y=1130.000 Z=100.000) RuntimeGrid:None EditorOnly:0 RuntimeOnly:0 HLODRelevant:1
 |   |   |- [+] [ 45]
 |   |   |   |- Guid:972EF0894A51E6B526076C874B9BD5E3 BaseClass: NativeClass:/Script/Engine.StaticMeshActor Name:StaticMeshActor_UAID_2CF05D55C5C34FAC01_2062329781 Label:SM_Cube13 SpatiallyLoaded:1 Bounds:IsValid=true, Min=(X=2190.000 Y=570.000 Z=0.000), Max=(X=2470.000 Y=850.000 Z=100.000) RuntimeGrid:None EditorOnly:0 RuntimeOnly:0 HLODRelevant:1
 |   |   |- [+] [ 46]
 |   |   |   |- Guid:4CE3273C48DE8BE13BE5088E624FEE2F BaseClass: NativeClass:/Script/Engine.StaticMeshActor Name:StaticMeshActor_UAID_2CF05D55C5C34FAC01_2062330782 Label:SM_Cube14 SpatiallyLoaded:1 Bounds:IsValid=true, Min=(X=2190.000 Y=850.000 Z=0.000), Max=(X=2470.000 Y=1130.000 Z=100.000) RuntimeGrid:None EditorOnly:0 RuntimeOnly:0 HLODRelevant:1
 |   |   |- [+] [ 47]
 |   |   |   |- Guid:62AF93DC42C46C77F580D4BC6A680AFC BaseClass: NativeClass:/Script/Engine.StaticMeshActor Name:StaticMeshActor_UAID_2CF05D55C5C34FAC01_2068515783 Label:SM_Cube15 SpatiallyLoaded:1 Bounds:IsValid=true, Min=(X=2470.000 Y=570.000 Z=0.000), Max=(X=2750.000 Y=850.000 Z=100.000) RuntimeGrid:None EditorOnly:0 RuntimeOnly:0 HLODRelevant:1
 |   |   |- [+] [ 48]
 |   |   |   |- Guid:A87E0AE24485967CC37CF4B2DC0156AF BaseClass: NativeClass:/Script/Engine.StaticMeshActor Name:StaticMeshActor_UAID_2CF05D55C5C34FAC01_2068517784 Label:SM_Cube16 SpatiallyLoaded:1 Bounds:IsValid=true, Min=(X=2470.000 Y=850.000 Z=0.000), Max=(X=2750.000 Y=1130.000 Z=100.000) RuntimeGrid:None EditorOnly:0 RuntimeOnly:0 HLODRelevant:1
 |   |   |- [+] [ 49]
 |   |   |   |- Guid:31C4F9CB45EA5761BCBE3EBDD7FE00C9 BaseClass: NativeClass:/Script/Engine.StaticMeshActor Name:StaticMeshActor_UAID_2CF05D55C5C34FAC01_2070798785 Label:SM_Cube17 SpatiallyLoaded:1 Bounds:IsValid=true, Min=(X=2750.000 Y=570.000 Z=0.000), Max=(X=3030.000 Y=850.000 Z=100.000) RuntimeGrid:None EditorOnly:0 RuntimeOnly:0 HLODRelevant:1
 |   |   |- [+] [ 50]
 |   |   |   |- Guid:EE0ECB124EB5BA22567581BC2AA73EFC BaseClass: NativeClass:/Script/Engine.StaticMeshActor Name:StaticMeshActor_UAID_2CF05D55C5C34FAC01_2070799786 Label:SM_Cube18 SpatiallyLoaded:1 Bounds:IsValid=true, Min=(X=2750.000 Y=850.000 Z=0.000), Max=(X=3030.000 Y=1130.000 Z=100.000) RuntimeGrid:None EditorOnly:0 RuntimeOnly:0 HLODRelevant:1
 |   |   |- [+] [ 51]
 |   |   |   |- Guid:53BDA7C64553EEE6675D3C9EDC363790 BaseClass: NativeClass:/Script/Engine.StaticMeshActor Name:StaticMeshActor_UAID_2CF05D55C5C34FAC01_2087469789 Label:SM_QuarterCylinder3 SpatiallyLoaded:1 Bounds:IsValid=true, Min=(X=3030.000 Y=1020.000 Z=0.000), Max=(X=3130.000 Y=1120.000 Z=100.000) RuntimeGrid:None EditorOnly:0 RuntimeOnly:0 HLODRelevant:1
 |   |   |- [+] [ 52]
 |   |   |   |- Guid:7EE973994B5EADEF4F9C1386919C8B1A BaseClass: NativeClass:/Script/Engine.StaticMeshActor Name:StaticMeshActor_UAID_2CF05D55C5C34FAC01_2087471790 Label:SM_QuarterCylinder4 SpatiallyLoaded:1 Bounds:IsValid=true, Min=(X=3030.000 Y=570.000 Z=0.000), Max=(X=3130.000 Y=670.000 Z=100.000) RuntimeGrid:None EditorOnly:0 RuntimeOnly:0 HLODRelevant:1
 |   |   |- [+] [ 53]
 |   |   |   |- Guid:B9E72C214ED14AF2EEFA238377650F60 BaseClass: NativeClass:/Script/Engine.StaticMeshActor Name:StaticMeshActor_UAID_2CF05D55C5C34FAC01_2087472791 Label:SM_Cube19 SpatiallyLoaded:1 Bounds:IsValid=true, Min=(X=3030.000 Y=670.000 Z=0.000), Max=(X=3130.000 Y=1020.000 Z=100.000) RuntimeGrid:None EditorOnly:0 RuntimeOnly:0 HLODRelevant:1
 |- ContainerInstances:
 |- [+] MainContainer:
 |   |-        ID: 0x0000000000000000
 |   |-    Bounds: IsValid=false, Min=(X=0.000 Y=0.000 Z=0.000), Max=(X=0.000 Y=0.000 Z=0.000)
 |   |- Transform: 0.000000,0.000000,0.000000|0.000000,0.000000,-0.000000|1.000000,1.000000,1.000000
 |   |- Container: /Game/FirstPerson/Maps/FirstPersonMap
----------------------------------------------------------------------------------------------------------------
FirstPersonMap - Persistent Level
----------------------------------------------------------------------------------------------------------------
Always loaded Actor Count: 68 

----------------------------------------------------------------------------------------------------------------
FirstPersonMap - Runtime Spatial Hash - Streaming Grid - MainGrid
----------------------------------------------------------------------------------------------------------------
            Origin: X=0.000 Y=0.000 Z=0.000
         Cell Size: 12800
      World Bounds: IsValid=false, Min=(X=0.000 Y=0.000 Z=0.000), Max=(X=0.000 Y=0.000 Z=0.000)
     Loading Range: 25600.00
Block Slow Loading: No
 ClientOnlyVisible: No

[+] Grid Levels: 1
 |- Level  0: Cell Count    0 | Cell Size   12800 | Actor Count    0 (0.0%)

[+] Content of Grid Level 0

